   x_TF       y_TF       z_TF      Re(E_x)   Im(E_x)   Re(E_y)   Im(E_y)   Re(E_z)   Im(E_z)
-5.968E-01  0.000E+00  0.000E+00   0.02734  -0.05225  -0.03418  -0.01465********************
-5.945E-01  0.000E+00  0.000E+00   0.02881  -0.05322  -0.03418  -0.01660********************
-5.921E-01  0.000E+00  0.000E+00   0.02734  -0.05322  -0.03320  -0.01758********************
-5.897E-01  0.000E+00  0.000E+00   0.02588  -0.05029  -0.03320  -0.01758********************
-5.873E-01  0.000E+00  0.000E+00   0.02588  -0.05322  -0.03320  -0.01758********************
-5.849E-01  0.000E+00  0.000E+00   0.02734  -0.04736  -0.03369  -0.01758********************
-5.825E-01  0.000E+00  0.000E+00   0.02539  -0.04834  -0.03418  -0.01758********************
-5.802E-01  0.000E+00  0.000E+00   0.02686  -0.05029  -0.03369  -0.01562********************
-5.778E-01  0.000E+00  0.000E+00   0.02734  -0.05078  -0.03369  -0.01562********************
-5.754E-01  0.000E+00  0.000E+00   0.02393  -0.05029  -0.03320  -0.01660********************
-5.730E-01  0.000E+00  0.000E+00   0.02539  -0.05127  -0.03271  -0.01562********************
-5.706E-01  0.000E+00  0.000E+00   0.02588  -0.04980  -0.03174  -0.01562********************
-5.682E-01  0.000E+00  0.000E+00   0.02637  -0.04834  -0.03223  -0.01562********************
-5.659E-01  0.000E+00  0.000E+00   0.02588  -0.05127  -0.03320  -0.01660********************
-5.635E-01  0.000E+00  0.000E+00   0.02686  -0.04980  -0.03223  -0.01562********************
-5.611E-01  0.000E+00  0.000E+00   0.02344  -0.05029  -0.03320  -0.01660-997.21289**********
-5.587E-01  0.000E+00  0.000E+00   0.02686  -0.04932  -0.03174  -0.01660-992.94531**********
-5.563E-01  0.000E+00  0.000E+00   0.02637  -0.04736  -0.03174  -0.01562-988.67578**********
-5.540E-01  0.000E+00  0.000E+00   0.02588  -0.04834  -0.03125  -0.01660-984.40234**********
-5.516E-01  0.000E+00  0.000E+00   0.02539  -0.05029  -0.03076  -0.01562-980.13672**********
-5.492E-01  0.000E+00  0.000E+00   0.02686  -0.04736  -0.03174  -0.01465-975.86719**********
-5.468E-01  0.000E+00  0.000E+00   0.02441  -0.05029  -0.03125  -0.01465-971.59961**********
-5.444E-01  0.000E+00  0.000E+00   0.02588  -0.04785  -0.03174  -0.01562-967.32617**********
-5.420E-01  0.000E+00  0.000E+00   0.02490  -0.04688  -0.03027  -0.01562-963.05859**********
-5.397E-01  0.000E+00  0.000E+00   0.02393  -0.04834  -0.03125  -0.01465-958.78906**********
-5.373E-01  0.000E+00  0.000E+00   0.02441  -0.04785  -0.03125  -0.01562-954.51562**********
-5.349E-01  0.000E+00  0.000E+00   0.02295  -0.04834  -0.03027  -0.01562-950.24805**********
-5.325E-01  0.000E+00  0.000E+00   0.02441  -0.04785  -0.03125  -0.01465-945.98242**********
-5.301E-01  0.000E+00  0.000E+00   0.02295  -0.04785  -0.03076  -0.01465-941.70508**********
-5.277E-01  0.000E+00  0.000E+00   0.02441  -0.04639  -0.03076  -0.01367-937.43945**********
-5.254E-01  0.000E+00  0.000E+00   0.02295  -0.04736  -0.02881  -0.01270-933.16992**********
-5.230E-01  0.000E+00  0.000E+00   0.02539  -0.04541  -0.02979  -0.01367-928.90430**********
-5.206E-01  0.000E+00  0.000E+00   0.02393  -0.04590  -0.03076  -0.01562-924.63281**********
-5.182E-01  0.000E+00  0.000E+00   0.02246  -0.04443  -0.02930  -0.01465-920.36914**********
-5.158E-01  0.000E+00  0.000E+00   0.02490  -0.04590  -0.02979  -0.01367-916.09375**********
-5.134E-01  0.000E+00  0.000E+00   0.02393  -0.04590  -0.02832  -0.01367-911.82812**********
-5.111E-01  0.000E+00  0.000E+00   0.02539  -0.04248  -0.02832  -0.01465-907.55859**********
-5.087E-01  0.000E+00  0.000E+00   0.02393  -0.04541  -0.02881  -0.01562-903.28516**********
-5.063E-01  0.000E+00  0.000E+00   0.02344  -0.04346  -0.02930  -0.01367-899.01758**********
-5.039E-01  0.000E+00  0.000E+00   0.02197  -0.04199  -0.02930  -0.01270-894.75195**********
-5.015E-01  0.000E+00  0.000E+00   0.02441  -0.04150  -0.02783  -0.01270-890.47461**********
-4.992E-01  0.000E+00  0.000E+00   0.02246  -0.04346  -0.02979  -0.01270-886.20703**********
-4.968E-01  0.000E+00  0.000E+00   0.02393  -0.04199  -0.02783  -0.01367-881.93750**********
-4.944E-01  0.000E+00  0.000E+00   0.02148  -0.04150  -0.02881  -0.01465-877.66602**********
-4.920E-01  0.000E+00  0.000E+00   0.02295  -0.04248  -0.02734  -0.01465-873.39648**********
-4.896E-01  0.000E+00  0.000E+00   0.02295  -0.04102  -0.02832  -0.01270-869.13086**********
-4.872E-01  0.000E+00  0.000E+00   0.02246  -0.04053  -0.02734  -0.01270-864.86133**********
-4.849E-01  0.000E+00  0.000E+00   0.02197  -0.04150  -0.02832  -0.01270-860.59961**********
-4.825E-01  0.000E+00  0.000E+00   0.02344  -0.04199  -0.02832  -0.01367-856.32031**********
-4.801E-01  0.000E+00  0.000E+00   0.02100  -0.04150  -0.02783  -0.01367-852.05273**********
-4.777E-01  0.000E+00  0.000E+00   0.02246  -0.04102  -0.02734  -0.01367-847.78711**********
-4.753E-01  0.000E+00  0.000E+00   0.02197  -0.04199  -0.02686  -0.01270-843.51172**********
-4.729E-01  0.000E+00  0.000E+00   0.02148  -0.04150  -0.02686  -0.01367-839.24512**********
-4.706E-01  0.000E+00  0.000E+00   0.01978  -0.04102  -0.02637  -0.01270-834.97852**********
-4.682E-01  0.000E+00  0.000E+00   0.02124  -0.04150  -0.02588  -0.01367-830.70410**********
-4.658E-01  0.000E+00  0.000E+00   0.01978  -0.04102  -0.02783  -0.01367-826.43555**********
-4.634E-01  0.000E+00  0.000E+00   0.02148  -0.04248  -0.02637  -0.01367-822.16113**********
-4.610E-01  0.000E+00  0.000E+00   0.02002  -0.04150  -0.02734  -0.01465-817.89258**********
-4.586E-01  0.000E+00  0.000E+00   0.02075  -0.03906  -0.02686  -0.01367-813.62598**********
-4.563E-01  0.000E+00  0.000E+00   0.02124  -0.04004  -0.02637  -0.01367-809.36523**********
-4.539E-01  0.000E+00  0.000E+00   0.02075  -0.04102  -0.02588  -0.01270-805.08105**********
-4.515E-01  0.000E+00  0.000E+00   0.02002  -0.03857  -0.02588  -0.01172-800.81543**********
-4.491E-01  0.000E+00  0.000E+00   0.02002  -0.03979  -0.02637  -0.01172-796.55566**********
-4.467E-01  0.000E+00  0.000E+00   0.01929  -0.03784  -0.02490  -0.01172-792.27930**********
-4.444E-01  0.000E+00  0.000E+00   0.02075  -0.03638  -0.02490  -0.01367-788.00586**********
-4.420E-01  0.000E+00  0.000E+00   0.02026  -0.03882  -0.02637  -0.01270-783.73633**********
-4.396E-01  0.000E+00  0.000E+00   0.01978  -0.03735  -0.02637  -0.01172-779.47168**********
-4.372E-01  0.000E+00  0.000E+00   0.02075  -0.03760  -0.02441  -0.01270-775.20312**********
-4.348E-01  0.000E+00  0.000E+00   0.02051  -0.03809  -0.02466  -0.01074-770.92871**********
-4.324E-01  0.000E+00  0.000E+00   0.02100  -0.03662  -0.02441  -0.01172-766.66016**********
-4.301E-01  0.000E+00  0.000E+00   0.01978  -0.03687  -0.02490  -0.01221-762.39355**********
-4.277E-01  0.000E+00  0.000E+00   0.01831  -0.03760  -0.02490  -0.01221-758.12012**********
-4.253E-01  0.000E+00  0.000E+00   0.01880  -0.03687  -0.02417  -0.01221-753.85840**********
-4.229E-01  0.000E+00  0.000E+00   0.01953  -0.03687  -0.02417  -0.01172-749.58496**********
-4.205E-01  0.000E+00  0.000E+00   0.02002  -0.03809  -0.02368  -0.01270-745.31641**********
-4.181E-01  0.000E+00  0.000E+00   0.01953  -0.03589  -0.02466  -0.01123-741.04199**********
-4.158E-01  0.000E+00  0.000E+00   0.01904  -0.03638  -0.02393  -0.01172-736.77441**********
-4.134E-01  0.000E+00  0.000E+00   0.01953  -0.03760  -0.02441  -0.01074-732.50684**********
-4.110E-01  0.000E+00  0.000E+00   0.01904  -0.03735  -0.02344  -0.01074-728.23242**********
-4.086E-01  0.000E+00  0.000E+00   0.01758  -0.03564  -0.02271  -0.01123-723.96484**********
-4.062E-01  0.000E+00  0.000E+00   0.01855  -0.03662  -0.02295  -0.01074-719.69824**********
-4.038E-01  0.000E+00  0.000E+00   0.01807  -0.03540  -0.02344  -0.01074-715.42383**********
-4.015E-01  0.000E+00  0.000E+00   0.01855  -0.03467  -0.02295  -0.01025-711.16309**********
-3.991E-01  0.000E+00  0.000E+00   0.01807  -0.03613  -0.02271  -0.01123-706.88965**********
-3.967E-01  0.000E+00  0.000E+00   0.01782  -0.03540  -0.02222  -0.01123-702.62109**********
-3.943E-01  0.000E+00  0.000E+00   0.01733  -0.03564  -0.02197  -0.01172-698.35449**********
-3.919E-01  0.000E+00  0.000E+00   0.01685  -0.03418  -0.02197  -0.01123-694.08691**********
-3.896E-01  0.000E+00  0.000E+00   0.01807  -0.03467  -0.02271  -0.01025-689.81934**********
-3.872E-01  0.000E+00  0.000E+00   0.01758  -0.03320  -0.02295  -0.01123-685.54395**********
-3.848E-01  0.000E+00  0.000E+00   0.01733  -0.03174  -0.02271  -0.01074-681.27734**********
-3.824E-01  0.000E+00  0.000E+00   0.01636  -0.03296  -0.02197  -0.01123-677.00195**********
-3.800E-01  0.000E+00  0.000E+00   0.01733  -0.03320  -0.02173  -0.01074-672.73535**********
-3.776E-01  0.000E+00  0.000E+00   0.01782  -0.03174  -0.02173  -0.01025-668.46777**********
-3.753E-01  0.000E+00  0.000E+00   0.01782  -0.03394  -0.02148  -0.01074-664.19238**********
-3.729E-01  0.000E+00  0.000E+00   0.01709  -0.03076  -0.02124  -0.01123-659.92480**********
-3.705E-01  0.000E+00  0.000E+00   0.01855  -0.03125  -0.02100  -0.01025-655.65625**********
-3.681E-01  0.000E+00  0.000E+00   0.01538  -0.03320  -0.02051  -0.01074-651.38281**********
-3.657E-01  0.000E+00  0.000E+00   0.01733  -0.03149  -0.02124  -0.00879-647.11426**********
-3.633E-01  0.000E+00  0.000E+00   0.01587  -0.03027  -0.02075  -0.00977-642.84766**********
-3.610E-01  0.000E+00  0.000E+00   0.01709  -0.03125  -0.02100  -0.01025-638.57227**********
-3.586E-01  0.000E+00  0.000E+00   0.01709  -0.03101  -0.02051  -0.00977-634.30469**********
-3.562E-01  0.000E+00  0.000E+00   0.01758  -0.02954  -0.02051  -0.00879-630.03809**********
-3.538E-01  0.000E+00  0.000E+00   0.01611  -0.03149  -0.02051  -0.00977-625.77051**********
-3.514E-01  0.000E+00  0.000E+00   0.01660  -0.03101  -0.01978  -0.01025-621.50293**********
-3.491E-01  0.000E+00  0.000E+00   0.01562  -0.02954  -0.02026  -0.01025-617.22852**********
-3.467E-01  0.000E+00  0.000E+00   0.01611  -0.03101  -0.02002  -0.00928-612.95996**********
-3.443E-01  0.000E+00  0.000E+00   0.01660  -0.03125  -0.01953  -0.00977-608.68652**********
-3.419E-01  0.000E+00  0.000E+00   0.01514  -0.02954  -0.01929  -0.01025-604.42188**********
-3.395E-01  0.000E+00  0.000E+00   0.01562  -0.03076  -0.01953  -0.00879-600.15234**********
-3.371E-01  0.000E+00  0.000E+00   0.01538  -0.03027  -0.01978  -0.00977-595.88086**********
-3.348E-01  0.000E+00  0.000E+00   0.01489  -0.02881  -0.01880  -0.00977-591.61328**********
-3.324E-01  0.000E+00  0.000E+00   0.01538  -0.03027  -0.01855  -0.00879-587.34277**********
-3.300E-01  0.000E+00  0.000E+00   0.01587  -0.02783  -0.01904  -0.00977-583.07422**********
-3.276E-01  0.000E+00  0.000E+00   0.01367  -0.02783  -0.01880  -0.00977-578.80371**********
-3.252E-01  0.000E+00  0.000E+00   0.01489  -0.02856  -0.01831  -0.00879-574.53711**********
-3.228E-01  0.000E+00  0.000E+00   0.01489  -0.02832  -0.01831  -0.00928-570.26855**********
-3.205E-01  0.000E+00  0.000E+00   0.01343  -0.02783  -0.01831  -0.00928-565.99902**********
-3.181E-01  0.000E+00  0.000E+00   0.01489  -0.02832  -0.01855  -0.00928-561.72656**********
-3.157E-01  0.000E+00  0.000E+00   0.01440  -0.02783  -0.01807  -0.00879-557.46094**********
-3.133E-01  0.000E+00  0.000E+00   0.01294  -0.02759  -0.01782  -0.00879-553.18945**********
-3.109E-01  0.000E+00  0.000E+00   0.01465  -0.02710  -0.01733  -0.00879-548.92188**********
-3.085E-01  0.000E+00  0.000E+00   0.01392  -0.02808  -0.01807  -0.00879-544.65039**********
-3.062E-01  0.000E+00  0.000E+00   0.01392  -0.02539  -0.01709  -0.00830-540.37891**********
-3.038E-01  0.000E+00  0.000E+00   0.01392  -0.02515  -0.01758  -0.00928-536.11133**********
-3.014E-01  0.000E+00  0.000E+00   0.01343  -0.02808  -0.01709  -0.00830-531.83984**********
-2.990E-01  0.000E+00  0.000E+00   0.01367  -0.02539  -0.01733  -0.00879-527.57227**********
-2.966E-01  0.000E+00  0.000E+00   0.01367  -0.02515  -0.01733  -0.00781-523.29980**********
-2.943E-01  0.000E+00  0.000E+00   0.01367  -0.02588  -0.01660  -0.00830-519.03320**********
-2.919E-01  0.000E+00  0.000E+00   0.01367  -0.02515  -0.01660  -0.00879-514.76270**********
-2.895E-01  0.000E+00  0.000E+00   0.01318  -0.02466  -0.01636  -0.00830-510.49121**********
-2.871E-01  0.000E+00  0.000E+00   0.01318  -0.02563  -0.01562  -0.00732-506.22363**********
-2.847E-01  0.000E+00  0.000E+00   0.01318  -0.02490  -0.01685  -0.00781-501.95215**********
-2.823E-01  0.000E+00  0.000E+00   0.01270  -0.02441  -0.01636  -0.00781-497.68066**********
-2.800E-01  0.000E+00  0.000E+00   0.01270  -0.02612  -0.01611  -0.00830-493.41602**********
-2.776E-01  0.000E+00  0.000E+00   0.01270  -0.02466  -0.01562  -0.00830-489.14746**********
-2.752E-01  0.000E+00  0.000E+00   0.01245  -0.02466  -0.01587  -0.00879-484.87695**********
-2.728E-01  0.000E+00  0.000E+00   0.01196  -0.02393  -0.01489  -0.00781-480.60840**********
-2.704E-01  0.000E+00  0.000E+00   0.01245  -0.02368  -0.01587  -0.00781-476.33789**********
-2.680E-01  0.000E+00  0.000E+00   0.01196  -0.02319  -0.01538  -0.00732-472.06641**********
-2.657E-01  0.000E+00  0.000E+00   0.01123  -0.02295  -0.01562  -0.00781-467.79980**********
-2.633E-01  0.000E+00  0.000E+00   0.01147  -0.02271  -0.01465  -0.00732-463.52832**********
-2.609E-01  0.000E+00  0.000E+00   0.01196  -0.02319  -0.01440  -0.00684-459.26074**********
-2.585E-01  0.000E+00  0.000E+00   0.01196  -0.02246  -0.01440  -0.00684-454.98926**********
-2.561E-01  0.000E+00  0.000E+00   0.01196  -0.02124  -0.01465  -0.00732-450.71875**********
-2.537E-01  0.000E+00  0.000E+00   0.01147  -0.02295  -0.01440  -0.00684-446.45117**********
-2.514E-01  0.000E+00  0.000E+00   0.01172  -0.02271  -0.01465  -0.00684-442.17969**********
-2.490E-01  0.000E+00  0.000E+00   0.01172  -0.02124  -0.01416  -0.00684-437.90918**********
-2.466E-01  0.000E+00  0.000E+00   0.01050  -0.02197  -0.01440  -0.00684-433.64258**********
-2.442E-01  0.000E+00  0.000E+00   0.01147  -0.02197  -0.01343  -0.00732-429.37500**********
-2.418E-01  0.000E+00  0.000E+00   0.00952  -0.02026  -0.01367  -0.00635-425.10449**********
-2.395E-01  0.000E+00  0.000E+00   0.01123  -0.02173  -0.01318  -0.00635-420.83203**********
-2.371E-01  0.000E+00  0.000E+00   0.01025  -0.02075  -0.01343  -0.00635-416.56396**********
-2.347E-01  0.000E+00  0.000E+00   0.01050  -0.02051  -0.01367  -0.00586-412.29297**********
-2.323E-01  0.000E+00  0.000E+00   0.01062  -0.02026  -0.01343  -0.00635-408.025889996.58594
-2.299E-01  0.000E+00  0.000E+00   0.01123  -0.01953  -0.01294  -0.00635-403.754889892.57422
-2.275E-01  0.000E+00  0.000E+00   0.00977  -0.01965  -0.01270  -0.00586-399.488779788.56738
-2.252E-01  0.000E+00  0.000E+00   0.01025  -0.01904  -0.01318  -0.00635-395.217779684.55566
-2.228E-01  0.000E+00  0.000E+00   0.01050  -0.01978  -0.01245  -0.00635-390.946299580.54590
-2.204E-01  0.000E+00  0.000E+00   0.01001  -0.01855  -0.01208  -0.00635-386.678719476.53809
-2.180E-01  0.000E+00  0.000E+00   0.00964  -0.01880  -0.01233  -0.00635-382.407239372.52539
-2.156E-01  0.000E+00  0.000E+00   0.01013  -0.01868  -0.01172  -0.00586-378.139659268.51562
-2.132E-01  0.000E+00  0.000E+00   0.00964  -0.01831  -0.01221  -0.00610-373.869149164.50684
-2.109E-01  0.000E+00  0.000E+00   0.00940  -0.01831  -0.01208  -0.00537-369.602059060.49805
-2.085E-01  0.000E+00  0.000E+00   0.00989  -0.01819  -0.01196  -0.00635-365.330088956.48633
-2.061E-01  0.000E+00  0.000E+00   0.00952  -0.01721  -0.01160  -0.00586-361.058598852.47656
-2.037E-01  0.000E+00  0.000E+00   0.00903  -0.01807  -0.01172  -0.00562-356.791508748.46680
-2.013E-01  0.000E+00  0.000E+00   0.00916  -0.01697  -0.01135  -0.00610-352.520518644.45605
-1.989E-01  0.000E+00  0.000E+00   0.00928  -0.01672  -0.01123  -0.00586-348.253428540.44727
-1.966E-01  0.000E+00  0.000E+00   0.00830  -0.01672  -0.01111  -0.00513-343.981458436.43750
-1.942E-01  0.000E+00  0.000E+00   0.00818  -0.01636  -0.01099  -0.00537-339.714368332.42773
-1.918E-01  0.000E+00  0.000E+00   0.00879  -0.01721  -0.01086  -0.00464-335.443368228.41797
-1.894E-01  0.000E+00  0.000E+00   0.00854  -0.01624  -0.01099  -0.00513-331.171888124.40723
-1.870E-01  0.000E+00  0.000E+00   0.00867  -0.01611  -0.01050  -0.00513-326.904798020.39746
-1.847E-01  0.000E+00  0.000E+00   0.00842  -0.01636  -0.01038  -0.00513-322.633307916.38574
-1.823E-01  0.000E+00  0.000E+00   0.00806  -0.01648  -0.01025  -0.00537-318.366217812.37500
-1.799E-01  0.000E+00  0.000E+00   0.00793  -0.01575  -0.01025  -0.00439-314.096197708.36719
-1.775E-01  0.000E+00  0.000E+00   0.00842  -0.01611  -0.01013  -0.00488-309.824717604.35596
-1.751E-01  0.000E+00  0.000E+00   0.00781  -0.01575  -0.01001  -0.00513-305.557137500.34668
-1.727E-01  0.000E+00  0.000E+00   0.00806  -0.01440  -0.00989  -0.00513-301.287607396.33496
-1.704E-01  0.000E+00  0.000E+00   0.00769  -0.01416  -0.00989  -0.00488-297.018077292.32568
-1.680E-01  0.000E+00  0.000E+00   0.00732  -0.01440  -0.00928  -0.00488-292.749517188.31592
-1.656E-01  0.000E+00  0.000E+00   0.00757  -0.01428  -0.00903  -0.00439-288.479987084.30664
-1.632E-01  0.000E+00  0.000E+00   0.00745  -0.01392  -0.00916  -0.00415-284.211436980.29688
-1.608E-01  0.000E+00  0.000E+00   0.00732  -0.01392  -0.00928  -0.00415-279.941896876.28711
-1.584E-01  0.000E+00  0.000E+00   0.00708  -0.01379  -0.00891  -0.00439-275.672366772.27539
-1.561E-01  0.000E+00  0.000E+00   0.00720  -0.01306  -0.00903  -0.00439-271.401376668.26758
-1.537E-01  0.000E+00  0.000E+00   0.00671  -0.01318  -0.00854  -0.00415-267.134286564.25635
-1.513E-01  0.000E+00  0.000E+00   0.00684  -0.01331  -0.00842  -0.00439-262.865236460.24707
-1.489E-01  0.000E+00  0.000E+00   0.00647  -0.01306  -0.00830  -0.00439-258.593756356.23779
-1.465E-01  0.000E+00  0.000E+00   0.00671  -0.01318  -0.00842  -0.00391-254.324716252.22559
-1.441E-01  0.000E+00  0.000E+00   0.00659  -0.01245  -0.00842  -0.00415-250.055186148.21484
-1.418E-01  0.000E+00  0.000E+00   0.00623  -0.01208  -0.00830  -0.00415-245.785646044.20605
-1.394E-01  0.000E+00  0.000E+00   0.00623  -0.01184  -0.00769  -0.00342-241.515145940.19727
-1.370E-01  0.000E+00  0.000E+00   0.00586  -0.01208  -0.00769  -0.00391-237.247565836.18652
-1.346E-01  0.000E+00  0.000E+00   0.00635  -0.01147  -0.00781  -0.00366-232.977545732.17676
-1.322E-01  0.000E+00  0.000E+00   0.00598  -0.01147  -0.00745  -0.00391-228.707035628.16699
-1.299E-01  0.000E+00  0.000E+00   0.00562  -0.01123  -0.00732  -0.00342-224.437015524.15723
-1.275E-01  0.000E+00  0.000E+00   0.00562  -0.01099  -0.00732  -0.00317-220.167975420.14746
-1.251E-01  0.000E+00  0.000E+00   0.00574  -0.01111  -0.00720  -0.00366-215.899415316.13574
-1.227E-01  0.000E+00  0.000E+00   0.00476  -0.01050  -0.00684  -0.00293-211.627935212.12744
-1.203E-01  0.000E+00  0.000E+00   0.00580  -0.01050  -0.00684  -0.00342-207.358645108.11670
-1.179E-01  0.000E+00  0.000E+00   0.00500  -0.00989  -0.00671  -0.00342-203.090095004.10547
-1.156E-01  0.000E+00  0.000E+00   0.00543  -0.01007  -0.00684  -0.00293-198.820074900.09570
-1.132E-01  0.000E+00  0.000E+00   0.00525  -0.00989  -0.00647  -0.00342-194.551274796.08545
-1.108E-01  0.000E+00  0.000E+00   0.00531  -0.00940  -0.00616  -0.00293-190.281744692.07666
-1.084E-01  0.000E+00  0.000E+00   0.00476  -0.00970  -0.00616  -0.00293-186.012454588.06836
-1.060E-01  0.000E+00  0.000E+00   0.00452  -0.00928  -0.00580  -0.00305-181.743414484.05713
-1.036E-01  0.000E+00  0.000E+00   0.00482  -0.00903  -0.00586  -0.00269-177.472414380.04688
-1.013E-01  0.000E+00  0.000E+00   0.00452  -0.00842  -0.00574  -0.00281-173.203374276.03613
-9.888E-02  0.000E+00  0.000E+00   0.00446  -0.00867  -0.00549  -0.00256-168.933844172.02734
-9.650E-02  0.000E+00  0.000E+00   0.00433  -0.00824  -0.00543  -0.00244-164.664314068.01660
-9.411E-02  0.000E+00  0.000E+00   0.00439  -0.00775  -0.00519  -0.00269-160.395263964.00806
-9.173E-02  0.000E+00  0.000E+00   0.00409  -0.00830  -0.00507  -0.00220-156.124023859.99658
-8.935E-02  0.000E+00  0.000E+00   0.00403  -0.00739  -0.00500  -0.00232-151.854983755.98682
-8.696E-02  0.000E+00  0.000E+00   0.00366  -0.00745  -0.00482  -0.00220-147.586913651.97705
-8.458E-02  0.000E+00  0.000E+00   0.00397  -0.00714  -0.00476  -0.00220-143.316413547.96582
-8.220E-02  0.000E+00  0.000E+00   0.00372  -0.00702  -0.00452  -0.00208-139.047123443.95654
-7.982E-02  0.000E+00  0.000E+00   0.00366  -0.00684  -0.00439  -0.00220-134.778083339.94824
-7.743E-02  0.000E+00  0.000E+00   0.00342  -0.00659  -0.00433  -0.00208-130.508793235.93799
-7.505E-02  0.000E+00  0.000E+00   0.00330  -0.00623  -0.00415  -0.00220-126.239503131.92676
-7.267E-02  0.000E+00  0.000E+00   0.00323  -0.00604  -0.00403  -0.00183-121.968993027.91650
-7.029E-02  0.000E+00  0.000E+00   0.00311  -0.00604  -0.00397  -0.00195-117.699952923.90845
-6.790E-02  0.000E+00  0.000E+00   0.00281  -0.00568  -0.00366  -0.00183-113.430912819.89600
-6.552E-02  0.000E+00  0.000E+00   0.00287  -0.00562  -0.00366  -0.00171-109.160642715.88721
-6.314E-02  0.000E+00  0.000E+00   0.00281  -0.00519  -0.00342  -0.00183-104.891362611.87793
-6.076E-02  0.000E+00  0.000E+00   0.00287  -0.00494  -0.00342  -0.00159-100.621832507.86597
-5.837E-02  0.000E+00  0.000E+00   0.00256  -0.00497  -0.00311  -0.00159 -96.352782403.85718
-5.599E-02  0.000E+00  0.000E+00   0.00253  -0.00482  -0.00299  -0.00140 -92.083502299.84473
-5.361E-02  0.000E+00  0.000E+00   0.00241  -0.00433  -0.00296  -0.00140 -87.814582195.83838
-5.123E-02  0.000E+00  0.000E+00   0.00220  -0.00424  -0.00293  -0.00134 -83.544192091.82666
-4.884E-02  0.000E+00  0.000E+00   0.00217  -0.00403  -0.00272  -0.00110 -79.275021987.81738
-4.646E-02  0.000E+00  0.000E+00   0.00195  -0.00375  -0.00247  -0.00122 -75.005861883.80786
-4.408E-02  0.000E+00  0.000E+00   0.00186  -0.00378  -0.00238  -0.00116 -70.735601779.79663
-4.170E-02  0.000E+00  0.000E+00   0.00180  -0.00339  -0.00235  -0.00104 -66.466431675.78735
-3.931E-02  0.000E+00  0.000E+00   0.00159  -0.00320  -0.00214  -0.00104 -62.196781571.77783
-3.693E-02  0.000E+00  0.000E+00   0.00165  -0.00293  -0.00204  -0.00092 -57.927371467.76611
-3.455E-02  0.000E+00  0.000E+00   0.00150  -0.00262  -0.00186  -0.00085 -53.657591363.75708
-3.216E-02  0.000E+00  0.000E+00   0.00131  -0.00266  -0.00171  -0.00085 -49.388121259.74548
-2.978E-02  0.000E+00  0.000E+00   0.00119  -0.00237  -0.00153  -0.00070 -45.118711155.73621
-2.740E-02  0.000E+00  0.000E+00   0.00108  -0.00211  -0.00145  -0.00064 -40.849431051.72705
-2.502E-02  0.000E+00  0.000E+00   0.00096  -0.00186  -0.00122  -0.00061 -36.57977 947.71777
-2.263E-02  0.000E+00  0.000E+00   0.00092  -0.00171  -0.00113  -0.00055 -32.31036 843.70837
-2.025E-02  0.000E+00  0.000E+00   0.00076  -0.00151  -0.00104  -0.00049 -28.04077 739.69672
-1.787E-02  0.000E+00  0.000E+00   0.00072  -0.00133  -0.00085  -0.00043 -23.77136 635.68750
-1.549E-02  0.000E+00  0.000E+00   0.00058  -0.00111  -0.00072  -0.00037 -19.50189 531.67847
-1.310E-02  0.000E+00  0.000E+00   0.00042  -0.00089  -0.00056  -0.00027 -15.23233 427.66653
-1.072E-02  0.000E+00  0.000E+00   0.00036  -0.00069  -0.00043  -0.00023 -10.96286 323.65741
-8.339E-03  0.000E+00  0.000E+00   0.00024  -0.00045  -0.00031  -0.00014  -6.69330 219.64554
-5.956E-03  0.000E+00  0.000E+00   0.00014  -0.00025  -0.00016  -0.00008  -2.42390 115.63640
-3.574E-03  0.000E+00  0.000E+00   0.00003  -0.00005  -0.00003  -0.00002   1.84561  11.62719
-1.191E-03  0.000E+00  0.000E+00  -0.00000  -0.00000   0.00000   0.00000  -2.14575  -1.21134
 1.191E-03  0.000E+00  0.000E+00  -0.00000   0.00000  -0.00000  -0.00000  -2.07952  -1.34034
 3.574E-03  0.000E+00  0.000E+00  -0.00000  -0.00000   0.00000   0.00000   0.57599   1.09259
 5.957E-03  0.000E+00  0.000E+00  -0.00000  -0.00000   0.00000   0.00000 -11.60148  35.27925
 8.339E-03  0.000E+00  0.000E+00  -0.00000  -0.00000   0.00000   0.00000 -23.77833  69.46422
 1.072E-02  0.000E+00  0.000E+00  -0.00000  -0.00000   0.00000   0.00000 -35.95581 103.65088
 1.310E-02  0.000E+00  0.000E+00  -0.00001  -0.00000   0.00000   0.00000 -48.13297 137.83669
 1.549E-02  0.000E+00  0.000E+00  -0.00001  -0.00001   0.00000   0.00000 -60.31013 172.02254
 1.787E-02  0.000E+00  0.000E+00  -0.00001  -0.00001   0.00000   0.00000 -72.48759 206.20914
 2.025E-02  0.000E+00  0.000E+00  -0.00001  -0.00001   0.00000   0.00000 -84.66476 240.39496
 2.263E-02  0.000E+00  0.000E+00  -0.00001  -0.00001   0.00000   0.00000 -96.84222 274.58167
 2.502E-02  0.000E+00  0.000E+00  -0.00001  -0.00001   0.00000   0.00000-109.01907 308.76666
 2.740E-02  0.000E+00  0.000E+00  -0.00001  -0.00002   0.00000   0.00000-121.19653 342.95325
 2.978E-02  0.000E+00  0.000E+00  -0.00001  -0.00002   0.00000   0.00000-133.37372 377.13904
 3.217E-02  0.000E+00  0.000E+00  -0.00002  -0.00002   0.00000   0.00000-145.55115 411.32574
 3.455E-02  0.000E+00  0.000E+00  -0.00002  -0.00002   0.00000   0.00000-157.72827 445.51154
 3.693E-02  0.000E+00  0.000E+00  -0.00002  -0.00002   0.00000   0.00000-169.90581 479.69824
 3.931E-02  0.000E+00  0.000E+00  -0.00002  -0.00002   0.00000   0.00000-182.08299 513.88416
 4.170E-02  0.000E+00  0.000E+00  -0.00002  -0.00001   0.00000   0.00001-194.25978 548.06909
 4.408E-02  0.000E+00  0.000E+00  -0.00002  -0.00002   0.00000   0.00001-206.43726 582.25568
 4.646E-02  0.000E+00  0.000E+00  -0.00002  -0.00002   0.00000   0.00001-218.61438 616.44141
 4.884E-02  0.000E+00  0.000E+00  -0.00003  -0.00002   0.00000   0.00001-230.79192 650.62817
 5.123E-02  0.000E+00  0.000E+00  -0.00002  -0.00004   0.00000   0.00001-242.96910 684.81409
 5.361E-02  0.000E+00  0.000E+00  -0.00003  -0.00004   0.00000   0.00001-255.14661 719.00055
 5.599E-02  0.000E+00  0.000E+00  -0.00004  -0.00003   0.00000   0.00001-267.32330 753.18555
 5.837E-02  0.000E+00  0.000E+00  -0.00003  -0.00003   0.00000   0.00001-279.50079 787.37238
 6.076E-02  0.000E+00  0.000E+00  -0.00004  -0.00002   0.00000   0.00001-291.67810 821.55804
 6.314E-02  0.000E+00  0.000E+00  -0.00003  -0.00006   0.00000   0.00001-303.85559 855.74487
 6.552E-02  0.000E+00  0.000E+00  -0.00003  -0.00003   0.00000   0.00001-316.03259 889.93054
 6.790E-02  0.000E+00  0.000E+00  -0.00004  -0.00004   0.00000   0.00001-328.21002 924.11719
 7.029E-02  0.000E+00  0.000E+00  -0.00004  -0.00004   0.00000   0.00001-340.38721 958.30322
 7.267E-02  0.000E+00  0.000E+00  -0.00004  -0.00002   0.00000   0.00001-352.56409 992.48779
 7.505E-02  0.000E+00  0.000E+00  -0.00004  -0.00005   0.00000   0.00001-364.741581026.67480
 7.743E-02  0.000E+00  0.000E+00  -0.00005  -0.00005   0.00000   0.00001-376.918821060.86035
 7.982E-02  0.000E+00  0.000E+00  -0.00005  -0.00004   0.00000   0.00001-389.096251095.04712
 8.220E-02  0.000E+00  0.000E+00  -0.00005  -0.00005   0.00000   0.00001-401.273411129.23291
 8.458E-02  0.000E+00  0.000E+00  -0.00005  -0.00005   0.00000   0.00001-413.450901163.41968
 8.696E-02  0.000E+00  0.000E+00  -0.00004  -0.00006   0.00000   0.00001-425.628141197.60535
 8.935E-02  0.000E+00  0.000E+00  -0.00006  -0.00006   0.00001   0.00001-437.805511231.79199
 9.173E-02  0.000E+00  0.000E+00  -0.00005  -0.00005   0.00001   0.00001-449.982361265.97693
 9.411E-02  0.000E+00  0.000E+00  -0.00006  -0.00003   0.00001   0.00001-462.159731300.16382
 9.650E-02  0.000E+00  0.000E+00  -0.00006  -0.00008   0.00001   0.00001-474.336941334.34961
 9.888E-02  0.000E+00  0.000E+00  -0.00006  -0.00006   0.00001   0.00001-486.514161368.53528
 1.013E-01  0.000E+00  0.000E+00  -0.00005  -0.00005   0.00001   0.00001-498.691561402.72217
 1.036E-01  0.000E+00  0.000E+00  -0.00006  -0.00008   0.00001   0.00001-510.868771436.90771
 1.060E-01  0.000E+00  0.000E+00  -0.00005  -0.00005   0.00001   0.00001-523.046021471.09363
 1.084E-01  0.000E+00  0.000E+00  -0.00007  -0.00006   0.00001   0.00001-535.223141505.27930
 1.108E-01  0.000E+00  0.000E+00  -0.00006  -0.00006   0.00001   0.00001-547.400631539.46606
 1.132E-01  0.000E+00  0.000E+00  -0.00007  -0.00005   0.00001   0.00002-559.577641573.65173
 1.156E-01  0.000E+00  0.000E+00  -0.00006  -0.00006   0.00001   0.00002-571.755431607.83850
 1.179E-01  0.000E+00  0.000E+00  -0.00007  -0.00006   0.00001   0.00002-583.932251642.02454
 1.203E-01  0.000E+00  0.000E+00  -0.00007  -0.00006   0.00001   0.00002-596.109861676.21094
 1.227E-01  0.000E+00  0.000E+00  -0.00007  -0.00005   0.00001   0.00002-608.286441710.39624
 1.251E-01  0.000E+00  0.000E+00  -0.00007  -0.00005   0.00001   0.00002-620.463871744.58203
 1.275E-01  0.000E+00  0.000E+00  -0.00008  -0.00009   0.00001   0.00002-632.641111778.76843
 1.299E-01  0.000E+00  0.000E+00  -0.00008  -0.00008   0.00001   0.00002-644.818481812.95447
 1.322E-01  0.000E+00  0.000E+00  -0.00008  -0.00009   0.00001   0.00001-656.996091847.14111
 1.346E-01  0.000E+00  0.000E+00  -0.00008  -0.00008   0.00001   0.00002-669.173221881.32715
 1.370E-01  0.000E+00  0.000E+00  -0.00008  -0.00009   0.00001   0.00002-681.350461915.51331
 1.394E-01  0.000E+00  0.000E+00  -0.00008  -0.00008   0.00001   0.00002-693.527221949.69824
 1.418E-01  0.000E+00  0.000E+00  -0.00007  -0.00008   0.00001   0.00002-705.704901983.88538
 1.441E-01  0.000E+00  0.000E+00  -0.00008  -0.00008   0.00001   0.00002-717.881772018.07104
 1.465E-01  0.000E+00  0.000E+00  -0.00008  -0.00008   0.00001   0.00002-730.059452052.25732
 1.489E-01  0.000E+00  0.000E+00  -0.00009  -0.00008   0.00001   0.00002-742.236632086.44312
 1.513E-01  0.000E+00  0.000E+00  -0.00010  -0.00011   0.00001   0.00002-754.414122120.63037
 1.537E-01  0.000E+00  0.000E+00  -0.00009  -0.00009   0.00001   0.00002-766.591002154.81519
 1.561E-01  0.000E+00  0.000E+00  -0.00008  -0.00009   0.00001   0.00002-778.768312189.00098
 1.584E-01  0.000E+00  0.000E+00  -0.00008  -0.00011   0.00001   0.00002-790.945802223.18774
 1.608E-01  0.000E+00  0.000E+00  -0.00009  -0.00009   0.00001   0.00002-803.122802257.37329
 1.632E-01  0.000E+00  0.000E+00  -0.00009  -0.00011   0.00001   0.00002-815.300292291.55981
 1.656E-01  0.000E+00  0.000E+00  -0.00011  -0.00011   0.00001   0.00002-827.477172325.74561
 1.680E-01  0.000E+00  0.000E+00  -0.00011  -0.00009   0.00001   0.00002-839.655032359.93311
 1.704E-01  0.000E+00  0.000E+00  -0.00011  -0.00009   0.00001   0.00002-851.831542394.11743
 1.727E-01  0.000E+00  0.000E+00  -0.00011  -0.00014   0.00001   0.00002-864.009032428.30371
 1.751E-01  0.000E+00  0.000E+00  -0.00011  -0.00012   0.00001   0.00002-876.186222462.48999
 1.775E-01  0.000E+00  0.000E+00  -0.00010  -0.00009   0.00001   0.00002-888.363952496.67627
 1.799E-01  0.000E+00  0.000E+00  -0.00010  -0.00009   0.00001   0.00002-900.540952530.86206
 1.823E-01  0.000E+00  0.000E+00  -0.00011  -0.00012   0.00001   0.00002-912.718202565.04858
 1.847E-01  0.000E+00  0.000E+00  -0.00011  -0.00006   0.00001   0.00002-924.895572599.23511
 1.870E-01  0.000E+00  0.000E+00  -0.00011  -0.00003   0.00001   0.00002-937.072392633.41968
 1.894E-01  0.000E+00  0.000E+00  -0.00011  -0.00012   0.00001   0.00002-949.249942667.60596
 1.918E-01  0.000E+00  0.000E+00  -0.00011  -0.00012   0.00001   0.00002-961.427122701.79224
 1.942E-01  0.000E+00  0.000E+00  -0.00011  -0.00012   0.00001   0.00003-973.604492735.97852
 1.966E-01  0.000E+00  0.000E+00  -0.00013  -0.00012   0.00001   0.00002-985.781492770.16528
 1.989E-01  0.000E+00  0.000E+00  -0.00013  -0.00006   0.00001   0.00003-997.959112804.35205
 2.013E-01  0.000E+00  0.000E+00  -0.00011  -0.00009   0.00001   0.00002**********2838.53662
 2.037E-01  0.000E+00  0.000E+00  -0.00011  -0.00012   0.00001   0.00003**********2872.72363
 2.061E-01  0.000E+00  0.000E+00  -0.00013  -0.00012   0.00001   0.00003**********2906.90869
 2.085E-01  0.000E+00  0.000E+00  -0.00010  -0.00015   0.00001   0.00003**********2941.09424
 2.109E-01  0.000E+00  0.000E+00  -0.00010  -0.00006   0.00001   0.00003**********2975.28149
 2.132E-01  0.000E+00  0.000E+00  -0.00014  -0.00012   0.00001   0.00003**********3009.46729
 2.156E-01  0.000E+00  0.000E+00  -0.00014  -0.00012   0.00001   0.00003**********3043.65405
 2.180E-01  0.000E+00  0.000E+00  -0.00011  -0.00012   0.00001   0.00003**********3077.83887
 2.204E-01  0.000E+00  0.000E+00  -0.00011  -0.00006   0.00001   0.00003**********3112.02466
 2.228E-01  0.000E+00  0.000E+00  -0.00013  -0.00015   0.00001   0.00003**********3146.21118
 2.252E-01  0.000E+00  0.000E+00  -0.00012  -0.00009   0.00001   0.00003**********3180.39819
 2.275E-01  0.000E+00  0.000E+00  -0.00014  -0.00012   0.00001   0.00003**********3214.58374
 2.299E-01  0.000E+00  0.000E+00  -0.00011  -0.00015   0.00001   0.00003**********3248.77075
 2.323E-01  0.000E+00  0.000E+00  -0.00014  -0.00015   0.00001   0.00003**********3282.95557
 2.347E-01  0.000E+00  0.000E+00  -0.00014  -0.00012   0.00001   0.00003**********3317.14282
 2.371E-01  0.000E+00  0.000E+00  -0.00017  -0.00015   0.00001   0.00003**********3351.32739
 2.395E-01  0.000E+00  0.000E+00  -0.00012  -0.00006   0.00001   0.00003**********3385.51416
 2.418E-01  0.000E+00  0.000E+00  -0.00015  -0.00012   0.00001   0.00003**********3419.70020
 2.442E-01  0.000E+00  0.000E+00  -0.00015  -0.00012   0.00001   0.00003**********3453.88599
 2.466E-01  0.000E+00  0.000E+00  -0.00014  -0.00012   0.00001   0.00003**********3488.07275
 2.490E-01  0.000E+00  0.000E+00  -0.00014  -0.00009   0.00001   0.00004**********3522.25806
 2.514E-01  0.000E+00  0.000E+00  -0.00012  -0.00009   0.00001   0.00003**********3556.44458
 2.537E-01  0.000E+00  0.000E+00  -0.00015  -0.00006   0.00001   0.00003**********3590.62988
 2.561E-01  0.000E+00  0.000E+00  -0.00014  -0.00018   0.00001   0.00003**********3624.81689
 2.585E-01  0.000E+00  0.000E+00  -0.00015  -0.00015   0.00001   0.00003**********3659.00244
 2.609E-01  0.000E+00  0.000E+00  -0.00015  -0.00018   0.00001   0.00003**********3693.18945
 2.633E-01  0.000E+00  0.000E+00  -0.00017  -0.00021   0.00002   0.00003**********3727.37598
 2.657E-01  0.000E+00  0.000E+00  -0.00015  -0.00012   0.00002   0.00003**********3761.56055
 2.680E-01  0.000E+00  0.000E+00  -0.00015  -0.00018   0.00002   0.00003**********3795.74683
 2.704E-01  0.000E+00  0.000E+00  -0.00015  -0.00015   0.00002   0.00003**********3829.93311
 2.728E-01  0.000E+00  0.000E+00  -0.00015  -0.00015   0.00002   0.00004**********3864.11865
 2.752E-01  0.000E+00  0.000E+00  -0.00018  -0.00012   0.00002   0.00004**********3898.30469
 2.776E-01  0.000E+00  0.000E+00  -0.00015  -0.00021   0.00002   0.00003**********3932.49170
 2.800E-01  0.000E+00  0.000E+00  -0.00018  -0.00015   0.00002   0.00003**********3966.67676
 2.823E-01  0.000E+00  0.000E+00  -0.00014  -0.00009   0.00002   0.00004**********4000.86450
 2.847E-01  0.000E+00  0.000E+00  -0.00017  -0.00012   0.00002   0.00004**********4035.04932
 2.871E-01  0.000E+00  0.000E+00  -0.00018  -0.00009   0.00002   0.00004**********4069.23633
 2.895E-01  0.000E+00  0.000E+00  -0.00018  -0.00012   0.00002   0.00004**********4103.42139
 2.919E-01  0.000E+00  0.000E+00  -0.00018  -0.00012   0.00002   0.00004**********4137.60693
 2.943E-01  0.000E+00  0.000E+00  -0.00018  -0.00018   0.00002   0.00004**********4171.79492
 2.966E-01  0.000E+00  0.000E+00  -0.00018  -0.00015   0.00002   0.00004**********4205.97949
 2.990E-01  0.000E+00  0.000E+00  -0.00017  -0.00012   0.00002   0.00004**********4240.16602
 3.014E-01  0.000E+00  0.000E+00  -0.00017  -0.00015   0.00002   0.00004**********4274.35205
 3.038E-01  0.000E+00  0.000E+00  -0.00018  -0.00009   0.00002   0.00004**********4308.53857
 3.062E-01  0.000E+00  0.000E+00  -0.00018  -0.00012   0.00002   0.00004**********4342.72363
 3.085E-01  0.000E+00  0.000E+00  -0.00015  -0.00021   0.00002   0.00004**********4376.91016
 3.109E-01  0.000E+00  0.000E+00  -0.00018  -0.00015   0.00002   0.00004**********4411.09717
 3.133E-01  0.000E+00  0.000E+00  -0.00017  -0.00018   0.00002   0.00004**********4445.28369
 3.157E-01  0.000E+00  0.000E+00  -0.00015  -0.00015   0.00002   0.00004**********4479.46875
 3.181E-01  0.000E+00  0.000E+00  -0.00017  -0.00021   0.00002   0.00004**********4513.65479
 3.205E-01  0.000E+00  0.000E+00  -0.00017  -0.00021   0.00002   0.00004**********4547.83984
 3.228E-01  0.000E+00  0.000E+00  -0.00020  -0.00021   0.00002   0.00004**********4582.02637
 3.252E-01  0.000E+00  0.000E+00  -0.00018  -0.00015   0.00002   0.00004**********4616.21338
 3.276E-01  0.000E+00  0.000E+00  -0.00021  -0.00021   0.00002   0.00004**********4650.39990
 3.300E-01  0.000E+00  0.000E+00  -0.00018  -0.00021   0.00002   0.00004**********4684.58545
 3.324E-01  0.000E+00  0.000E+00  -0.00021  -0.00018   0.00002   0.00005**********4718.77051
 3.348E-01  0.000E+00  0.000E+00  -0.00020  -0.00021   0.00002   0.00004**********4752.95703
 3.371E-01  0.000E+00  0.000E+00  -0.00018  -0.00018   0.00002   0.00004**********4787.14258
 3.395E-01  0.000E+00  0.000E+00  -0.00020  -0.00024   0.00002   0.00004**********4821.33057
 3.419E-01  0.000E+00  0.000E+00  -0.00020  -0.00018   0.00002   0.00005**********4855.51562
 3.443E-01  0.000E+00  0.000E+00  -0.00017  -0.00024   0.00002   0.00005**********4889.70215
 3.467E-01  0.000E+00  0.000E+00  -0.00021  -0.00012   0.00002   0.00005**********4923.88770
 3.491E-01  0.000E+00  0.000E+00  -0.00026  -0.00018   0.00002   0.00005**********4958.07178
 3.514E-01  0.000E+00  0.000E+00  -0.00018  -0.00012   0.00002   0.00005**********4992.25928
 3.538E-01  0.000E+00  0.000E+00  -0.00017  -0.00018   0.00002   0.00004**********5026.44580
 3.562E-01  0.000E+00  0.000E+00  -0.00021  -0.00024   0.00002   0.00004**********5060.63184
 3.586E-01  0.000E+00  0.000E+00  -0.00026  -0.00018   0.00002   0.00005**********5094.81787
 3.610E-01  0.000E+00  0.000E+00  -0.00018  -0.00018   0.00002   0.00005**********5129.00537
 3.633E-01  0.000E+00  0.000E+00  -0.00024  -0.00024   0.00002   0.00005**********5163.19092
 3.657E-01  0.000E+00  0.000E+00  -0.00023  -0.00006   0.00002   0.00005**********5197.37598
 3.681E-01  0.000E+00  0.000E+00  -0.00018  -0.00031   0.00002   0.00005**********5231.56299
 3.705E-01  0.000E+00  0.000E+00  -0.00023  -0.00018   0.00002   0.00005**********5265.74902
 3.729E-01  0.000E+00  0.000E+00  -0.00023  -0.00012   0.00002   0.00005**********5299.93359
 3.753E-01  0.000E+00  0.000E+00  -0.00023  -0.00024   0.00002   0.00005**********5334.12012
 3.776E-01  0.000E+00  0.000E+00  -0.00023  -0.00024   0.00002   0.00005**********5368.30811
 3.800E-01  0.000E+00  0.000E+00  -0.00020  -0.00024   0.00002   0.00005**********5402.49268
 3.824E-01  0.000E+00  0.000E+00  -0.00023  -0.00018   0.00002   0.00005**********5436.67920
 3.848E-01  0.000E+00  0.000E+00  -0.00021  -0.00006   0.00002   0.00005**********5470.86572
 3.872E-01  0.000E+00  0.000E+00  -0.00021  -0.00012   0.00002   0.00005**********5505.05127
 3.896E-01  0.000E+00  0.000E+00  -0.00021  -0.00018   0.00002   0.00005**********5539.23779
 3.919E-01  0.000E+00  0.000E+00  -0.00023  -0.00024   0.00002   0.00005**********5573.42334
 3.943E-01  0.000E+00  0.000E+00  -0.00020  -0.00024   0.00002   0.00005**********5607.60986
 3.967E-01  0.000E+00  0.000E+00  -0.00023  -0.00024   0.00002   0.00005**********5641.79492
 3.991E-01  0.000E+00  0.000E+00  -0.00021  -0.00024   0.00002   0.00005**********5675.98145
 4.015E-01  0.000E+00  0.000E+00  -0.00023  -0.00024   0.00002   0.00005**********5710.16797
 4.038E-01  0.000E+00  0.000E+00  -0.00023  -0.00031   0.00002   0.00006**********5744.35449
 4.062E-01  0.000E+00  0.000E+00  -0.00026  -0.00024   0.00002   0.00005**********5778.53955
 4.086E-01  0.000E+00  0.000E+00  -0.00029  -0.00018   0.00002   0.00005**********5812.72559
 4.110E-01  0.000E+00  0.000E+00  -0.00026  -0.00018   0.00002   0.00006**********5846.91260
 4.134E-01  0.000E+00  0.000E+00  -0.00024  -0.00037   0.00002   0.00005**********5881.09814
 4.158E-01  0.000E+00  0.000E+00  -0.00023  -0.00031   0.00002   0.00005**********5915.28320
 4.181E-01  0.000E+00  0.000E+00  -0.00024  -0.00024   0.00002   0.00005**********5949.46924
 4.205E-01  0.000E+00  0.000E+00  -0.00027  -0.00024   0.00002   0.00005**********5983.65430
 4.229E-01  0.000E+00  0.000E+00  -0.00024  -0.00024   0.00002   0.00005**********6017.84180
 4.253E-01  0.000E+00  0.000E+00  -0.00026  -0.00031   0.00002   0.00005**********6052.02881
 4.277E-01  0.000E+00  0.000E+00  -0.00024  -0.00024   0.00002   0.00005**********6086.21484
 4.301E-01  0.000E+00  0.000E+00  -0.00023  -0.00018   0.00003   0.00006**********6120.40137
 4.324E-01  0.000E+00  0.000E+00  -0.00026  -0.00024   0.00002   0.00006**********6154.58691
 4.348E-01  0.000E+00  0.000E+00  -0.00024  -0.00024   0.00003   0.00005**********6188.77393
 4.372E-01  0.000E+00  0.000E+00  -0.00026  -0.00024   0.00003   0.00006**********6222.95752
 4.396E-01  0.000E+00  0.000E+00  -0.00024  -0.00024   0.00003   0.00006**********6257.14648
 4.420E-01  0.000E+00  0.000E+00  -0.00026  -0.00018   0.00003   0.00006**********6291.32959
 4.444E-01  0.000E+00  0.000E+00  -0.00026  -0.00031   0.00003   0.00006**********6325.51562
 4.467E-01  0.000E+00  0.000E+00  -0.00027  -0.00018   0.00003   0.00006**********6359.70264
 4.491E-01  0.000E+00  0.000E+00  -0.00026  -0.00024   0.00003   0.00006**********6393.88770
 4.515E-01  0.000E+00  0.000E+00  -0.00027  -0.00024   0.00003   0.00006**********6428.07568
 4.539E-01  0.000E+00  0.000E+00  -0.00026  -0.00037   0.00003   0.00006**********6462.26270
 4.563E-01  0.000E+00  0.000E+00  -0.00021  -0.00024   0.00003   0.00006**********6496.44629
 4.586E-01  0.000E+00  0.000E+00  -0.00027  -0.00031   0.00003   0.00006**********6530.63379
 4.610E-01  0.000E+00  0.000E+00  -0.00029  -0.00031   0.00003   0.00006**********6564.81934
 4.634E-01  0.000E+00  0.000E+00  -0.00023  -0.00037   0.00003   0.00007**********6599.00586
 4.658E-01  0.000E+00  0.000E+00  -0.00029  -0.00037   0.00003   0.00006**********6633.19238
 4.682E-01  0.000E+00  0.000E+00  -0.00031  -0.00031   0.00003   0.00006**********6667.37695
 4.706E-01  0.000E+00  0.000E+00  -0.00031  -0.00031   0.00003   0.00006**********6701.56250
 4.729E-01  0.000E+00  0.000E+00  -0.00021  -0.00024   0.00003   0.00006**********6735.75049
 4.753E-01  0.000E+00  0.000E+00  -0.00024  -0.00024   0.00003   0.00006**********6769.93750
 4.777E-01  0.000E+00  0.000E+00  -0.00027  -0.00018   0.00003   0.00006**********6804.12109
 4.801E-01  0.000E+00  0.000E+00  -0.00031  -0.00012   0.00003   0.00006**********6838.30664
 4.825E-01  0.000E+00  0.000E+00  -0.00027  -0.00031   0.00003   0.00007**********6872.49561
 4.849E-01  0.000E+00  0.000E+00  -0.00031  -0.00018   0.00003   0.00006**********6906.68066
 4.872E-01  0.000E+00  0.000E+00  -0.00031  -0.00031   0.00003   0.00006**********6940.86768
 4.896E-01  0.000E+00  0.000E+00  -0.00027  -0.00012   0.00003   0.00007**********6975.05029
 4.920E-01  0.000E+00  0.000E+00  -0.00031  -0.00031   0.00003   0.00006**********7009.23877
 4.944E-01  0.000E+00  0.000E+00  -0.00027  -0.00024   0.00003   0.00007**********7043.42432
 4.968E-01  0.000E+00  0.000E+00  -0.00031  -0.00012   0.00003   0.00006**********7077.61035
 4.992E-01  0.000E+00  0.000E+00  -0.00024  -0.00018   0.00003   0.00006**********7111.79492
 5.015E-01  0.000E+00  0.000E+00  -0.00027  -0.00031   0.00003   0.00006**********7145.98291
 5.039E-01  0.000E+00  0.000E+00  -0.00031  -0.00024   0.00003   0.00006**********7180.16797
 5.063E-01  0.000E+00  0.000E+00  -0.00031  -0.00012   0.00003   0.00007**********7214.35400
 5.087E-01  0.000E+00  0.000E+00  -0.00031  -0.00037   0.00003   0.00006**********7248.54199
 5.111E-01  0.000E+00  0.000E+00  -0.00031  -0.00018   0.00003   0.00007**********7282.72998
 5.134E-01  0.000E+00  0.000E+00  -0.00031  -0.00018   0.00003   0.00007**********7316.91309
 5.158E-01  0.000E+00  0.000E+00  -0.00031  -0.00012   0.00003   0.00006**********7351.09766
 5.182E-01  0.000E+00  0.000E+00  -0.00027  -0.00012   0.00003   0.00007**********7385.28418
 5.206E-01  0.000E+00  0.000E+00  -0.00031  -0.00024   0.00003   0.00007**********7419.46973
 5.230E-01  0.000E+00  0.000E+00  -0.00034  -0.00012   0.00003   0.00006**********7453.65918
 5.254E-01  0.000E+00  0.000E+00  -0.00031  -0.00018   0.00003   0.00006**********7487.84229
 5.277E-01  0.000E+00  0.000E+00  -0.00027  -0.00018   0.00003   0.00007**********7522.02881
 5.301E-01  0.000E+00  0.000E+00  -0.00031  -0.00031   0.00003   0.00007**********7556.21729
 5.325E-01  0.000E+00  0.000E+00  -0.00031  -0.00024   0.00003   0.00007**********7590.40283
 5.349E-01  0.000E+00  0.000E+00  -0.00031  -0.00037   0.00003   0.00006**********7624.58789
 5.373E-01  0.000E+00  0.000E+00  -0.00034  -0.00024   0.00003   0.00007**********7658.77393
 5.397E-01  0.000E+00  0.000E+00  -0.00031  -0.00031   0.00003   0.00007**********7692.96045
 5.420E-01  0.000E+00  0.000E+00  -0.00037  -0.00031   0.00003   0.00007**********7727.14697
 5.444E-01  0.000E+00  0.000E+00  -0.00024  -0.00031   0.00003   0.00007**********7761.33203
 5.468E-01  0.000E+00  0.000E+00  -0.00034  -0.00024   0.00003   0.00007**********7795.51660
 5.492E-01  0.000E+00  0.000E+00  -0.00034  -0.00024   0.00003   0.00008**********7829.70410
 5.516E-01  0.000E+00  0.000E+00  -0.00031  -0.00031   0.00003   0.00007**********7863.89062
 5.540E-01  0.000E+00  0.000E+00  -0.00031  -0.00031   0.00003   0.00007**********7898.07617
 5.563E-01  0.000E+00  0.000E+00  -0.00040  -0.00031   0.00003   0.00007**********7932.26270
 5.587E-01  0.000E+00  0.000E+00  -0.00027  -0.00031   0.00003   0.00007**********7966.44824
 5.611E-01  0.000E+00  0.000E+00  -0.00037  -0.00037   0.00003   0.00008**********8000.63477
 5.635E-01  0.000E+00  0.000E+00  -0.00034  -0.00031   0.00003   0.00008**********8034.82129
 5.659E-01  0.000E+00  0.000E+00  -0.00037  -0.00024   0.00003   0.00007**********8069.00537
 5.682E-01  0.000E+00  0.000E+00  -0.00037  -0.00031   0.00003   0.00007**********8103.19141
 5.706E-01  0.000E+00  0.000E+00  -0.00034  -0.00037   0.00003   0.00007**********8137.37744
 5.730E-01  0.000E+00  0.000E+00  -0.00034  -0.00031   0.00003   0.00007**********8171.56543
 5.754E-01  0.000E+00  0.000E+00  -0.00034  -0.00024   0.00003   0.00007**********8205.75000
 5.778E-01  0.000E+00  0.000E+00  -0.00034  -0.00043   0.00003   0.00007**********8239.93945
 5.802E-01  0.000E+00  0.000E+00  -0.00037  -0.00037   0.00003   0.00008**********8274.12402
 5.825E-01  0.000E+00  0.000E+00  -0.00037  -0.00024   0.00003   0.00008**********8308.30859
 5.849E-01  0.000E+00  0.000E+00  -0.00034  -0.00037   0.00003   0.00008**********8342.49609
 5.873E-01  0.000E+00  0.000E+00  -0.00037  -0.00018   0.00003   0.00007**********8376.68066
 5.897E-01  0.000E+00  0.000E+00  -0.00034  -0.00031   0.00003   0.00008**********8410.86719
 5.921E-01  0.000E+00  0.000E+00  -0.00031  -0.00043   0.00003   0.00008**********8445.05469
 5.945E-01  0.000E+00  0.000E+00  -0.00027  -0.00024   0.00003   0.00008**********8479.24023
 5.968E-01  0.000E+00  0.000E+00  -0.00031  -0.00024   0.00003   0.00008**********8513.42578
