   x_TF       y_TF       z_TF      Re(E_x)   Im(E_x)   Re(E_y)   Im(E_y)   Re(E_z)   Im(E_z)
-5.968E-01  0.000E+00  0.000E+00  -0.00003  -0.00009   0.00020  -0.00003 472.79852  98.64667
-5.945E-01  0.000E+00  0.000E+00  -0.00003  -0.00009   0.00020  -0.00003 470.90536  98.24844
-5.921E-01  0.000E+00  0.000E+00  -0.00004  -0.00009   0.00019  -0.00003 469.01126  97.85022
-5.897E-01  0.000E+00  0.000E+00  -0.00004  -0.00009   0.00020  -0.00004 467.11713  97.45198
-5.873E-01  0.000E+00  0.000E+00  -0.00003  -0.00009   0.00019  -0.00003 465.22299  97.05377
-5.849E-01  0.000E+00  0.000E+00  -0.00004  -0.00009   0.00019  -0.00003 463.32983  96.65555
-5.825E-01  0.000E+00  0.000E+00  -0.00004  -0.00009   0.00019  -0.00004 461.43475  96.25732
-5.802E-01  0.000E+00  0.000E+00  -0.00004  -0.00009   0.00019  -0.00003 459.54059  95.85860
-5.778E-01  0.000E+00  0.000E+00  -0.00004  -0.00009   0.00019  -0.00003 457.64752  95.46039
-5.754E-01  0.000E+00  0.000E+00  -0.00005  -0.00009   0.00019  -0.00003 455.75336  95.06216
-5.730E-01  0.000E+00  0.000E+00  -0.00004  -0.00009   0.00019  -0.00003 453.85919  94.66443
-5.706E-01  0.000E+00  0.000E+00  -0.00003  -0.00009   0.00019  -0.00003 451.96509  94.26573
-5.682E-01  0.000E+00  0.000E+00  -0.00005  -0.00009   0.00019  -0.00003 450.07098  93.86748
-5.659E-01  0.000E+00  0.000E+00  -0.00004  -0.00009   0.00019  -0.00003 448.17688  93.46925
-5.635E-01  0.000E+00  0.000E+00  -0.00004  -0.00009   0.00019  -0.00003 446.28278  93.07104
-5.611E-01  0.000E+00  0.000E+00  -0.00004  -0.00009   0.00018  -0.00003 444.38959  92.67280
-5.587E-01  0.000E+00  0.000E+00  -0.00004  -0.00009   0.00018  -0.00003 442.49545  92.27458
-5.563E-01  0.000E+00  0.000E+00  -0.00004  -0.00009   0.00019  -0.00003 440.60132  91.87634
-5.540E-01  0.000E+00  0.000E+00  -0.00004  -0.00009   0.00018  -0.00003 438.70721  91.47765
-5.516E-01  0.000E+00  0.000E+00  -0.00004  -0.00009   0.00018  -0.00003 436.81308  91.07941
-5.492E-01  0.000E+00  0.000E+00  -0.00003  -0.00009   0.00018  -0.00003 434.91895  90.68166
-5.468E-01  0.000E+00  0.000E+00  -0.00004  -0.00009   0.00018  -0.00003 433.02524  90.28344
-5.444E-01  0.000E+00  0.000E+00  -0.00003  -0.00009   0.00018  -0.00003 431.13165  89.88472
-5.420E-01  0.000E+00  0.000E+00  -0.00003  -0.00008   0.00018  -0.00003 429.23755  89.48651
-5.397E-01  0.000E+00  0.000E+00  -0.00004  -0.00008   0.00018  -0.00003 427.34344  89.08830
-5.373E-01  0.000E+00  0.000E+00  -0.00003  -0.00008   0.00018  -0.00003 425.44977  88.69005
-5.349E-01  0.000E+00  0.000E+00  -0.00003  -0.00008   0.00018  -0.00003 423.55515  88.29182
-5.325E-01  0.000E+00  0.000E+00  -0.00004  -0.00008   0.00017  -0.00003 421.66156  87.89362
-5.301E-01  0.000E+00  0.000E+00  -0.00004  -0.00008   0.00017  -0.00003 419.76788  87.49538
-5.277E-01  0.000E+00  0.000E+00  -0.00004  -0.00008   0.00017  -0.00003 417.87326  87.09666
-5.254E-01  0.000E+00  0.000E+00  -0.00004  -0.00008   0.00017  -0.00003 415.97968  86.69894
-5.230E-01  0.000E+00  0.000E+00  -0.00002  -0.00008   0.00017  -0.00003 414.08594  86.30070
-5.206E-01  0.000E+00  0.000E+00  -0.00003  -0.00008   0.00017  -0.00003 412.19135  85.90248
-5.182E-01  0.000E+00  0.000E+00  -0.00004  -0.00008   0.00017  -0.00003 410.29773  85.50377
-5.158E-01  0.000E+00  0.000E+00  -0.00004  -0.00008   0.00017  -0.00003 408.40369  85.10555
-5.134E-01  0.000E+00  0.000E+00  -0.00003  -0.00008   0.00017  -0.00003 406.50946  84.70731
-5.111E-01  0.000E+00  0.000E+00  -0.00004  -0.00008   0.00017  -0.00003 404.61581  84.30908
-5.087E-01  0.000E+00  0.000E+00  -0.00003  -0.00008   0.00017  -0.00003 402.72177  83.91087
-5.063E-01  0.000E+00  0.000E+00  -0.00004  -0.00008   0.00016  -0.00003 400.82755  83.51263
-5.039E-01  0.000E+00  0.000E+00  -0.00003  -0.00008   0.00016  -0.00003 398.93344  83.11440
-5.015E-01  0.000E+00  0.000E+00  -0.00004  -0.00008   0.00017  -0.00003 397.03986  82.71570
-4.992E-01  0.000E+00  0.000E+00  -0.00004  -0.00008   0.00016  -0.00003 395.14569  82.31746
-4.968E-01  0.000E+00  0.000E+00  -0.00003  -0.00008   0.00016  -0.00003 393.25153  81.91974
-4.944E-01  0.000E+00  0.000E+00  -0.00003  -0.00008   0.00016  -0.00003 391.35797  81.52102
-4.920E-01  0.000E+00  0.000E+00  -0.00004  -0.00008   0.00016  -0.00003 389.46381  81.12279
-4.896E-01  0.000E+00  0.000E+00  -0.00003  -0.00008   0.00016  -0.00003 387.56964  80.72457
-4.872E-01  0.000E+00  0.000E+00  -0.00003  -0.00008   0.00016  -0.00003 385.67554  80.32684
-4.849E-01  0.000E+00  0.000E+00  -0.00003  -0.00008   0.00016  -0.00003 383.78143  79.92860
-4.825E-01  0.000E+00  0.000E+00  -0.00004  -0.00008   0.00016  -0.00003 381.88776  79.52989
-4.801E-01  0.000E+00  0.000E+00  -0.00003  -0.00007   0.00016  -0.00003 379.99414  79.13166
-4.777E-01  0.000E+00  0.000E+00  -0.00004  -0.00007   0.00016  -0.00003 378.09955  78.73344
-4.753E-01  0.000E+00  0.000E+00  -0.00003  -0.00007   0.00016  -0.00003 376.20590  78.33472
-4.729E-01  0.000E+00  0.000E+00  -0.00003  -0.00007   0.00015  -0.00003 374.31177  77.93651
-4.706E-01  0.000E+00  0.000E+00  -0.00003  -0.00007   0.00015  -0.00003 372.41763  77.53876
-4.682E-01  0.000E+00  0.000E+00  -0.00003  -0.00007   0.00015  -0.00003 370.52402  77.14053
-4.658E-01  0.000E+00  0.000E+00  -0.00003  -0.00007   0.00015  -0.00003 368.62988  76.74181
-4.634E-01  0.000E+00  0.000E+00  -0.00003  -0.00007   0.00015  -0.00003 366.73627  76.34361
-4.610E-01  0.000E+00  0.000E+00  -0.00002  -0.00007   0.00015  -0.00003 364.84210  75.94537
-4.586E-01  0.000E+00  0.000E+00  -0.00003  -0.00007   0.00015  -0.00003 362.94797  75.54763
-4.563E-01  0.000E+00  0.000E+00  -0.00003  -0.00007   0.00015  -0.00003 361.05389  75.14893
-4.539E-01  0.000E+00  0.000E+00  -0.00002  -0.00007   0.00015  -0.00003 359.15970  74.75069
-4.515E-01  0.000E+00  0.000E+00  -0.00002  -0.00007   0.00015  -0.00003 357.26608  74.35246
-4.491E-01  0.000E+00  0.000E+00  -0.00003  -0.00007   0.00015  -0.00002 355.37201  73.95375
-4.467E-01  0.000E+00  0.000E+00  -0.00002  -0.00007   0.00015  -0.00002 353.47784  73.55553
-4.444E-01  0.000E+00  0.000E+00  -0.00003  -0.00007   0.00015  -0.00002 351.58420  73.15778
-4.420E-01  0.000E+00  0.000E+00  -0.00003  -0.00007   0.00014  -0.00002 349.68954  72.75956
-4.396E-01  0.000E+00  0.000E+00  -0.00003  -0.00007   0.00014  -0.00002 347.79596  72.36084
-4.372E-01  0.000E+00  0.000E+00  -0.00003  -0.00007   0.00014  -0.00002 345.90186  71.96263
-4.348E-01  0.000E+00  0.000E+00  -0.00002  -0.00007   0.00014  -0.00002 344.00824  71.56441
-4.324E-01  0.000E+00  0.000E+00  -0.00003  -0.00007   0.00014  -0.00003 342.11407  71.16618
-4.301E-01  0.000E+00  0.000E+00  -0.00003  -0.00007   0.00014  -0.00003 340.21991  70.76794
-4.277E-01  0.000E+00  0.000E+00  -0.00002  -0.00007   0.00014  -0.00003 338.32632  70.36972
-4.253E-01  0.000E+00  0.000E+00  -0.00003  -0.00007   0.00014  -0.00002 336.43219  69.97150
-4.229E-01  0.000E+00  0.000E+00  -0.00003  -0.00007   0.00014  -0.00002 334.53806  69.57327
-4.205E-01  0.000E+00  0.000E+00  -0.00003  -0.00007   0.00014  -0.00003 332.64389  69.17455
-4.181E-01  0.000E+00  0.000E+00  -0.00002  -0.00007   0.00014  -0.00002 330.74982  68.77634
-4.158E-01  0.000E+00  0.000E+00  -0.00003  -0.00006   0.00013  -0.00002 328.85617  68.37811
-4.134E-01  0.000E+00  0.000E+00  -0.00003  -0.00006   0.00013  -0.00002 326.96204  67.97987
-4.110E-01  0.000E+00  0.000E+00  -0.00003  -0.00006   0.00013  -0.00002 325.06790  67.58167
-4.086E-01  0.000E+00  0.000E+00  -0.00002  -0.00006   0.00013  -0.00002 323.17429  67.18393
-4.062E-01  0.000E+00  0.000E+00  -0.00003  -0.00006   0.00013  -0.00002 321.28061  66.78569
-4.038E-01  0.000E+00  0.000E+00  -0.00003  -0.00006   0.00013  -0.00002 319.38602  66.38698
-4.015E-01  0.000E+00  0.000E+00  -0.00002  -0.00006   0.00013  -0.00002 317.49237  65.98875
-3.991E-01  0.000E+00  0.000E+00  -0.00002  -0.00006   0.00013  -0.00002 315.59827  65.59053
-3.967E-01  0.000E+00  0.000E+00  -0.00003  -0.00006   0.00013  -0.00002 313.70410  65.19231
-3.943E-01  0.000E+00  0.000E+00  -0.00003  -0.00006   0.00013  -0.00002 311.81049  64.79408
-3.919E-01  0.000E+00  0.000E+00  -0.00002  -0.00006   0.00013  -0.00002 309.91638  64.39537
-3.896E-01  0.000E+00  0.000E+00  -0.00003  -0.00006   0.00013  -0.00002 308.02222  63.99715
-3.872E-01  0.000E+00  0.000E+00  -0.00003  -0.00006   0.00012  -0.00002 306.12811  63.59940
-3.848E-01  0.000E+00  0.000E+00  -0.00003  -0.00006   0.00012  -0.00002 304.23447  63.20069
-3.824E-01  0.000E+00  0.000E+00  -0.00002  -0.00006   0.00012  -0.00002 302.34033  62.80246
-3.800E-01  0.000E+00  0.000E+00  -0.00003  -0.00006   0.00012  -0.00002 300.44623  62.40424
-3.776E-01  0.000E+00  0.000E+00  -0.00003  -0.00006   0.00012  -0.00002 298.55258  62.00601
-3.753E-01  0.000E+00  0.000E+00  -0.00002  -0.00006   0.00012  -0.00002 296.65842  61.60777
-3.729E-01  0.000E+00  0.000E+00  -0.00002  -0.00006   0.00012  -0.00002 294.76434  61.20956
-3.705E-01  0.000E+00  0.000E+00  -0.00002  -0.00006   0.00012  -0.00002 292.87070  60.81133
-3.681E-01  0.000E+00  0.000E+00  -0.00003  -0.00006   0.00012  -0.00002 290.97604  60.41286
-3.657E-01  0.000E+00  0.000E+00  -0.00003  -0.00006   0.00012  -0.00002 289.08246  60.01488
-3.633E-01  0.000E+00  0.000E+00  -0.00003  -0.00006   0.00012  -0.00002 287.18832  59.61642
-3.610E-01  0.000E+00  0.000E+00  -0.00002  -0.00006   0.00012  -0.00002 285.29416  59.21819
-3.586E-01  0.000E+00  0.000E+00  -0.00002  -0.00006   0.00012  -0.00002 283.40057  58.81996
-3.562E-01  0.000E+00  0.000E+00  -0.00002  -0.00006   0.00012  -0.00002 281.50641  58.42149
-3.538E-01  0.000E+00  0.000E+00  -0.00002  -0.00006   0.00012  -0.00002 279.61230  58.02350
-3.514E-01  0.000E+00  0.000E+00  -0.00003  -0.00005   0.00012  -0.00002 277.71866  57.62504
-3.491E-01  0.000E+00  0.000E+00  -0.00003  -0.00005   0.00011  -0.00002 275.82452  57.22681
-3.467E-01  0.000E+00  0.000E+00  -0.00002  -0.00005   0.00011  -0.00002 273.93042  56.82859
-3.443E-01  0.000E+00  0.000E+00  -0.00002  -0.00005   0.00011  -0.00002 272.03674  56.43036
-3.419E-01  0.000E+00  0.000E+00  -0.00002  -0.00005   0.00011  -0.00002 270.14264  56.03189
-3.395E-01  0.000E+00  0.000E+00  -0.00002  -0.00005   0.00011  -0.00002 268.24850  55.63391
-3.371E-01  0.000E+00  0.000E+00  -0.00002  -0.00005   0.00011  -0.00002 266.35437  55.23544
-3.348E-01  0.000E+00  0.000E+00  -0.00002  -0.00005   0.00011  -0.00002 264.46075  54.83698
-3.324E-01  0.000E+00  0.000E+00  -0.00002  -0.00005   0.00011  -0.00002 262.56613  54.43900
-3.300E-01  0.000E+00  0.000E+00  -0.00002  -0.00005   0.00011  -0.00002 260.67249  54.04052
-3.276E-01  0.000E+00  0.000E+00  -0.00002  -0.00005   0.00011  -0.00002 258.77884  53.64254
-3.252E-01  0.000E+00  0.000E+00  -0.00002  -0.00005   0.00011  -0.00002 256.88474  53.24407
-3.228E-01  0.000E+00  0.000E+00  -0.00002  -0.00005   0.00011  -0.00002 254.99060  52.84584
-3.205E-01  0.000E+00  0.000E+00  -0.00002  -0.00005   0.00010  -0.00002 253.09698  52.44762
-3.181E-01  0.000E+00  0.000E+00  -0.00002  -0.00005   0.00010  -0.00002 251.20285  52.04939
-3.157E-01  0.000E+00  0.000E+00  -0.00002  -0.00005   0.00010  -0.00002 249.30872  51.65092
-3.133E-01  0.000E+00  0.000E+00  -0.00002  -0.00005   0.00010  -0.00002 247.41458  51.25294
-3.109E-01  0.000E+00  0.000E+00  -0.00002  -0.00005   0.00010  -0.00002 245.52095  50.85447
-3.085E-01  0.000E+00  0.000E+00  -0.00002  -0.00005   0.00010  -0.00002 243.62682  50.45625
-3.062E-01  0.000E+00  0.000E+00  -0.00002  -0.00005   0.00010  -0.00002 241.73270  50.05803
-3.038E-01  0.000E+00  0.000E+00  -0.00002  -0.00005   0.00010  -0.00002 239.83905  49.65955
-3.014E-01  0.000E+00  0.000E+00  -0.00002  -0.00005   0.00010  -0.00002 237.94443  49.26157
-2.990E-01  0.000E+00  0.000E+00  -0.00002  -0.00005   0.00010  -0.00002 236.05078  48.86309
-2.966E-01  0.000E+00  0.000E+00  -0.00002  -0.00005   0.00010  -0.00002 234.15715  48.46487
-2.943E-01  0.000E+00  0.000E+00  -0.00002  -0.00005   0.00009  -0.00002 232.26254  48.06665
-2.919E-01  0.000E+00  0.000E+00  -0.00002  -0.00005   0.00009  -0.00002 230.36890  47.66842
-2.895E-01  0.000E+00  0.000E+00  -0.00002  -0.00004   0.00009  -0.00002 228.47525  47.26995
-2.871E-01  0.000E+00  0.000E+00  -0.00002  -0.00004   0.00009  -0.00002 226.58063  46.87196
-2.847E-01  0.000E+00  0.000E+00  -0.00002  -0.00004   0.00009  -0.00002 224.68701  46.47350
-2.823E-01  0.000E+00  0.000E+00  -0.00002  -0.00004   0.00009  -0.00002 222.79289  46.07528
-2.800E-01  0.000E+00  0.000E+00  -0.00002  -0.00004   0.00009  -0.00002 220.89873  45.67704
-2.776E-01  0.000E+00  0.000E+00  -0.00002  -0.00004   0.00009  -0.00002 219.00464  45.27883
-2.752E-01  0.000E+00  0.000E+00  -0.00002  -0.00004   0.00009  -0.00002 217.11104  44.88060
-2.728E-01  0.000E+00  0.000E+00  -0.00002  -0.00004   0.00009  -0.00001 215.21689  44.48213
-2.704E-01  0.000E+00  0.000E+00  -0.00002  -0.00004   0.00009  -0.00002 213.32300  44.08415
-2.680E-01  0.000E+00  0.000E+00  -0.00002  -0.00004   0.00009  -0.00002 211.42912  43.68568
-2.657E-01  0.000E+00  0.000E+00  -0.00002  -0.00004   0.00009  -0.00002 209.53497  43.28745
-2.633E-01  0.000E+00  0.000E+00  -0.00002  -0.00004   0.00009  -0.00001 207.64108  42.88922
-2.609E-01  0.000E+00  0.000E+00  -0.00002  -0.00004   0.00009  -0.00001 205.74698  42.49100
-2.585E-01  0.000E+00  0.000E+00  -0.00002  -0.00004   0.00008  -0.00002 203.85307  42.09253
-2.561E-01  0.000E+00  0.000E+00  -0.00002  -0.00004   0.00008  -0.00002 201.95895  41.69431
-2.537E-01  0.000E+00  0.000E+00  -0.00001  -0.00004   0.00008  -0.00001 200.06506  41.29607
-2.514E-01  0.000E+00  0.000E+00  -0.00001  -0.00004   0.00008  -0.00001 198.17117  40.89761
-2.490E-01  0.000E+00  0.000E+00  -0.00001  -0.00004   0.00008  -0.00001 196.27710  40.49963
-2.466E-01  0.000E+00  0.000E+00  -0.00001  -0.00004   0.00008  -0.00001 194.38292  40.10116
-2.442E-01  0.000E+00  0.000E+00  -0.00002  -0.00004   0.00008  -0.00001 192.48907  39.70318
-2.418E-01  0.000E+00  0.000E+00  -0.00001  -0.00004   0.00008  -0.00001 190.59518  39.30470
-2.395E-01  0.000E+00  0.000E+00  -0.00001  -0.00004   0.00008  -0.00001 188.70105  38.90648
-2.371E-01  0.000E+00  0.000E+00  -0.00001  -0.00004   0.00008  -0.00001 186.80719  38.50826
-2.347E-01  0.000E+00  0.000E+00  -0.00002  -0.00004   0.00008  -0.00001 184.91302  38.11003
-2.323E-01  0.000E+00  0.000E+00  -0.00001  -0.00004   0.00008  -0.00001 183.01917  37.71156
-2.299E-01  0.000E+00  0.000E+00  -0.00001  -0.00004   0.00007  -0.00001 181.12503  37.31358
-2.275E-01  0.000E+00  0.000E+00  -0.00001  -0.00004   0.00007  -0.00001 179.23117  36.91511
-2.252E-01  0.000E+00  0.000E+00  -0.00001  -0.00003   0.00007  -0.00001 177.33702  36.51663
-2.228E-01  0.000E+00  0.000E+00  -0.00001  -0.00003   0.00007  -0.00001 175.44312  36.11865
-2.204E-01  0.000E+00  0.000E+00  -0.00001  -0.00003   0.00007  -0.00001 173.54904  35.72019
-2.180E-01  0.000E+00  0.000E+00  -0.00001  -0.00003   0.00007  -0.00001 171.65540  35.32221
-2.156E-01  0.000E+00  0.000E+00  -0.00001  -0.00003   0.00007  -0.00001 169.76126  34.92398
-2.132E-01  0.000E+00  0.000E+00  -0.00001  -0.00003   0.00007  -0.00001 167.86714  34.52527
-2.109E-01  0.000E+00  0.000E+00  -0.00002  -0.00003   0.00007  -0.00001 165.97325  34.12704
-2.085E-01  0.000E+00  0.000E+00  -0.00001  -0.00003   0.00007  -0.00001 164.07936  33.72906
-2.061E-01  0.000E+00  0.000E+00  -0.00001  -0.00003   0.00007  -0.00001 162.18523  33.33059
-2.037E-01  0.000E+00  0.000E+00  -0.00001  -0.00003   0.00007  -0.00001 160.29137  32.93237
-2.013E-01  0.000E+00  0.000E+00  -0.00001  -0.00003   0.00006  -0.00001 158.39746  32.53414
-1.989E-01  0.000E+00  0.000E+00  -0.00001  -0.00003   0.00006  -0.00001 156.50333  32.13591
-1.966E-01  0.000E+00  0.000E+00  -0.00001  -0.00003   0.00006  -0.00001 154.60948  31.73744
-1.942E-01  0.000E+00  0.000E+00  -0.00001  -0.00003   0.00006  -0.00001 152.71535  31.33922
-1.918E-01  0.000E+00  0.000E+00  -0.00001  -0.00003   0.00006  -0.00001 150.82121  30.94099
-1.894E-01  0.000E+00  0.000E+00  -0.00001  -0.00003   0.00006  -0.00001 148.92735  30.54290
-1.870E-01  0.000E+00  0.000E+00  -0.00001  -0.00003   0.00006  -0.00001 147.03320  30.14455
-1.847E-01  0.000E+00  0.000E+00  -0.00001  -0.00003   0.00006  -0.00001 145.13933  29.74632
-1.823E-01  0.000E+00  0.000E+00  -0.00001  -0.00003   0.00006  -0.00001 143.24518  29.34797
-1.799E-01  0.000E+00  0.000E+00  -0.00001  -0.00003   0.00006  -0.00001 141.35132  28.94975
-1.775E-01  0.000E+00  0.000E+00  -0.00001  -0.00003   0.00006  -0.00001 139.45743  28.55152
-1.751E-01  0.000E+00  0.000E+00  -0.00001  -0.00003   0.00006  -0.00001 137.56329  28.15317
-1.727E-01  0.000E+00  0.000E+00  -0.00001  -0.00003   0.00006  -0.00001 135.66942  27.75494
-1.704E-01  0.000E+00  0.000E+00  -0.00001  -0.00003   0.00005  -0.00001 133.77528  27.35671
-1.680E-01  0.000E+00  0.000E+00  -0.00001  -0.00003   0.00005  -0.00001 131.88141  26.95849
-1.656E-01  0.000E+00  0.000E+00  -0.00001  -0.00003   0.00005  -0.00001 129.98730  26.56015
-1.632E-01  0.000E+00  0.000E+00  -0.00001  -0.00003   0.00005  -0.00001 128.09366  26.16180
-1.608E-01  0.000E+00  0.000E+00  -0.00001  -0.00002   0.00005  -0.00001 126.19953  25.76358
-1.584E-01  0.000E+00  0.000E+00  -0.00001  -0.00002   0.00005  -0.00001 124.30540  25.36535
-1.561E-01  0.000E+00  0.000E+00  -0.00001  -0.00002   0.00005  -0.00001 122.41152  24.96712
-1.537E-01  0.000E+00  0.000E+00  -0.00001  -0.00002   0.00005  -0.00001 120.51762  24.56878
-1.513E-01  0.000E+00  0.000E+00  -0.00001  -0.00002   0.00005  -0.00001 118.62349  24.17054
-1.489E-01  0.000E+00  0.000E+00  -0.00001  -0.00002   0.00005  -0.00001 116.72964  23.77220
-1.465E-01  0.000E+00  0.000E+00  -0.00001  -0.00002   0.00005  -0.00001 114.83574  23.37385
-1.441E-01  0.000E+00  0.000E+00  -0.00001  -0.00002   0.00005  -0.00001 112.94160  22.97575
-1.418E-01  0.000E+00  0.000E+00  -0.00001  -0.00002   0.00005  -0.00001 111.04747  22.57752
-1.394E-01  0.000E+00  0.000E+00  -0.00001  -0.00002   0.00005  -0.00001 109.15361  22.17917
-1.370E-01  0.000E+00  0.000E+00  -0.00001  -0.00002   0.00004  -0.00001 107.25973  21.78095
-1.346E-01  0.000E+00  0.000E+00  -0.00001  -0.00002   0.00004  -0.00001 105.36560  21.38260
-1.322E-01  0.000E+00  0.000E+00  -0.00001  -0.00002   0.00004  -0.00001 103.47161  20.98438
-1.299E-01  0.000E+00  0.000E+00  -0.00001  -0.00002   0.00004  -0.00001 101.57772  20.58615
-1.275E-01  0.000E+00  0.000E+00  -0.00001  -0.00002   0.00004  -0.00001  99.68370  20.18780
-1.251E-01  0.000E+00  0.000E+00  -0.00001  -0.00002   0.00004  -0.00001  97.78970  19.78957
-1.227E-01  0.000E+00  0.000E+00  -0.00001  -0.00002   0.00004  -0.00001  95.89571  19.39123
-1.203E-01  0.000E+00  0.000E+00  -0.00001  -0.00002   0.00004  -0.00001  94.00169  18.99300
-1.179E-01  0.000E+00  0.000E+00  -0.00001  -0.00002   0.00004  -0.00001  92.10768  18.59477
-1.156E-01  0.000E+00  0.000E+00  -0.00001  -0.00002   0.00004  -0.00001  90.21368  18.19643
-1.132E-01  0.000E+00  0.000E+00  -0.00001  -0.00002   0.00004  -0.00001  88.31979  17.79820
-1.108E-01  0.000E+00  0.000E+00  -0.00001  -0.00002   0.00004  -0.00001  86.42580  17.39998
-1.084E-01  0.000E+00  0.000E+00  -0.00001  -0.00002   0.00003  -0.00001  84.53169  17.00164
-1.060E-01  0.000E+00  0.000E+00  -0.00001  -0.00002   0.00003  -0.00001  82.63781  16.60341
-1.036E-01  0.000E+00  0.000E+00  -0.00001  -0.00002   0.00003  -0.00001  80.74379  16.20506
-1.013E-01  0.000E+00  0.000E+00  -0.00000  -0.00002   0.00003  -0.00001  78.84978  15.80683
-9.888E-02  0.000E+00  0.000E+00  -0.00001  -0.00002   0.00003  -0.00001  76.95590  15.40849
-9.650E-02  0.000E+00  0.000E+00  -0.00001  -0.00001   0.00003  -0.00001  75.06189  15.01027
-9.411E-02  0.000E+00  0.000E+00  -0.00001  -0.00001   0.00003  -0.00001  73.16790  14.61204
-9.173E-02  0.000E+00  0.000E+00  -0.00001  -0.00001   0.00003  -0.00001  71.27386  14.21374
-8.935E-02  0.000E+00  0.000E+00  -0.00001  -0.00001   0.00003  -0.00000  69.37988  13.81552
-8.696E-02  0.000E+00  0.000E+00  -0.00001  -0.00001   0.00003  -0.00000  67.48589  13.41724
-8.458E-02  0.000E+00  0.000E+00  -0.00000  -0.00001   0.00003  -0.00000  65.59197  13.01900
-8.220E-02  0.000E+00  0.000E+00  -0.00001  -0.00001   0.00003  -0.00000  63.69798  12.62072
-7.982E-02  0.000E+00  0.000E+00  -0.00001  -0.00001   0.00003  -0.00000  61.80399  12.22243
-7.743E-02  0.000E+00  0.000E+00  -0.00000  -0.00001   0.00002  -0.00000  59.90987  11.82421
-7.505E-02  0.000E+00  0.000E+00  -0.00000  -0.00001   0.00002  -0.00000  58.01596  11.42592
-7.267E-02  0.000E+00  0.000E+00  -0.00000  -0.00001   0.00002  -0.00000  56.12198  11.02764
-7.029E-02  0.000E+00  0.000E+00  -0.00000  -0.00001   0.00002  -0.00000  54.22805  10.62935
-6.790E-02  0.000E+00  0.000E+00  -0.00000  -0.00001   0.00002  -0.00000  52.33395  10.23106
-6.552E-02  0.000E+00  0.000E+00  -0.00000  -0.00001   0.00002  -0.00000  50.44002   9.83278
-6.314E-02  0.000E+00  0.000E+00  -0.00000  -0.00001   0.00002  -0.00000  48.54603   9.43455
-6.076E-02  0.000E+00  0.000E+00  -0.00000  -0.00001   0.00002  -0.00000  46.65200   9.03632
-5.837E-02  0.000E+00  0.000E+00  -0.00000  -0.00001   0.00002  -0.00000  44.75807   8.63804
-5.599E-02  0.000E+00  0.000E+00  -0.00000  -0.00001   0.00002  -0.00000  42.86403   8.23974
-5.361E-02  0.000E+00  0.000E+00  -0.00000  -0.00001   0.00002  -0.00000  40.97015   7.84153
-5.123E-02  0.000E+00  0.000E+00  -0.00000  -0.00001   0.00002  -0.00000  39.07611   7.44324
-4.884E-02  0.000E+00  0.000E+00  -0.00000  -0.00001   0.00002  -0.00000  37.18206   7.04495
-4.646E-02  0.000E+00  0.000E+00  -0.00000  -0.00001   0.00001  -0.00000  35.28807   6.64667
-4.408E-02  0.000E+00  0.000E+00  -0.00000  -0.00001   0.00001  -0.00000  33.39409   6.24841
-4.170E-02  0.000E+00  0.000E+00  -0.00000  -0.00001   0.00001  -0.00000  31.50010   5.85015
-3.931E-02  0.000E+00  0.000E+00  -0.00000  -0.00001   0.00001  -0.00000  29.60611   5.45187
-3.693E-02  0.000E+00  0.000E+00  -0.00000  -0.00001   0.00001  -0.00000  27.71214   5.05358
-3.455E-02  0.000E+00  0.000E+00  -0.00000  -0.00000   0.00001  -0.00000  25.81815   4.65532
-3.216E-02  0.000E+00  0.000E+00  -0.00000  -0.00000   0.00001  -0.00000  23.92417   4.25706
-2.978E-02  0.000E+00  0.000E+00  -0.00000  -0.00000   0.00001  -0.00000  22.03018   3.85878
-2.740E-02  0.000E+00  0.000E+00  -0.00000  -0.00000   0.00001  -0.00000  20.13619   3.46052
-2.502E-02  0.000E+00  0.000E+00  -0.00000  -0.00000   0.00001  -0.00000  18.24220   3.06226
-2.263E-02  0.000E+00  0.000E+00  -0.00000  -0.00000   0.00001  -0.00000  16.34824   2.66399
-2.025E-02  0.000E+00  0.000E+00  -0.00000  -0.00000   0.00001  -0.00000  14.45424   2.26571
-1.787E-02  0.000E+00  0.000E+00  -0.00000  -0.00000   0.00000  -0.00000  12.56026   1.86744
-1.549E-02  0.000E+00  0.000E+00  -0.00000  -0.00000   0.00000  -0.00000  10.66629   1.46919
-1.310E-02  0.000E+00  0.000E+00  -0.00000  -0.00000   0.00000  -0.00000   8.77227   1.07091
-1.072E-02  0.000E+00  0.000E+00  -0.00000  -0.00000   0.00000  -0.00000   6.87829   0.67264
-8.339E-03  0.000E+00  0.000E+00  -0.00000  -0.00000   0.00000  -0.00000   4.98428   0.27437
-5.956E-03  0.000E+00  0.000E+00  -0.00000  -0.00000   0.00000  -0.00000   3.09030  -0.12390
-3.574E-03  0.000E+00  0.000E+00  -0.00000  -0.00000   0.00000  -0.00000   1.19633  -0.52216
-1.191E-03  0.000E+00  0.000E+00   0.00000  -0.00000   0.00000   0.00000   0.63440  -0.64452
 1.191E-03  0.000E+00  0.000E+00  -0.00000  -0.00000  -0.00000  -0.00000   0.67544  -0.59969
 3.574E-03  0.000E+00  0.000E+00   0.00000   0.00000  -0.00000  -0.00000   0.99126   0.11740
 5.957E-03  0.000E+00  0.000E+00   0.00000   0.00000  -0.00000  -0.00000   1.43468   2.11289
 8.339E-03  0.000E+00  0.000E+00   0.00000   0.00000  -0.00000  -0.00000   1.87808   4.10829
 1.072E-02  0.000E+00  0.000E+00   0.00000   0.00000  -0.00000  -0.00000   2.32150   6.10379
 1.310E-02  0.000E+00  0.000E+00   0.00000   0.00000  -0.00000  -0.00000   2.76491   8.09923
 1.549E-02  0.000E+00  0.000E+00   0.00000   0.00000  -0.00000  -0.00000   3.20831  10.09467
 1.787E-02  0.000E+00  0.000E+00   0.00000   0.00000  -0.00000  -0.00000   3.65174  12.09017
 2.025E-02  0.000E+00  0.000E+00   0.00000   0.00000  -0.00000  -0.00000   4.09515  14.08561
 2.263E-02  0.000E+00  0.000E+00   0.00000   0.00000  -0.00000  -0.00001   4.53856  16.08110
 2.502E-02  0.000E+00  0.000E+00   0.00000   0.00000  -0.00000  -0.00001   4.98196  18.07650
 2.740E-02  0.000E+00  0.000E+00   0.00000   0.00000  -0.00000  -0.00001   5.42537  20.07198
 2.978E-02  0.000E+00  0.000E+00   0.00000   0.00000  -0.00000  -0.00001   5.86881  22.06743
 3.217E-02  0.000E+00  0.000E+00   0.00000   0.00000  -0.00000  -0.00001   6.31222  24.06293
 3.455E-02  0.000E+00  0.000E+00   0.00000   0.00000  -0.00000  -0.00001   6.75560  26.05837
 3.693E-02  0.000E+00  0.000E+00   0.00000   0.00000  -0.00000  -0.00001   7.19904  28.05386
 3.931E-02  0.000E+00  0.000E+00   0.00000   0.00000  -0.00000  -0.00001   7.64248  30.04931
 4.170E-02  0.000E+00  0.000E+00   0.00000   0.00000  -0.00000  -0.00001   8.08584  32.04470
 4.408E-02  0.000E+00  0.000E+00   0.00000   0.00000  -0.00001  -0.00001   8.52922  34.04020
 4.646E-02  0.000E+00  0.000E+00   0.00000   0.00000  -0.00001  -0.00001   8.97272  36.03564
 4.884E-02  0.000E+00  0.000E+00   0.00000   0.00000  -0.00001  -0.00001   9.41611  38.03114
 5.123E-02  0.000E+00  0.000E+00   0.00000   0.00000  -0.00001  -0.00001   9.85948  40.02657
 5.361E-02  0.000E+00  0.000E+00   0.00000   0.00000  -0.00001  -0.00001  10.30293  42.02208
 5.599E-02  0.000E+00  0.000E+00   0.00000   0.00000  -0.00001  -0.00001  10.74635  44.01748
 5.837E-02  0.000E+00  0.000E+00   0.00000   0.00000  -0.00001  -0.00002  11.18974  46.01295
 6.076E-02  0.000E+00  0.000E+00   0.00000   0.00000  -0.00001  -0.00002  11.63311  48.00842
 6.314E-02  0.000E+00  0.000E+00   0.00000   0.00000  -0.00001  -0.00002  12.07656  50.00391
 6.552E-02  0.000E+00  0.000E+00   0.00000   0.00000  -0.00001  -0.00002  12.51999  51.99934
 6.790E-02  0.000E+00  0.000E+00   0.00000   0.00000  -0.00001  -0.00002  12.96344  53.99483
 7.029E-02  0.000E+00  0.000E+00   0.00000   0.00000  -0.00001  -0.00002  13.40688  55.99029
 7.267E-02  0.000E+00  0.000E+00   0.00000   0.00000  -0.00001  -0.00002  13.85018  57.98568
 7.505E-02  0.000E+00  0.000E+00   0.00000   0.00000  -0.00001  -0.00002  14.29362  59.98117
 7.743E-02  0.000E+00  0.000E+00   0.00000   0.00000  -0.00001  -0.00002  14.73706  61.97661
 7.982E-02  0.000E+00  0.000E+00   0.00000   0.00000  -0.00001  -0.00002  15.18038  63.97210
 8.220E-02  0.000E+00  0.000E+00   0.00000   0.00000  -0.00001  -0.00002  15.62382  65.96754
 8.458E-02  0.000E+00  0.000E+00   0.00000   0.00000  -0.00001  -0.00002  16.06739  67.96303
 8.696E-02  0.000E+00  0.000E+00   0.00000   0.00000  -0.00001  -0.00002  16.51070  69.95848
 8.935E-02  0.000E+00  0.000E+00   0.00000   0.00000  -0.00001  -0.00002  16.95415  71.95396
 9.173E-02  0.000E+00  0.000E+00   0.00000   0.00000  -0.00001  -0.00002  17.39757  73.94938
 9.411E-02  0.000E+00  0.000E+00   0.00000   0.00000  -0.00001  -0.00003  17.84089  75.94485
 9.650E-02  0.000E+00  0.000E+00   0.00000   0.00000  -0.00001  -0.00003  18.28433  77.94030
 9.888E-02  0.000E+00  0.000E+00   0.00000   0.00000  -0.00001  -0.00003  18.72764  79.93575
 1.013E-01  0.000E+00  0.000E+00   0.00000   0.00000  -0.00001  -0.00003  19.17121  81.93122
 1.036E-01  0.000E+00  0.000E+00   0.00000   0.00000  -0.00001  -0.00003  19.61465  83.92669
 1.060E-01  0.000E+00  0.000E+00   0.00000   0.00000  -0.00001  -0.00003  20.05796  85.92213
 1.084E-01  0.000E+00  0.000E+00   0.00000   0.00000  -0.00001  -0.00003  20.50140  87.91754
 1.108E-01  0.000E+00  0.000E+00   0.00000   0.00000  -0.00001  -0.00003  20.94484  89.91307
 1.132E-01  0.000E+00  0.000E+00   0.00000   0.00000  -0.00001  -0.00003  21.38815  91.90853
 1.156E-01  0.000E+00  0.000E+00   0.00000   0.00000  -0.00001  -0.00003  21.83173  93.90401
 1.179E-01  0.000E+00  0.000E+00   0.00000   0.00000  -0.00001  -0.00003  22.27516  95.89948
 1.203E-01  0.000E+00  0.000E+00   0.00000   0.00000  -0.00002  -0.00003  22.71861  97.89494
 1.227E-01  0.000E+00  0.000E+00   0.00000   0.00000  -0.00002  -0.00003  23.16178  99.89037
 1.251E-01  0.000E+00  0.000E+00   0.00000   0.00000  -0.00002  -0.00003  23.60522 101.88580
 1.275E-01  0.000E+00  0.000E+00   0.00000   0.00000  -0.00002  -0.00003  24.04867 103.88126
 1.299E-01  0.000E+00  0.000E+00   0.00000   0.00000  -0.00002  -0.00004  24.49210 105.87674
 1.322E-01  0.000E+00  0.000E+00   0.00000   0.00001  -0.00002  -0.00004  24.93555 107.87224
 1.346E-01  0.000E+00  0.000E+00   0.00000   0.00000  -0.00002  -0.00004  25.37898 109.86765
 1.370E-01  0.000E+00  0.000E+00   0.00000   0.00001  -0.00002  -0.00004  25.82218 111.86316
 1.394E-01  0.000E+00  0.000E+00   0.00000   0.00000  -0.00002  -0.00004  26.26560 113.85855
 1.418E-01  0.000E+00  0.000E+00   0.00000   0.00000  -0.00002  -0.00004  26.70931 115.85404
 1.441E-01  0.000E+00  0.000E+00   0.00000   0.00001  -0.00002  -0.00004  27.15274 117.84946
 1.465E-01  0.000E+00  0.000E+00   0.00000   0.00001  -0.00002  -0.00004  27.59618 119.84496
 1.489E-01  0.000E+00  0.000E+00   0.00000   0.00000  -0.00002  -0.00004  28.03938 121.84042
 1.513E-01  0.000E+00  0.000E+00   0.00000   0.00001  -0.00002  -0.00004  28.48281 123.83592
 1.537E-01  0.000E+00  0.000E+00   0.00000   0.00000  -0.00002  -0.00004  28.92624 125.83130
 1.561E-01  0.000E+00  0.000E+00   0.00000   0.00000  -0.00002  -0.00004  29.36968 127.82674
 1.584E-01  0.000E+00  0.000E+00   0.00000   0.00001  -0.00002  -0.00004  29.81313 129.82224
 1.608E-01  0.000E+00  0.000E+00   0.00000   0.00001  -0.00002  -0.00004  30.25657 131.81770
 1.632E-01  0.000E+00  0.000E+00   0.00000   0.00000  -0.00002  -0.00004  30.69976 133.81319
 1.656E-01  0.000E+00  0.000E+00   0.00000   0.00001  -0.00002  -0.00005  31.14320 135.80861
 1.680E-01  0.000E+00  0.000E+00   0.00000   0.00001  -0.00002  -0.00005  31.58664 137.80415
 1.704E-01  0.000E+00  0.000E+00   0.00000   0.00001  -0.00002  -0.00005  32.03006 139.79953
 1.727E-01  0.000E+00  0.000E+00   0.00000   0.00001  -0.00002  -0.00005  32.47351 141.79500
 1.751E-01  0.000E+00  0.000E+00   0.00000   0.00001  -0.00002  -0.00005  32.91719 143.79047
 1.775E-01  0.000E+00  0.000E+00   0.00000   0.00000  -0.00002  -0.00005  33.36039 145.78595
 1.799E-01  0.000E+00  0.000E+00   0.00000   0.00001  -0.00002  -0.00005  33.80382 147.78140
 1.823E-01  0.000E+00  0.000E+00   0.00000   0.00001  -0.00002  -0.00005  34.24726 149.77682
 1.847E-01  0.000E+00  0.000E+00   0.00000   0.00000  -0.00002  -0.00005  34.69071 151.77234
 1.870E-01  0.000E+00  0.000E+00   0.00000   0.00001  -0.00002  -0.00005  35.13414 153.76773
 1.894E-01  0.000E+00  0.000E+00   0.00000   0.00001  -0.00002  -0.00005  35.57734 155.76324
 1.918E-01  0.000E+00  0.000E+00   0.00000   0.00001  -0.00002  -0.00005  36.02077 157.75864
 1.942E-01  0.000E+00  0.000E+00   0.00001   0.00001  -0.00002  -0.00005  36.46422 159.75412
 1.966E-01  0.000E+00  0.000E+00   0.00001   0.00000  -0.00002  -0.00005  36.90765 161.74962
 1.989E-01  0.000E+00  0.000E+00   0.00000   0.00001  -0.00003  -0.00005  37.35110 163.74510
 2.013E-01  0.000E+00  0.000E+00   0.00001   0.00001  -0.00003  -0.00006  37.79453 165.74052
 2.037E-01  0.000E+00  0.000E+00   0.00001   0.00001  -0.00003  -0.00006  38.23773 167.73604
 2.061E-01  0.000E+00  0.000E+00   0.00001   0.00001  -0.00003  -0.00006  38.68117 169.73143
 2.085E-01  0.000E+00  0.000E+00   0.00001   0.00001  -0.00003  -0.00006  39.12484 171.72688
 2.109E-01  0.000E+00  0.000E+00   0.00001   0.00001  -0.00003  -0.00006  39.56829 173.72235
 2.132E-01  0.000E+00  0.000E+00   0.00001   0.00001  -0.00003  -0.00006  40.01171 175.71782
 2.156E-01  0.000E+00  0.000E+00   0.00001   0.00001  -0.00003  -0.00006  40.45492 177.71330
 2.180E-01  0.000E+00  0.000E+00   0.00001   0.00001  -0.00003  -0.00006  40.89835 179.70871
 2.204E-01  0.000E+00  0.000E+00   0.00001   0.00001  -0.00003  -0.00006  41.34180 181.70418
 2.228E-01  0.000E+00  0.000E+00   0.00001   0.00001  -0.00003  -0.00006  41.78523 183.69965
 2.252E-01  0.000E+00  0.000E+00   0.00001   0.00001  -0.00003  -0.00006  42.22844 185.69511
 2.275E-01  0.000E+00  0.000E+00   0.00001   0.00001  -0.00003  -0.00006  42.67212 187.69057
 2.299E-01  0.000E+00  0.000E+00   0.00001   0.00000  -0.00003  -0.00006  43.11532 189.68610
 2.323E-01  0.000E+00  0.000E+00   0.00001   0.00001  -0.00003  -0.00006  43.55899 191.68147
 2.347E-01  0.000E+00  0.000E+00   0.00001   0.00001  -0.00003  -0.00006  44.00220 193.67700
 2.371E-01  0.000E+00  0.000E+00   0.00001   0.00001  -0.00003  -0.00007  44.44587 195.67241
 2.395E-01  0.000E+00  0.000E+00   0.00001   0.00001  -0.00003  -0.00007  44.88906 197.66791
 2.418E-01  0.000E+00  0.000E+00   0.00001   0.00001  -0.00003  -0.00007  45.33274 199.66330
 2.442E-01  0.000E+00  0.000E+00   0.00001   0.00001  -0.00003  -0.00007  45.77596 201.65881
 2.466E-01  0.000E+00  0.000E+00   0.00001   0.00001  -0.00003  -0.00007  46.21963 203.65422
 2.490E-01  0.000E+00  0.000E+00   0.00001   0.00001  -0.00003  -0.00007  46.66233 205.64970
 2.514E-01  0.000E+00  0.000E+00   0.00001   0.00001  -0.00003  -0.00007  47.10601 207.64517
 2.537E-01  0.000E+00  0.000E+00   0.00001   0.00001  -0.00003  -0.00007  47.54919 209.64059
 2.561E-01  0.000E+00  0.000E+00   0.00001   0.00000  -0.00003  -0.00007  47.99289 211.63609
 2.585E-01  0.000E+00  0.000E+00   0.00001   0.00001  -0.00003  -0.00007  48.43657 213.63150
 2.609E-01  0.000E+00  0.000E+00   0.00001   0.00001  -0.00003  -0.00007  48.87977 215.62700
 2.633E-01  0.000E+00  0.000E+00   0.00001   0.00001  -0.00003  -0.00007  49.32345 217.62248
 2.657E-01  0.000E+00  0.000E+00   0.00001   0.00001  -0.00003  -0.00007  49.76663 219.61784
 2.680E-01  0.000E+00  0.000E+00   0.00001   0.00001  -0.00003  -0.00007  50.21031 221.61333
 2.704E-01  0.000E+00  0.000E+00   0.00001   0.00001  -0.00003  -0.00007  50.65352 223.60878
 2.728E-01  0.000E+00  0.000E+00   0.00001   0.00001  -0.00003  -0.00008  51.09720 225.60428
 2.752E-01  0.000E+00  0.000E+00   0.00001   0.00001  -0.00003  -0.00008  51.53990 227.59973
 2.776E-01  0.000E+00  0.000E+00   0.00001   0.00001  -0.00004  -0.00008  51.98359 229.59521
 2.800E-01  0.000E+00  0.000E+00   0.00001   0.00001  -0.00004  -0.00008  52.42679 231.59070
 2.823E-01  0.000E+00  0.000E+00   0.00001   0.00001  -0.00004  -0.00008  52.87048 233.58620
 2.847E-01  0.000E+00  0.000E+00   0.00001   0.00001  -0.00004  -0.00008  53.31366 235.58159
 2.871E-01  0.000E+00  0.000E+00   0.00001   0.00001  -0.00004  -0.00008  53.75736 237.57706
 2.895E-01  0.000E+00  0.000E+00   0.00001   0.00000  -0.00004  -0.00008  54.20103 239.57249
 2.919E-01  0.000E+00  0.000E+00   0.00001   0.00001  -0.00004  -0.00008  54.64423 241.56801
 2.943E-01  0.000E+00  0.000E+00   0.00001   0.00001  -0.00004  -0.00008  55.08791 243.56345
 2.966E-01  0.000E+00  0.000E+00   0.00001   0.00002  -0.00004  -0.00008  55.53109 245.55888
 2.990E-01  0.000E+00  0.000E+00   0.00001   0.00001  -0.00004  -0.00008  55.97478 247.55431
 3.014E-01  0.000E+00  0.000E+00   0.00001   0.00001  -0.00004  -0.00008  56.41749 249.54982
 3.038E-01  0.000E+00  0.000E+00   0.00001   0.00001  -0.00004  -0.00008  56.86117 251.54527
 3.062E-01  0.000E+00  0.000E+00   0.00001   0.00001  -0.00004  -0.00008  57.30437 253.54071
 3.085E-01  0.000E+00  0.000E+00   0.00001   0.00001  -0.00004  -0.00009  57.74805 255.53625
 3.109E-01  0.000E+00  0.000E+00   0.00001   0.00001  -0.00004  -0.00009  58.19123 257.53168
 3.133E-01  0.000E+00  0.000E+00   0.00001   0.00002  -0.00004  -0.00009  58.63494 259.52713
 3.157E-01  0.000E+00  0.000E+00   0.00001   0.00001  -0.00004  -0.00009  59.07811 261.52246
 3.181E-01  0.000E+00  0.000E+00   0.00001   0.00002  -0.00004  -0.00009  59.52182 263.51801
 3.205E-01  0.000E+00  0.000E+00   0.00001   0.00001  -0.00004  -0.00009  59.96501 265.51346
 3.228E-01  0.000E+00  0.000E+00   0.00001   0.00001  -0.00004  -0.00009  60.40868 267.50900
 3.252E-01  0.000E+00  0.000E+00   0.00001   0.00001  -0.00004  -0.00009  60.85237 269.50443
 3.276E-01  0.000E+00  0.000E+00   0.00001   0.00001  -0.00004  -0.00009  61.29556 271.49982
 3.300E-01  0.000E+00  0.000E+00   0.00001   0.00001  -0.00004  -0.00009  61.73875 273.49539
 3.324E-01  0.000E+00  0.000E+00   0.00001   0.00001  -0.00004  -0.00009  62.18192 275.49078
 3.348E-01  0.000E+00  0.000E+00   0.00001   0.00001  -0.00004  -0.00009  62.62564 277.48624
 3.371E-01  0.000E+00  0.000E+00   0.00001   0.00001  -0.00004  -0.00009  63.06882 279.48166
 3.395E-01  0.000E+00  0.000E+00   0.00001   0.00001  -0.00004  -0.00009  63.51251 281.47717
 3.419E-01  0.000E+00  0.000E+00   0.00001   0.00000  -0.00004  -0.00009  63.95570 283.47253
 3.443E-01  0.000E+00  0.000E+00   0.00001   0.00001  -0.00004  -0.00010  64.39940 285.46814
 3.467E-01  0.000E+00  0.000E+00   0.00001   0.00002  -0.00004  -0.00010  64.84260 287.46353
 3.491E-01  0.000E+00  0.000E+00   0.00001   0.00001  -0.00004  -0.00010  65.28625 289.45886
 3.514E-01  0.000E+00  0.000E+00   0.00001   0.00002  -0.00004  -0.00010  65.72946 291.45447
 3.538E-01  0.000E+00  0.000E+00   0.00001   0.00002  -0.00005  -0.00010  66.17315 293.44989
 3.562E-01  0.000E+00  0.000E+00   0.00001   0.00002  -0.00005  -0.00010  66.61633 295.44537
 3.586E-01  0.000E+00  0.000E+00   0.00001   0.00002  -0.00005  -0.00010  67.05953 297.44083
 3.610E-01  0.000E+00  0.000E+00   0.00001   0.00001  -0.00005  -0.00010  67.50323 299.43625
 3.633E-01  0.000E+00  0.000E+00   0.00001   0.00001  -0.00005  -0.00010  67.94639 301.43164
 3.657E-01  0.000E+00  0.000E+00   0.00001   0.00001  -0.00005  -0.00010  68.39008 303.42725
 3.681E-01  0.000E+00  0.000E+00   0.00001   0.00001  -0.00005  -0.00010  68.83327 305.42261
 3.705E-01  0.000E+00  0.000E+00   0.00001   0.00002  -0.00005  -0.00010  69.27698 307.41812
 3.729E-01  0.000E+00  0.000E+00   0.00001   0.00001  -0.00005  -0.00010  69.72016 309.41360
 3.753E-01  0.000E+00  0.000E+00   0.00001   0.00002  -0.00005  -0.00010  70.16385 311.40900
 3.776E-01  0.000E+00  0.000E+00   0.00001   0.00001  -0.00005  -0.00010  70.60703 313.40454
 3.800E-01  0.000E+00  0.000E+00   0.00001   0.00001  -0.00005  -0.00011  71.05070 315.39993
 3.824E-01  0.000E+00  0.000E+00   0.00001   0.00001  -0.00005  -0.00011  71.49340 317.39536
 3.848E-01  0.000E+00  0.000E+00   0.00001   0.00002  -0.00005  -0.00011  71.93711 319.39087
 3.872E-01  0.000E+00  0.000E+00   0.00001   0.00001  -0.00005  -0.00011  72.38030 321.38644
 3.896E-01  0.000E+00  0.000E+00   0.00001   0.00002  -0.00005  -0.00011  72.82397 323.38190
 3.919E-01  0.000E+00  0.000E+00   0.00001   0.00002  -0.00005  -0.00011  73.26768 325.37732
 3.943E-01  0.000E+00  0.000E+00   0.00001   0.00002  -0.00005  -0.00011  73.71086 327.37271
 3.967E-01  0.000E+00  0.000E+00   0.00001   0.00001  -0.00005  -0.00011  74.15454 329.36816
 3.991E-01  0.000E+00  0.000E+00   0.00001   0.00002  -0.00005  -0.00011  74.59772 331.36365
 4.015E-01  0.000E+00  0.000E+00   0.00001   0.00002  -0.00005  -0.00011  75.04143 333.35919
 4.038E-01  0.000E+00  0.000E+00   0.00001   0.00002  -0.00005  -0.00011  75.48463 335.35452
 4.062E-01  0.000E+00  0.000E+00   0.00001   0.00002  -0.00005  -0.00011  75.92830 337.34995
 4.086E-01  0.000E+00  0.000E+00   0.00001   0.00002  -0.00005  -0.00011  76.37099 339.34549
 4.110E-01  0.000E+00  0.000E+00   0.00001   0.00002  -0.00005  -0.00011  76.81468 341.34094
 4.134E-01  0.000E+00  0.000E+00   0.00001   0.00001  -0.00005  -0.00011  77.25791 343.33649
 4.158E-01  0.000E+00  0.000E+00   0.00001   0.00002  -0.00005  -0.00012  77.70157 345.33188
 4.181E-01  0.000E+00  0.000E+00   0.00001   0.00002  -0.00005  -0.00012  78.14477 347.32730
 4.205E-01  0.000E+00  0.000E+00   0.00001   0.00002  -0.00005  -0.00012  78.58842 349.32263
 4.229E-01  0.000E+00  0.000E+00   0.00001   0.00001  -0.00005  -0.00012  79.03211 351.31812
 4.253E-01  0.000E+00  0.000E+00   0.00001   0.00001  -0.00005  -0.00012  79.47533 353.31360
 4.277E-01  0.000E+00  0.000E+00   0.00001   0.00002  -0.00005  -0.00012  79.91900 355.30914
 4.301E-01  0.000E+00  0.000E+00   0.00001   0.00001  -0.00005  -0.00012  80.36220 357.30466
 4.324E-01  0.000E+00  0.000E+00   0.00001   0.00002  -0.00006  -0.00012  80.80589 359.30008
 4.348E-01  0.000E+00  0.000E+00   0.00001   0.00002  -0.00006  -0.00012  81.24861 361.29562
 4.372E-01  0.000E+00  0.000E+00   0.00001   0.00002  -0.00006  -0.00012  81.69228 363.29108
 4.396E-01  0.000E+00  0.000E+00   0.00001   0.00001  -0.00006  -0.00012  82.13546 365.28647
 4.420E-01  0.000E+00  0.000E+00   0.00001   0.00002  -0.00006  -0.00012  82.57914 367.28177
 4.444E-01  0.000E+00  0.000E+00   0.00001   0.00002  -0.00006  -0.00012  83.02233 369.27737
 4.467E-01  0.000E+00  0.000E+00   0.00001   0.00002  -0.00006  -0.00012  83.46555 371.27289
 4.491E-01  0.000E+00  0.000E+00   0.00001   0.00003  -0.00006  -0.00012  83.90925 373.26831
 4.515E-01  0.000E+00  0.000E+00   0.00001   0.00002  -0.00006  -0.00012  84.35291 375.26373
 4.539E-01  0.000E+00  0.000E+00   0.00001   0.00001  -0.00006  -0.00013  84.79658 377.25925
 4.563E-01  0.000E+00  0.000E+00   0.00001   0.00002  -0.00006  -0.00013  85.24026 379.25467
 4.586E-01  0.000E+00  0.000E+00   0.00001   0.00001  -0.00006  -0.00013  85.68296 381.25012
 4.610E-01  0.000E+00  0.000E+00   0.00001   0.00002  -0.00006  -0.00013  86.12666 383.24554
 4.634E-01  0.000E+00  0.000E+00   0.00001   0.00002  -0.00006  -0.00013  86.57033 385.24091
 4.658E-01  0.000E+00  0.000E+00   0.00001   0.00002  -0.00006  -0.00013  87.01402 387.23636
 4.682E-01  0.000E+00  0.000E+00   0.00001   0.00002  -0.00006  -0.00013  87.45673 389.23193
 4.706E-01  0.000E+00  0.000E+00   0.00001   0.00002  -0.00006  -0.00013  87.90041 391.22733
 4.729E-01  0.000E+00  0.000E+00   0.00001   0.00002  -0.00006  -0.00013  88.34409 393.22278
 4.753E-01  0.000E+00  0.000E+00   0.00001   0.00001  -0.00006  -0.00013  88.78680 395.21832
 4.777E-01  0.000E+00  0.000E+00   0.00001   0.00002  -0.00006  -0.00013  89.22954 397.21381
 4.801E-01  0.000E+00  0.000E+00   0.00001   0.00001  -0.00006  -0.00013  89.67320 399.20926
 4.825E-01  0.000E+00  0.000E+00   0.00001   0.00002  -0.00006  -0.00013  90.11687 401.20480
 4.849E-01  0.000E+00  0.000E+00   0.00001   0.00002  -0.00006  -0.00013  90.56059 403.20026
 4.872E-01  0.000E+00  0.000E+00   0.00001   0.00001  -0.00006  -0.00014  91.00426 405.19571
 4.896E-01  0.000E+00  0.000E+00   0.00001   0.00002  -0.00006  -0.00014  91.44692 407.19113
 4.920E-01  0.000E+00  0.000E+00   0.00001   0.00002  -0.00006  -0.00014  91.89062 409.18658
 4.944E-01  0.000E+00  0.000E+00   0.00001   0.00001  -0.00006  -0.00014  92.33433 411.18207
 4.968E-01  0.000E+00  0.000E+00   0.00001   0.00002  -0.00006  -0.00014  92.77802 413.17752
 4.992E-01  0.000E+00  0.000E+00   0.00001   0.00002  -0.00006  -0.00014  93.22070 415.17288
 5.015E-01  0.000E+00  0.000E+00   0.00001   0.00002  -0.00006  -0.00014  93.66438 417.16849
 5.039E-01  0.000E+00  0.000E+00   0.00001   0.00002  -0.00006  -0.00014  94.10804 419.16388
 5.063E-01  0.000E+00  0.000E+00   0.00001   0.00001  -0.00006  -0.00014  94.55173 421.15930
 5.087E-01  0.000E+00  0.000E+00   0.00001   0.00002  -0.00006  -0.00014  94.99447 423.15482
 5.111E-01  0.000E+00  0.000E+00   0.00001   0.00002  -0.00007  -0.00014  95.43818 425.15030
 5.134E-01  0.000E+00  0.000E+00   0.00002   0.00001  -0.00007  -0.00014  95.88183 427.14572
 5.158E-01  0.000E+00  0.000E+00   0.00001   0.00002  -0.00007  -0.00014  96.32549 429.14102
 5.182E-01  0.000E+00  0.000E+00   0.00001   0.00002  -0.00007  -0.00014  96.76820 431.13647
 5.206E-01  0.000E+00  0.000E+00   0.00001   0.00002  -0.00007  -0.00014  97.21187 433.13202
 5.230E-01  0.000E+00  0.000E+00   0.00001   0.00002  -0.00007  -0.00015  97.65558 435.12753
 5.254E-01  0.000E+00  0.000E+00   0.00001   0.00002  -0.00007  -0.00015  98.09927 437.12283
 5.277E-01  0.000E+00  0.000E+00   0.00001   0.00003  -0.00007  -0.00015  98.54197 439.11850
 5.301E-01  0.000E+00  0.000E+00   0.00001   0.00002  -0.00007  -0.00015  98.98466 441.11389
 5.325E-01  0.000E+00  0.000E+00   0.00001   0.00002  -0.00007  -0.00015  99.42838 443.10956
 5.349E-01  0.000E+00  0.000E+00   0.00001   0.00002  -0.00007  -0.00015  99.87204 445.10486
 5.373E-01  0.000E+00  0.000E+00   0.00002   0.00003  -0.00007  -0.00015 100.31572 447.10031
 5.397E-01  0.000E+00  0.000E+00   0.00001   0.00002  -0.00007  -0.00015 100.75842 449.09576
 5.420E-01  0.000E+00  0.000E+00   0.00001   0.00002  -0.00007  -0.00015 101.20213 451.09116
 5.444E-01  0.000E+00  0.000E+00   0.00001   0.00002  -0.00007  -0.00015 101.64577 453.08667
 5.468E-01  0.000E+00  0.000E+00   0.00001   0.00001  -0.00007  -0.00015 102.08947 455.08215
 5.492E-01  0.000E+00  0.000E+00   0.00001   0.00002  -0.00007  -0.00015 102.53220 457.07755
 5.516E-01  0.000E+00  0.000E+00   0.00002   0.00002  -0.00007  -0.00015 102.97584 459.07300
 5.540E-01  0.000E+00  0.000E+00   0.00001   0.00002  -0.00007  -0.00015 103.41954 461.06845
 5.563E-01  0.000E+00  0.000E+00   0.00001   0.00002  -0.00007  -0.00015 103.86321 463.06390
 5.587E-01  0.000E+00  0.000E+00   0.00002   0.00002  -0.00007  -0.00015 104.30692 465.05945
 5.611E-01  0.000E+00  0.000E+00   0.00001   0.00002  -0.00007  -0.00016 104.74965 467.05487
 5.635E-01  0.000E+00  0.000E+00   0.00002   0.00002  -0.00007  -0.00016 105.19331 469.05035
 5.659E-01  0.000E+00  0.000E+00   0.00001   0.00002  -0.00007  -0.00016 105.63698 471.04578
 5.682E-01  0.000E+00  0.000E+00   0.00002   0.00002  -0.00007  -0.00016 106.08066 473.04111
 5.706E-01  0.000E+00  0.000E+00   0.00001   0.00002  -0.00007  -0.00016 106.52335 475.03683
 5.730E-01  0.000E+00  0.000E+00   0.00001   0.00002  -0.00007  -0.00016 106.96704 477.03226
 5.754E-01  0.000E+00  0.000E+00   0.00002   0.00002  -0.00007  -0.00016 107.41074 479.02759
 5.778E-01  0.000E+00  0.000E+00   0.00001   0.00003  -0.00007  -0.00016 107.85445 481.02319
 5.802E-01  0.000E+00  0.000E+00   0.00001   0.00002  -0.00007  -0.00016 108.29715 483.01852
 5.825E-01  0.000E+00  0.000E+00   0.00001   0.00002  -0.00007  -0.00016 108.73984 485.01407
 5.849E-01  0.000E+00  0.000E+00   0.00002   0.00002  -0.00007  -0.00016 109.18350 487.00943
 5.873E-01  0.000E+00  0.000E+00   0.00001   0.00003  -0.00008  -0.00016 109.62720 489.00488
 5.897E-01  0.000E+00  0.000E+00   0.00002   0.00003  -0.00008  -0.00016 110.07086 491.00043
 5.921E-01  0.000E+00  0.000E+00   0.00002   0.00001  -0.00008  -0.00016 110.51361 492.99585
 5.945E-01  0.000E+00  0.000E+00   0.00002   0.00003  -0.00008  -0.00017 110.95729 494.99136
 5.968E-01  0.000E+00  0.000E+00   0.00002   0.00001  -0.00008  -0.00017 111.40096 496.98685
