 >REASHP: option FROM_FILE
      4169 = NAT
  1.000000  0.000000  0.000000 = A_1 vector
  0.000000  1.000000  0.000000 = A_2 vector
  1.000000  1.000000  1.000000 = lattice spacings (d_x,d_y,d_z)/d
 -20.50000 -20.50000 -20.50000 = lattice offset x0(1-3) = (x_TF,y_TF,z_TF)/d for dipole 0 0 0
     JA  IX  IY  IZ ICOMP(x,y,z)
      1   11   21   21 5 5 5
      2   12   17   20 5 5 5
      3   12   17   21 5 5 5
      4   12   17   22 5 5 5
      5   12   18   18 5 5 5
      6   12   18   19 4 4 4
      7   12   18   20 4 4 4
      8   12   18   21 4 4 4
      9   12   18   22 4 4 4
     10   12   18   23 4 4 4
     11   12   18   24 5 5 5
     12   12   19   18 4 4 4
     13   12   19   19 4 4 4
     14   12   19   20 4 4 4
     15   12   19   21 3 3 3
     16   12   19   22 4 4 4
     17   12   19   23 4 4 4
     18   12   19   24 4 4 4
     19   12   20   17 5 5 5
     20   12   20   18 4 4 4
     21   12   20   19 4 4 4
     22   12   20   20 3 3 3
     23   12   20   21 3 3 3
     24   12   20   22 3 3 3
     25   12   20   23 4 4 4
     26   12   20   24 4 4 4
     27   12   20   25 5 5 5
     28   12   21   17 5 5 5
     29   12   21   18 4 4 4
     30   12   21   19 3 3 3
     31   12   21   20 3 3 3
     32   12   21   21 3 3 3
     33   12   21   22 3 3 3
     34   12   21   23 3 3 3
     35   12   21   24 4 4 4
     36   12   21   25 5 5 5
     37   12   22   17 5 5 5
     38   12   22   18 4 4 4
     39   12   22   19 4 4 4
     40   12   22   20 3 3 3
     41   12   22   21 3 3 3
     42   12   22   22 3 3 3
     43   12   22   23 4 4 4
     44   12   22   24 4 4 4
     45   12   22   25 5 5 5
     46   12   23   18 4 4 4
     47   12   23   19 4 4 4
     48   12   23   20 4 4 4
     49   12   23   21 3 3 3
     50   12   23   22 4 4 4
     51   12   23   23 4 4 4
     52   12   23   24 4 4 4
     53   12   24   18 5 5 5
     54   12   24   19 4 4 4
     55   12   24   20 4 4 4
     56   12   24   21 4 4 4
     57   12   24   22 4 4 4
     58   12   24   23 4 4 4
     59   12   24   24 5 5 5
     60   12   25   20 5 5 5
     61   12   25   21 5 5 5
     62   12   25   22 5 5 5
     63   13   15   21 5 5 5
     64   13   16   18 5 5 5
     65   13   16   19 4 4 4
     66   13   16   20 4 4 4
     67   13   16   21 4 4 4
     68   13   16   22 4 4 4
     69   13   16   23 4 4 4
     70   13   16   24 5 5 5
     71   13   17   17 5 5 5
     72   13   17   18 4 4 4
     73   13   17   19 3 3 3
     74   13   17   20 2 2 2
     75   13   17   21 2 2 2
     76   13   17   22 2 2 2
     77   13   17   23 3 3 3
     78   13   17   24 4 4 4
     79   13   17   25 5 5 5
     80   13   18   16 5 5 5
     81   13   18   17 4 4 4
     82   13   18   18 3 3 3
     83   13   18   19 2 2 2
     84   13   18   20 1 1 1
     85   13   18   21 1 1 1
     86   13   18   22 1 1 1
     87   13   18   23 2 2 2
     88   13   18   24 3 3 3
     89   13   18   25 4 4 4
     90   13   18   26 5 5 5
     91   13   19   16 4 4 4
     92   13   19   17 3 3 3
     93   13   19   18 2 2 2
     94   13   19   19 1 1 1
     95   13   19   20 1 1 1
     96   13   19   21 1 1 1
     97   13   19   22 1 1 1
     98   13   19   23 1 1 1
     99   13   19   24 2 2 2
    100   13   19   25 3 3 3
    101   13   19   26 4 4 4
    102   13   20   16 4 4 4
    103   13   20   17 2 2 2
    104   13   20   18 1 1 1
    105   13   20   19 1 1 1
    106   13   20   20 1 1 1
    107   13   20   21 1 1 1
    108   13   20   22 1 1 1
    109   13   20   23 1 1 1
    110   13   20   24 1 1 1
    111   13   20   25 2 2 2
    112   13   20   26 4 4 4
    113   13   21   15 5 5 5
    114   13   21   16 4 4 4
    115   13   21   17 2 2 2
    116   13   21   18 1 1 1
    117   13   21   19 1 1 1
    118   13   21   20 1 1 1
    119   13   21   21 1 1 1
    120   13   21   22 1 1 1
    121   13   21   23 1 1 1
    122   13   21   24 1 1 1
    123   13   21   25 2 2 2
    124   13   21   26 4 4 4
    125   13   21   27 5 5 5
    126   13   22   16 4 4 4
    127   13   22   17 2 2 2
    128   13   22   18 1 1 1
    129   13   22   19 1 1 1
    130   13   22   20 1 1 1
    131   13   22   21 1 1 1
    132   13   22   22 1 1 1
    133   13   22   23 1 1 1
    134   13   22   24 1 1 1
    135   13   22   25 2 2 2
    136   13   22   26 4 4 4
    137   13   23   16 4 4 4
    138   13   23   17 3 3 3
    139   13   23   18 2 2 2
    140   13   23   19 1 1 1
    141   13   23   20 1 1 1
    142   13   23   21 1 1 1
    143   13   23   22 1 1 1
    144   13   23   23 1 1 1
    145   13   23   24 2 2 2
    146   13   23   25 3 3 3
    147   13   23   26 4 4 4
    148   13   24   16 5 5 5
    149   13   24   17 4 4 4
    150   13   24   18 3 3 3
    151   13   24   19 2 2 2
    152   13   24   20 1 1 1
    153   13   24   21 1 1 1
    154   13   24   22 1 1 1
    155   13   24   23 2 2 2
    156   13   24   24 3 3 3
    157   13   24   25 4 4 4
    158   13   24   26 5 5 5
    159   13   25   17 5 5 5
    160   13   25   18 4 4 4
    161   13   25   19 3 3 3
    162   13   25   20 2 2 2
    163   13   25   21 2 2 2
    164   13   25   22 2 2 2
    165   13   25   23 3 3 3
    166   13   25   24 4 4 4
    167   13   25   25 5 5 5
    168   13   26   18 5 5 5
    169   13   26   19 4 4 4
    170   13   26   20 4 4 4
    171   13   26   21 4 4 4
    172   13   26   22 4 4 4
    173   13   26   23 4 4 4
    174   13   26   24 5 5 5
    175   13   27   21 5 5 5
    176   14   14   20 5 5 5
    177   14   14   21 5 5 5
    178   14   14   22 5 5 5
    179   14   15   18 4 4 4
    180   14   15   19 4 4 4
    181   14   15   20 4 4 4
    182   14   15   21 3 3 3
    183   14   15   22 4 4 4
    184   14   15   23 4 4 4
    185   14   15   24 4 4 4
    186   14   16   16 5 5 5
    187   14   16   17 4 4 4
    188   14   16   18 3 3 3
    189   14   16   19 2 2 2
    190   14   16   20 1 1 1
    191   14   16   21 1 1 1
    192   14   16   22 1 1 1
    193   14   16   23 2 2 2
    194   14   16   24 3 3 3
    195   14   16   25 4 4 4
    196   14   16   26 5 5 5
    197   14   17   16 4 4 4
    198   14   17   17 3 3 3
    199   14   17   18 1 1 1
    200   14   17   19 1 1 1
    201   14   17   20 1 1 1
    202   14   17   21 1 1 1
    203   14   17   22 1 1 1
    204   14   17   23 1 1 1
    205   14   17   24 1 1 1
    206   14   17   25 3 3 3
    207   14   17   26 4 4 4
    208   14   18   15 4 4 4
    209   14   18   16 3 3 3
    210   14   18   17 1 1 1
    211   14   18   18 1 1 1
    212   14   18   19 1 1 1
    213   14   18   20 1 1 1
    214   14   18   21 1 1 1
    215   14   18   22 1 1 1
    216   14   18   23 1 1 1
    217   14   18   24 1 1 1
    218   14   18   25 1 1 1
    219   14   18   26 3 3 3
    220   14   18   27 4 4 4
    221   14   19   15 4 4 4
    222   14   19   16 2 2 2
    223   14   19   17 1 1 1
    224   14   19   18 1 1 1
    225   14   19   19 1 1 1
    226   14   19   20 1 1 1
    227   14   19   21 1 1 1
    228   14   19   22 1 1 1
    229   14   19   23 1 1 1
    230   14   19   24 1 1 1
    231   14   19   25 1 1 1
    232   14   19   26 2 2 2
    233   14   19   27 4 4 4
    234   14   20   14 5 5 5
    235   14   20   15 4 4 4
    236   14   20   16 1 1 1
    237   14   20   17 1 1 1
    238   14   20   18 1 1 1
    239   14   20   19 1 1 1
    240   14   20   20 1 1 1
    241   14   20   21 1 1 1
    242   14   20   22 1 1 1
    243   14   20   23 1 1 1
    244   14   20   24 1 1 1
    245   14   20   25 1 1 1
    246   14   20   26 1 1 1
    247   14   20   27 4 4 4
    248   14   20   28 5 5 5
    249   14   21   14 5 5 5
    250   14   21   15 3 3 3
    251   14   21   16 1 1 1
    252   14   21   17 1 1 1
    253   14   21   18 1 1 1
    254   14   21   19 1 1 1
    255   14   21   20 1 1 1
    256   14   21   21 1 1 1
    257   14   21   22 1 1 1
    258   14   21   23 1 1 1
    259   14   21   24 1 1 1
    260   14   21   25 1 1 1
    261   14   21   26 1 1 1
    262   14   21   27 3 3 3
    263   14   21   28 5 5 5
    264   14   22   14 5 5 5
    265   14   22   15 4 4 4
    266   14   22   16 1 1 1
    267   14   22   17 1 1 1
    268   14   22   18 1 1 1
    269   14   22   19 1 1 1
    270   14   22   20 1 1 1
    271   14   22   21 1 1 1
    272   14   22   22 1 1 1
    273   14   22   23 1 1 1
    274   14   22   24 1 1 1
    275   14   22   25 1 1 1
    276   14   22   26 1 1 1
    277   14   22   27 4 4 4
    278   14   22   28 5 5 5
    279   14   23   15 4 4 4
    280   14   23   16 2 2 2
    281   14   23   17 1 1 1
    282   14   23   18 1 1 1
    283   14   23   19 1 1 1
    284   14   23   20 1 1 1
    285   14   23   21 1 1 1
    286   14   23   22 1 1 1
    287   14   23   23 1 1 1
    288   14   23   24 1 1 1
    289   14   23   25 1 1 1
    290   14   23   26 2 2 2
    291   14   23   27 4 4 4
    292   14   24   15 4 4 4
    293   14   24   16 3 3 3
    294   14   24   17 1 1 1
    295   14   24   18 1 1 1
    296   14   24   19 1 1 1
    297   14   24   20 1 1 1
    298   14   24   21 1 1 1
    299   14   24   22 1 1 1
    300   14   24   23 1 1 1
    301   14   24   24 1 1 1
    302   14   24   25 1 1 1
    303   14   24   26 3 3 3
    304   14   24   27 4 4 4
    305   14   25   16 4 4 4
    306   14   25   17 3 3 3
    307   14   25   18 1 1 1
    308   14   25   19 1 1 1
    309   14   25   20 1 1 1
    310   14   25   21 1 1 1
    311   14   25   22 1 1 1
    312   14   25   23 1 1 1
    313   14   25   24 1 1 1
    314   14   25   25 3 3 3
    315   14   25   26 4 4 4
    316   14   26   16 5 5 5
    317   14   26   17 4 4 4
    318   14   26   18 3 3 3
    319   14   26   19 2 2 2
    320   14   26   20 1 1 1
    321   14   26   21 1 1 1
    322   14   26   22 1 1 1
    323   14   26   23 2 2 2
    324   14   26   24 3 3 3
    325   14   26   25 4 4 4
    326   14   26   26 5 5 5
    327   14   27   18 4 4 4
    328   14   27   19 4 4 4
    329   14   27   20 4 4 4
    330   14   27   21 3 3 3
    331   14   27   22 4 4 4
    332   14   27   23 4 4 4
    333   14   27   24 4 4 4
    334   14   28   20 5 5 5
    335   14   28   21 5 5 5
    336   14   28   22 5 5 5
    337   15   13   21 5 5 5
    338   15   14   18 4 4 4
    339   15   14   19 4 4 4
    340   15   14   20 4 4 4
    341   15   14   21 3 3 3
    342   15   14   22 4 4 4
    343   15   14   23 4 4 4
    344   15   14   24 4 4 4
    345   15   15   16 5 5 5
    346   15   15   17 4 4 4
    347   15   15   18 3 3 3
    348   15   15   19 1 1 1
    349   15   15   20 1 1 1
    350   15   15   21 1 1 1
    351   15   15   22 1 1 1
    352   15   15   23 1 1 1
    353   15   15   24 3 3 3
    354   15   15   25 4 4 4
    355   15   15   26 5 5 5
    356   15   16   15 5 5 5
    357   15   16   16 4 4 4
    358   15   16   17 2 2 2
    359   15   16   18 1 1 1
    360   15   16   19 1 1 1
    361   15   16   20 1 1 1
    362   15   16   21 1 1 1
    363   15   16   22 1 1 1
    364   15   16   23 1 1 1
    365   15   16   24 1 1 1
    366   15   16   25 2 2 2
    367   15   16   26 4 4 4
    368   15   16   27 5 5 5
    369   15   17   15 4 4 4
    370   15   17   16 2 2 2
    371   15   17   17 1 1 1
    372   15   17   18 1 1 1
    373   15   17   19 1 1 1
    374   15   17   20 1 1 1
    375   15   17   21 1 1 1
    376   15   17   22 1 1 1
    377   15   17   23 1 1 1
    378   15   17   24 1 1 1
    379   15   17   25 1 1 1
    380   15   17   26 2 2 2
    381   15   17   27 4 4 4
    382   15   18   14 4 4 4
    383   15   18   15 3 3 3
    384   15   18   16 1 1 1
    385   15   18   17 1 1 1
    386   15   18   18 1 1 1
    387   15   18   19 1 1 1
    388   15   18   20 1 1 1
    389   15   18   21 1 1 1
    390   15   18   22 1 1 1
    391   15   18   23 1 1 1
    392   15   18   24 1 1 1
    393   15   18   25 1 1 1
    394   15   18   26 1 1 1
    395   15   18   27 3 3 3
    396   15   18   28 4 4 4
    397   15   19   14 4 4 4
    398   15   19   15 1 1 1
    399   15   19   16 1 1 1
    400   15   19   17 1 1 1
    401   15   19   18 1 1 1
    402   15   19   19 1 1 1
    403   15   19   20 1 1 1
    404   15   19   21 1 1 1
    405   15   19   22 1 1 1
    406   15   19   23 1 1 1
    407   15   19   24 1 1 1
    408   15   19   25 1 1 1
    409   15   19   26 1 1 1
    410   15   19   27 1 1 1
    411   15   19   28 4 4 4
    412   15   20   14 4 4 4
    413   15   20   15 1 1 1
    414   15   20   16 1 1 1
    415   15   20   17 1 1 1
    416   15   20   18 1 1 1
    417   15   20   19 1 1 1
    418   15   20   20 1 1 1
    419   15   20   21 1 1 1
    420   15   20   22 1 1 1
    421   15   20   23 1 1 1
    422   15   20   24 1 1 1
    423   15   20   25 1 1 1
    424   15   20   26 1 1 1
    425   15   20   27 1 1 1
    426   15   20   28 4 4 4
    427   15   21   13 5 5 5
    428   15   21   14 3 3 3
    429   15   21   15 1 1 1
    430   15   21   16 1 1 1
    431   15   21   17 1 1 1
    432   15   21   18 1 1 1
    433   15   21   19 1 1 1
    434   15   21   20 1 1 1
    435   15   21   21 1 1 1
    436   15   21   22 1 1 1
    437   15   21   23 1 1 1
    438   15   21   24 1 1 1
    439   15   21   25 1 1 1
    440   15   21   26 1 1 1
    441   15   21   27 1 1 1
    442   15   21   28 3 3 3
    443   15   21   29 5 5 5
    444   15   22   14 4 4 4
    445   15   22   15 1 1 1
    446   15   22   16 1 1 1
    447   15   22   17 1 1 1
    448   15   22   18 1 1 1
    449   15   22   19 1 1 1
    450   15   22   20 1 1 1
    451   15   22   21 1 1 1
    452   15   22   22 1 1 1
    453   15   22   23 1 1 1
    454   15   22   24 1 1 1
    455   15   22   25 1 1 1
    456   15   22   26 1 1 1
    457   15   22   27 1 1 1
    458   15   22   28 4 4 4
    459   15   23   14 4 4 4
    460   15   23   15 1 1 1
    461   15   23   16 1 1 1
    462   15   23   17 1 1 1
    463   15   23   18 1 1 1
    464   15   23   19 1 1 1
    465   15   23   20 1 1 1
    466   15   23   21 1 1 1
    467   15   23   22 1 1 1
    468   15   23   23 1 1 1
    469   15   23   24 1 1 1
    470   15   23   25 1 1 1
    471   15   23   26 1 1 1
    472   15   23   27 1 1 1
    473   15   23   28 4 4 4
    474   15   24   14 4 4 4
    475   15   24   15 3 3 3
    476   15   24   16 1 1 1
    477   15   24   17 1 1 1
    478   15   24   18 1 1 1
    479   15   24   19 1 1 1
    480   15   24   20 1 1 1
    481   15   24   21 1 1 1
    482   15   24   22 1 1 1
    483   15   24   23 1 1 1
    484   15   24   24 1 1 1
    485   15   24   25 1 1 1
    486   15   24   26 1 1 1
    487   15   24   27 3 3 3
    488   15   24   28 4 4 4
    489   15   25   15 4 4 4
    490   15   25   16 2 2 2
    491   15   25   17 1 1 1
    492   15   25   18 1 1 1
    493   15   25   19 1 1 1
    494   15   25   20 1 1 1
    495   15   25   21 1 1 1
    496   15   25   22 1 1 1
    497   15   25   23 1 1 1
    498   15   25   24 1 1 1
    499   15   25   25 1 1 1
    500   15   25   26 2 2 2
    501   15   25   27 4 4 4
    502   15   26   15 5 5 5
    503   15   26   16 4 4 4
    504   15   26   17 2 2 2
    505   15   26   18 1 1 1
    506   15   26   19 1 1 1
    507   15   26   20 1 1 1
    508   15   26   21 1 1 1
    509   15   26   22 1 1 1
    510   15   26   23 1 1 1
    511   15   26   24 1 1 1
    512   15   26   25 2 2 2
    513   15   26   26 4 4 4
    514   15   26   27 5 5 5
    515   15   27   16 5 5 5
    516   15   27   17 4 4 4
    517   15   27   18 3 3 3
    518   15   27   19 1 1 1
    519   15   27   20 1 1 1
    520   15   27   21 1 1 1
    521   15   27   22 1 1 1
    522   15   27   23 1 1 1
    523   15   27   24 3 3 3
    524   15   27   25 4 4 4
    525   15   27   26 5 5 5
    526   15   28   18 4 4 4
    527   15   28   19 4 4 4
    528   15   28   20 4 4 4
    529   15   28   21 3 3 3
    530   15   28   22 4 4 4
    531   15   28   23 4 4 4
    532   15   28   24 4 4 4
    533   15   29   21 5 5 5
    534   16   13   18 5 5 5
    535   16   13   19 4 4 4
    536   16   13   20 4 4 4
    537   16   13   21 4 4 4
    538   16   13   22 4 4 4
    539   16   13   23 4 4 4
    540   16   13   24 5 5 5
    541   16   14   16 5 5 5
    542   16   14   17 4 4 4
    543   16   14   18 3 3 3
    544   16   14   19 2 2 2
    545   16   14   20 1 1 1
    546   16   14   21 1 1 1
    547   16   14   22 1 1 1
    548   16   14   23 2 2 2
    549   16   14   24 3 3 3
    550   16   14   25 4 4 4
    551   16   14   26 5 5 5
    552   16   15   15 5 5 5
    553   16   15   16 4 4 4
    554   16   15   17 2 2 2
    555   16   15   18 1 1 1
    556   16   15   19 1 1 1
    557   16   15   20 1 1 1
    558   16   15   21 1 1 1
    559   16   15   22 1 1 1
    560   16   15   23 1 1 1
    561   16   15   24 1 1 1
    562   16   15   25 2 2 2
    563   16   15   26 4 4 4
    564   16   15   27 5 5 5
    565   16   16   14 5 5 5
    566   16   16   15 4 4 4
    567   16   16   16 1 1 1
    568   16   16   17 1 1 1
    569   16   16   18 1 1 1
    570   16   16   19 1 1 1
    571   16   16   20 1 1 1
    572   16   16   21 1 1 1
    573   16   16   22 1 1 1
    574   16   16   23 1 1 1
    575   16   16   24 1 1 1
    576   16   16   25 1 1 1
    577   16   16   26 1 1 1
    578   16   16   27 4 4 4
    579   16   16   28 5 5 5
    580   16   17   14 4 4 4
    581   16   17   15 2 2 2
    582   16   17   16 1 1 1
    583   16   17   17 1 1 1
    584   16   17   18 1 1 1
    585   16   17   19 1 1 1
    586   16   17   20 1 1 1
    587   16   17   21 1 1 1
    588   16   17   22 1 1 1
    589   16   17   23 1 1 1
    590   16   17   24 1 1 1
    591   16   17   25 1 1 1
    592   16   17   26 1 1 1
    593   16   17   27 2 2 2
    594   16   17   28 4 4 4
    595   16   18   13 5 5 5
    596   16   18   14 3 3 3
    597   16   18   15 1 1 1
    598   16   18   16 1 1 1
    599   16   18   17 1 1 1
    600   16   18   18 1 1 1
    601   16   18   19 1 1 1
    602   16   18   20 1 1 1
    603   16   18   21 1 1 1
    604   16   18   22 1 1 1
    605   16   18   23 1 1 1
    606   16   18   24 1 1 1
    607   16   18   25 1 1 1
    608   16   18   26 1 1 1
    609   16   18   27 1 1 1
    610   16   18   28 3 3 3
    611   16   18   29 5 5 5
    612   16   19   13 4 4 4
    613   16   19   14 2 2 2
    614   16   19   15 1 1 1
    615   16   19   16 1 1 1
    616   16   19   17 1 1 1
    617   16   19   18 1 1 1
    618   16   19   19 1 1 1
    619   16   19   20 1 1 1
    620   16   19   21 1 1 1
    621   16   19   22 1 1 1
    622   16   19   23 1 1 1
    623   16   19   24 1 1 1
    624   16   19   25 1 1 1
    625   16   19   26 1 1 1
    626   16   19   27 1 1 1
    627   16   19   28 2 2 2
    628   16   19   29 4 4 4
    629   16   20   13 4 4 4
    630   16   20   14 1 1 1
    631   16   20   15 1 1 1
    632   16   20   16 1 1 1
    633   16   20   17 1 1 1
    634   16   20   18 1 1 1
    635   16   20   19 1 1 1
    636   16   20   20 1 1 1
    637   16   20   21 1 1 1
    638   16   20   22 1 1 1
    639   16   20   23 1 1 1
    640   16   20   24 1 1 1
    641   16   20   25 1 1 1
    642   16   20   26 1 1 1
    643   16   20   27 1 1 1
    644   16   20   28 1 1 1
    645   16   20   29 4 4 4
    646   16   21   13 4 4 4
    647   16   21   14 1 1 1
    648   16   21   15 1 1 1
    649   16   21   16 1 1 1
    650   16   21   17 1 1 1
    651   16   21   18 1 1 1
    652   16   21   19 1 1 1
    653   16   21   20 1 1 1
    654   16   21   21 1 1 1
    655   16   21   22 1 1 1
    656   16   21   23 1 1 1
    657   16   21   24 1 1 1
    658   16   21   25 1 1 1
    659   16   21   26 1 1 1
    660   16   21   27 1 1 1
    661   16   21   28 1 1 1
    662   16   21   29 4 4 4
    663   16   22   13 4 4 4
    664   16   22   14 1 1 1
    665   16   22   15 1 1 1
    666   16   22   16 1 1 1
    667   16   22   17 1 1 1
    668   16   22   18 1 1 1
    669   16   22   19 1 1 1
    670   16   22   20 1 1 1
    671   16   22   21 1 1 1
    672   16   22   22 1 1 1
    673   16   22   23 1 1 1
    674   16   22   24 1 1 1
    675   16   22   25 1 1 1
    676   16   22   26 1 1 1
    677   16   22   27 1 1 1
    678   16   22   28 1 1 1
    679   16   22   29 4 4 4
    680   16   23   13 4 4 4
    681   16   23   14 2 2 2
    682   16   23   15 1 1 1
    683   16   23   16 1 1 1
    684   16   23   17 1 1 1
    685   16   23   18 1 1 1
    686   16   23   19 1 1 1
    687   16   23   20 1 1 1
    688   16   23   21 1 1 1
    689   16   23   22 1 1 1
    690   16   23   23 1 1 1
    691   16   23   24 1 1 1
    692   16   23   25 1 1 1
    693   16   23   26 1 1 1
    694   16   23   27 1 1 1
    695   16   23   28 2 2 2
    696   16   23   29 4 4 4
    697   16   24   13 5 5 5
    698   16   24   14 3 3 3
    699   16   24   15 1 1 1
    700   16   24   16 1 1 1
    701   16   24   17 1 1 1
    702   16   24   18 1 1 1
    703   16   24   19 1 1 1
    704   16   24   20 1 1 1
    705   16   24   21 1 1 1
    706   16   24   22 1 1 1
    707   16   24   23 1 1 1
    708   16   24   24 1 1 1
    709   16   24   25 1 1 1
    710   16   24   26 1 1 1
    711   16   24   27 1 1 1
    712   16   24   28 3 3 3
    713   16   24   29 5 5 5
    714   16   25   14 4 4 4
    715   16   25   15 2 2 2
    716   16   25   16 1 1 1
    717   16   25   17 1 1 1
    718   16   25   18 1 1 1
    719   16   25   19 1 1 1
    720   16   25   20 1 1 1
    721   16   25   21 1 1 1
    722   16   25   22 1 1 1
    723   16   25   23 1 1 1
    724   16   25   24 1 1 1
    725   16   25   25 1 1 1
    726   16   25   26 1 1 1
    727   16   25   27 2 2 2
    728   16   25   28 4 4 4
    729   16   26   14 5 5 5
    730   16   26   15 4 4 4
    731   16   26   16 1 1 1
    732   16   26   17 1 1 1
    733   16   26   18 1 1 1
    734   16   26   19 1 1 1
    735   16   26   20 1 1 1
    736   16   26   21 1 1 1
    737   16   26   22 1 1 1
    738   16   26   23 1 1 1
    739   16   26   24 1 1 1
    740   16   26   25 1 1 1
    741   16   26   26 1 1 1
    742   16   26   27 4 4 4
    743   16   26   28 5 5 5
    744   16   27   15 5 5 5
    745   16   27   16 4 4 4
    746   16   27   17 2 2 2
    747   16   27   18 1 1 1
    748   16   27   19 1 1 1
    749   16   27   20 1 1 1
    750   16   27   21 1 1 1
    751   16   27   22 1 1 1
    752   16   27   23 1 1 1
    753   16   27   24 1 1 1
    754   16   27   25 2 2 2
    755   16   27   26 4 4 4
    756   16   27   27 5 5 5
    757   16   28   16 5 5 5
    758   16   28   17 4 4 4
    759   16   28   18 3 3 3
    760   16   28   19 2 2 2
    761   16   28   20 1 1 1
    762   16   28   21 1 1 1
    763   16   28   22 1 1 1
    764   16   28   23 2 2 2
    765   16   28   24 3 3 3
    766   16   28   25 4 4 4
    767   16   28   26 5 5 5
    768   16   29   18 5 5 5
    769   16   29   19 4 4 4
    770   16   29   20 4 4 4
    771   16   29   21 4 4 4
    772   16   29   22 4 4 4
    773   16   29   23 4 4 4
    774   16   29   24 5 5 5
    775   17   12   20 5 5 5
    776   17   12   21 5 5 5
    777   17   12   22 5 5 5
    778   17   13   17 5 5 5
    779   17   13   18 4 4 4
    780   17   13   19 3 3 3
    781   17   13   20 2 2 2
    782   17   13   21 2 2 2
    783   17   13   22 2 2 2
    784   17   13   23 3 3 3
    785   17   13   24 4 4 4
    786   17   13   25 5 5 5
    787   17   14   16 4 4 4
    788   17   14   17 3 3 3
    789   17   14   18 1 1 1
    790   17   14   19 1 1 1
    791   17   14   20 1 1 1
    792   17   14   21 1 1 1
    793   17   14   22 1 1 1
    794   17   14   23 1 1 1
    795   17   14   24 1 1 1
    796   17   14   25 3 3 3
    797   17   14   26 4 4 4
    798   17   15   15 4 4 4
    799   17   15   16 2 2 2
    800   17   15   17 1 1 1
    801   17   15   18 1 1 1
    802   17   15   19 1 1 1
    803   17   15   20 1 1 1
    804   17   15   21 1 1 1
    805   17   15   22 1 1 1
    806   17   15   23 1 1 1
    807   17   15   24 1 1 1
    808   17   15   25 1 1 1
    809   17   15   26 2 2 2
    810   17   15   27 4 4 4
    811   17   16   14 4 4 4
    812   17   16   15 2 2 2
    813   17   16   16 1 1 1
    814   17   16   17 1 1 1
    815   17   16   18 1 1 1
    816   17   16   19 1 1 1
    817   17   16   20 1 1 1
    818   17   16   21 1 1 1
    819   17   16   22 1 1 1
    820   17   16   23 1 1 1
    821   17   16   24 1 1 1
    822   17   16   25 1 1 1
    823   17   16   26 1 1 1
    824   17   16   27 2 2 2
    825   17   16   28 4 4 4
    826   17   17   13 5 5 5
    827   17   17   14 3 3 3
    828   17   17   15 1 1 1
    829   17   17   16 1 1 1
    830   17   17   17 1 1 1
    831   17   17   18 1 1 1
    832   17   17   19 1 1 1
    833   17   17   20 1 1 1
    834   17   17   21 1 1 1
    835   17   17   22 1 1 1
    836   17   17   23 1 1 1
    837   17   17   24 1 1 1
    838   17   17   25 1 1 1
    839   17   17   26 1 1 1
    840   17   17   27 1 1 1
    841   17   17   28 3 3 3
    842   17   17   29 5 5 5
    843   17   18   13 4 4 4
    844   17   18   14 1 1 1
    845   17   18   15 1 1 1
    846   17   18   16 1 1 1
    847   17   18   17 1 1 1
    848   17   18   18 1 1 1
    849   17   18   19 1 1 1
    850   17   18   20 1 1 1
    851   17   18   21 1 1 1
    852   17   18   22 1 1 1
    853   17   18   23 1 1 1
    854   17   18   24 1 1 1
    855   17   18   25 1 1 1
    856   17   18   26 1 1 1
    857   17   18   27 1 1 1
    858   17   18   28 1 1 1
    859   17   18   29 4 4 4
    860   17   19   13 3 3 3
    861   17   19   14 1 1 1
    862   17   19   15 1 1 1
    863   17   19   16 1 1 1
    864   17   19   17 1 1 1
    865   17   19   18 1 1 1
    866   17   19   19 1 1 1
    867   17   19   20 1 1 1
    868   17   19   21 1 1 1
    869   17   19   22 1 1 1
    870   17   19   23 1 1 1
    871   17   19   24 1 1 1
    872   17   19   25 1 1 1
    873   17   19   26 1 1 1
    874   17   19   27 1 1 1
    875   17   19   28 1 1 1
    876   17   19   29 3 3 3
    877   17   20   12 5 5 5
    878   17   20   13 2 2 2
    879   17   20   14 1 1 1
    880   17   20   15 1 1 1
    881   17   20   16 1 1 1
    882   17   20   17 1 1 1
    883   17   20   18 1 1 1
    884   17   20   19 1 1 1
    885   17   20   20 1 1 1
    886   17   20   21 1 1 1
    887   17   20   22 1 1 1
    888   17   20   23 1 1 1
    889   17   20   24 1 1 1
    890   17   20   25 1 1 1
    891   17   20   26 1 1 1
    892   17   20   27 1 1 1
    893   17   20   28 1 1 1
    894   17   20   29 2 2 2
    895   17   20   30 5 5 5
    896   17   21   12 5 5 5
    897   17   21   13 2 2 2
    898   17   21   14 1 1 1
    899   17   21   15 1 1 1
    900   17   21   16 1 1 1
    901   17   21   17 1 1 1
    902   17   21   18 1 1 1
    903   17   21   19 1 1 1
    904   17   21   20 1 1 1
    905   17   21   21 1 1 1
    906   17   21   22 1 1 1
    907   17   21   23 1 1 1
    908   17   21   24 1 1 1
    909   17   21   25 1 1 1
    910   17   21   26 1 1 1
    911   17   21   27 1 1 1
    912   17   21   28 1 1 1
    913   17   21   29 2 2 2
    914   17   21   30 5 5 5
    915   17   22   12 5 5 5
    916   17   22   13 2 2 2
    917   17   22   14 1 1 1
    918   17   22   15 1 1 1
    919   17   22   16 1 1 1
    920   17   22   17 1 1 1
    921   17   22   18 1 1 1
    922   17   22   19 1 1 1
    923   17   22   20 1 1 1
    924   17   22   21 1 1 1
    925   17   22   22 1 1 1
    926   17   22   23 1 1 1
    927   17   22   24 1 1 1
    928   17   22   25 1 1 1
    929   17   22   26 1 1 1
    930   17   22   27 1 1 1
    931   17   22   28 1 1 1
    932   17   22   29 2 2 2
    933   17   22   30 5 5 5
    934   17   23   13 3 3 3
    935   17   23   14 1 1 1
    936   17   23   15 1 1 1
    937   17   23   16 1 1 1
    938   17   23   17 1 1 1
    939   17   23   18 1 1 1
    940   17   23   19 1 1 1
    941   17   23   20 1 1 1
    942   17   23   21 1 1 1
    943   17   23   22 1 1 1
    944   17   23   23 1 1 1
    945   17   23   24 1 1 1
    946   17   23   25 1 1 1
    947   17   23   26 1 1 1
    948   17   23   27 1 1 1
    949   17   23   28 1 1 1
    950   17   23   29 3 3 3
    951   17   24   13 4 4 4
    952   17   24   14 1 1 1
    953   17   24   15 1 1 1
    954   17   24   16 1 1 1
    955   17   24   17 1 1 1
    956   17   24   18 1 1 1
    957   17   24   19 1 1 1
    958   17   24   20 1 1 1
    959   17   24   21 1 1 1
    960   17   24   22 1 1 1
    961   17   24   23 1 1 1
    962   17   24   24 1 1 1
    963   17   24   25 1 1 1
    964   17   24   26 1 1 1
    965   17   24   27 1 1 1
    966   17   24   28 1 1 1
    967   17   24   29 4 4 4
    968   17   25   13 5 5 5
    969   17   25   14 3 3 3
    970   17   25   15 1 1 1
    971   17   25   16 1 1 1
    972   17   25   17 1 1 1
    973   17   25   18 1 1 1
    974   17   25   19 1 1 1
    975   17   25   20 1 1 1
    976   17   25   21 1 1 1
    977   17   25   22 1 1 1
    978   17   25   23 1 1 1
    979   17   25   24 1 1 1
    980   17   25   25 1 1 1
    981   17   25   26 1 1 1
    982   17   25   27 1 1 1
    983   17   25   28 3 3 3
    984   17   25   29 5 5 5
    985   17   26   14 4 4 4
    986   17   26   15 2 2 2
    987   17   26   16 1 1 1
    988   17   26   17 1 1 1
    989   17   26   18 1 1 1
    990   17   26   19 1 1 1
    991   17   26   20 1 1 1
    992   17   26   21 1 1 1
    993   17   26   22 1 1 1
    994   17   26   23 1 1 1
    995   17   26   24 1 1 1
    996   17   26   25 1 1 1
    997   17   26   26 1 1 1
    998   17   26   27 2 2 2
    999   17   26   28 4 4 4
   1000   17   27   15 4 4 4
   1001   17   27   16 2 2 2
   1002   17   27   17 1 1 1
   1003   17   27   18 1 1 1
   1004   17   27   19 1 1 1
   1005   17   27   20 1 1 1
   1006   17   27   21 1 1 1
   1007   17   27   22 1 1 1
   1008   17   27   23 1 1 1
   1009   17   27   24 1 1 1
   1010   17   27   25 1 1 1
   1011   17   27   26 2 2 2
   1012   17   27   27 4 4 4
   1013   17   28   16 4 4 4
   1014   17   28   17 3 3 3
   1015   17   28   18 1 1 1
   1016   17   28   19 1 1 1
   1017   17   28   20 1 1 1
   1018   17   28   21 1 1 1
   1019   17   28   22 1 1 1
   1020   17   28   23 1 1 1
   1021   17   28   24 1 1 1
   1022   17   28   25 3 3 3
   1023   17   28   26 4 4 4
   1024   17   29   17 5 5 5
   1025   17   29   18 4 4 4
   1026   17   29   19 3 3 3
   1027   17   29   20 2 2 2
   1028   17   29   21 2 2 2
   1029   17   29   22 2 2 2
   1030   17   29   23 3 3 3
   1031   17   29   24 4 4 4
   1032   17   29   25 5 5 5
   1033   17   30   20 5 5 5
   1034   17   30   21 5 5 5
   1035   17   30   22 5 5 5
   1036   18   12   18 5 5 5
   1037   18   12   19 4 4 4
   1038   18   12   20 4 4 4
   1039   18   12   21 4 4 4
   1040   18   12   22 4 4 4
   1041   18   12   23 4 4 4
   1042   18   12   24 5 5 5
   1043   18   13   16 5 5 5
   1044   18   13   17 4 4 4
   1045   18   13   18 3 3 3
   1046   18   13   19 2 2 2
   1047   18   13   20 1 1 1
   1048   18   13   21 1 1 1
   1049   18   13   22 1 1 1
   1050   18   13   23 2 2 2
   1051   18   13   24 3 3 3
   1052   18   13   25 4 4 4
   1053   18   13   26 5 5 5
   1054   18   14   15 4 4 4
   1055   18   14   16 3 3 3
   1056   18   14   17 1 1 1
   1057   18   14   18 1 1 1
   1058   18   14   19 1 1 1
   1059   18   14   20 1 1 1
   1060   18   14   21 1 1 1
   1061   18   14   22 1 1 1
   1062   18   14   23 1 1 1
   1063   18   14   24 1 1 1
   1064   18   14   25 1 1 1
   1065   18   14   26 3 3 3
   1066   18   14   27 4 4 4
   1067   18   15   14 4 4 4
   1068   18   15   15 3 3 3
   1069   18   15   16 1 1 1
   1070   18   15   17 1 1 1
   1071   18   15   18 1 1 1
   1072   18   15   19 1 1 1
   1073   18   15   20 1 1 1
   1074   18   15   21 1 1 1
   1075   18   15   22 1 1 1
   1076   18   15   23 1 1 1
   1077   18   15   24 1 1 1
   1078   18   15   25 1 1 1
   1079   18   15   26 1 1 1
   1080   18   15   27 3 3 3
   1081   18   15   28 4 4 4
   1082   18   16   13 5 5 5
   1083   18   16   14 3 3 3
   1084   18   16   15 1 1 1
   1085   18   16   16 1 1 1
   1086   18   16   17 1 1 1
   1087   18   16   18 1 1 1
   1088   18   16   19 1 1 1
   1089   18   16   20 1 1 1
   1090   18   16   21 1 1 1
   1091   18   16   22 1 1 1
   1092   18   16   23 1 1 1
   1093   18   16   24 1 1 1
   1094   18   16   25 1 1 1
   1095   18   16   26 1 1 1
   1096   18   16   27 1 1 1
   1097   18   16   28 3 3 3
   1098   18   16   29 5 5 5
   1099   18   17   13 4 4 4
   1100   18   17   14 1 1 1
   1101   18   17   15 1 1 1
   1102   18   17   16 1 1 1
   1103   18   17   17 1 1 1
   1104   18   17   18 1 1 1
   1105   18   17   19 1 1 1
   1106   18   17   20 1 1 1
   1107   18   17   21 1 1 1
   1108   18   17   22 1 1 1
   1109   18   17   23 1 1 1
   1110   18   17   24 1 1 1
   1111   18   17   25 1 1 1
   1112   18   17   26 1 1 1
   1113   18   17   27 1 1 1
   1114   18   17   28 1 1 1
   1115   18   17   29 4 4 4
   1116   18   18   12 5 5 5
   1117   18   18   13 3 3 3
   1118   18   18   14 1 1 1
   1119   18   18   15 1 1 1
   1120   18   18   16 1 1 1
   1121   18   18   17 1 1 1
   1122   18   18   18 1 1 1
   1123   18   18   19 1 1 1
   1124   18   18   20 1 1 1
   1125   18   18   21 1 1 1
   1126   18   18   22 1 1 1
   1127   18   18   23 1 1 1
   1128   18   18   24 1 1 1
   1129   18   18   25 1 1 1
   1130   18   18   26 1 1 1
   1131   18   18   27 1 1 1
   1132   18   18   28 1 1 1
   1133   18   18   29 3 3 3
   1134   18   18   30 5 5 5
   1135   18   19   12 4 4 4
   1136   18   19   13 2 2 2
   1137   18   19   14 1 1 1
   1138   18   19   15 1 1 1
   1139   18   19   16 1 1 1
   1140   18   19   17 1 1 1
   1141   18   19   18 1 1 1
   1142   18   19   19 1 1 1
   1143   18   19   20 1 1 1
   1144   18   19   21 1 1 1
   1145   18   19   22 1 1 1
   1146   18   19   23 1 1 1
   1147   18   19   24 1 1 1
   1148   18   19   25 1 1 1
   1149   18   19   26 1 1 1
   1150   18   19   27 1 1 1
   1151   18   19   28 1 1 1
   1152   18   19   29 2 2 2
   1153   18   19   30 4 4 4
   1154   18   20   12 4 4 4
   1155   18   20   13 1 1 1
   1156   18   20   14 1 1 1
   1157   18   20   15 1 1 1
   1158   18   20   16 1 1 1
   1159   18   20   17 1 1 1
   1160   18   20   18 1 1 1
   1161   18   20   19 1 1 1
   1162   18   20   20 1 1 1
   1163   18   20   21 1 1 1
   1164   18   20   22 1 1 1
   1165   18   20   23 1 1 1
   1166   18   20   24 1 1 1
   1167   18   20   25 1 1 1
   1168   18   20   26 1 1 1
   1169   18   20   27 1 1 1
   1170   18   20   28 1 1 1
   1171   18   20   29 1 1 1
   1172   18   20   30 4 4 4
   1173   18   21   12 4 4 4
   1174   18   21   13 1 1 1
   1175   18   21   14 1 1 1
   1176   18   21   15 1 1 1
   1177   18   21   16 1 1 1
   1178   18   21   17 1 1 1
   1179   18   21   18 1 1 1
   1180   18   21   19 1 1 1
   1181   18   21   20 1 1 1
   1182   18   21   21 1 1 1
   1183   18   21   22 1 1 1
   1184   18   21   23 1 1 1
   1185   18   21   24 1 1 1
   1186   18   21   25 1 1 1
   1187   18   21   26 1 1 1
   1188   18   21   27 1 1 1
   1189   18   21   28 1 1 1
   1190   18   21   29 1 1 1
   1191   18   21   30 4 4 4
   1192   18   22   12 4 4 4
   1193   18   22   13 1 1 1
   1194   18   22   14 1 1 1
   1195   18   22   15 1 1 1
   1196   18   22   16 1 1 1
   1197   18   22   17 1 1 1
   1198   18   22   18 1 1 1
   1199   18   22   19 1 1 1
   1200   18   22   20 1 1 1
   1201   18   22   21 1 1 1
   1202   18   22   22 1 1 1
   1203   18   22   23 1 1 1
   1204   18   22   24 1 1 1
   1205   18   22   25 1 1 1
   1206   18   22   26 1 1 1
   1207   18   22   27 1 1 1
   1208   18   22   28 1 1 1
   1209   18   22   29 1 1 1
   1210   18   22   30 4 4 4
   1211   18   23   12 4 4 4
   1212   18   23   13 2 2 2
   1213   18   23   14 1 1 1
   1214   18   23   15 1 1 1
   1215   18   23   16 1 1 1
   1216   18   23   17 1 1 1
   1217   18   23   18 1 1 1
   1218   18   23   19 1 1 1
   1219   18   23   20 1 1 1
   1220   18   23   21 1 1 1
   1221   18   23   22 1 1 1
   1222   18   23   23 1 1 1
   1223   18   23   24 1 1 1
   1224   18   23   25 1 1 1
   1225   18   23   26 1 1 1
   1226   18   23   27 1 1 1
   1227   18   23   28 1 1 1
   1228   18   23   29 2 2 2
   1229   18   23   30 4 4 4
   1230   18   24   12 5 5 5
   1231   18   24   13 3 3 3
   1232   18   24   14 1 1 1
   1233   18   24   15 1 1 1
   1234   18   24   16 1 1 1
   1235   18   24   17 1 1 1
   1236   18   24   18 1 1 1
   1237   18   24   19 1 1 1
   1238   18   24   20 1 1 1
   1239   18   24   21 1 1 1
   1240   18   24   22 1 1 1
   1241   18   24   23 1 1 1
   1242   18   24   24 1 1 1
   1243   18   24   25 1 1 1
   1244   18   24   26 1 1 1
   1245   18   24   27 1 1 1
   1246   18   24   28 1 1 1
   1247   18   24   29 3 3 3
   1248   18   24   30 5 5 5
   1249   18   25   13 4 4 4
   1250   18   25   14 1 1 1
   1251   18   25   15 1 1 1
   1252   18   25   16 1 1 1
   1253   18   25   17 1 1 1
   1254   18   25   18 1 1 1
   1255   18   25   19 1 1 1
   1256   18   25   20 1 1 1
   1257   18   25   21 1 1 1
   1258   18   25   22 1 1 1
   1259   18   25   23 1 1 1
   1260   18   25   24 1 1 1
   1261   18   25   25 1 1 1
   1262   18   25   26 1 1 1
   1263   18   25   27 1 1 1
   1264   18   25   28 1 1 1
   1265   18   25   29 4 4 4
   1266   18   26   13 5 5 5
   1267   18   26   14 3 3 3
   1268   18   26   15 1 1 1
   1269   18   26   16 1 1 1
   1270   18   26   17 1 1 1
   1271   18   26   18 1 1 1
   1272   18   26   19 1 1 1
   1273   18   26   20 1 1 1
   1274   18   26   21 1 1 1
   1275   18   26   22 1 1 1
   1276   18   26   23 1 1 1
   1277   18   26   24 1 1 1
   1278   18   26   25 1 1 1
   1279   18   26   26 1 1 1
   1280   18   26   27 1 1 1
   1281   18   26   28 3 3 3
   1282   18   26   29 5 5 5
   1283   18   27   14 4 4 4
   1284   18   27   15 3 3 3
   1285   18   27   16 1 1 1
   1286   18   27   17 1 1 1
   1287   18   27   18 1 1 1
   1288   18   27   19 1 1 1
   1289   18   27   20 1 1 1
   1290   18   27   21 1 1 1
   1291   18   27   22 1 1 1
   1292   18   27   23 1 1 1
   1293   18   27   24 1 1 1
   1294   18   27   25 1 1 1
   1295   18   27   26 1 1 1
   1296   18   27   27 3 3 3
   1297   18   27   28 4 4 4
   1298   18   28   15 4 4 4
   1299   18   28   16 3 3 3
   1300   18   28   17 1 1 1
   1301   18   28   18 1 1 1
   1302   18   28   19 1 1 1
   1303   18   28   20 1 1 1
   1304   18   28   21 1 1 1
   1305   18   28   22 1 1 1
   1306   18   28   23 1 1 1
   1307   18   28   24 1 1 1
   1308   18   28   25 1 1 1
   1309   18   28   26 3 3 3
   1310   18   28   27 4 4 4
   1311   18   29   16 5 5 5
   1312   18   29   17 4 4 4
   1313   18   29   18 3 3 3
   1314   18   29   19 2 2 2
   1315   18   29   20 1 1 1
   1316   18   29   21 1 1 1
   1317   18   29   22 1 1 1
   1318   18   29   23 2 2 2
   1319   18   29   24 3 3 3
   1320   18   29   25 4 4 4
   1321   18   29   26 5 5 5
   1322   18   30   18 5 5 5
   1323   18   30   19 4 4 4
   1324   18   30   20 4 4 4
   1325   18   30   21 4 4 4
   1326   18   30   22 4 4 4
   1327   18   30   23 4 4 4
   1328   18   30   24 5 5 5
   1329   19   12   18 4 4 4
   1330   19   12   19 4 4 4
   1331   19   12   20 4 4 4
   1332   19   12   21 3 3 3
   1333   19   12   22 4 4 4
   1334   19   12   23 4 4 4
   1335   19   12   24 4 4 4
   1336   19   13   16 4 4 4
   1337   19   13   17 3 3 3
   1338   19   13   18 2 2 2
   1339   19   13   19 1 1 1
   1340   19   13   20 1 1 1
   1341   19   13   21 1 1 1
   1342   19   13   22 1 1 1
   1343   19   13   23 1 1 1
   1344   19   13   24 2 2 2
   1345   19   13   25 3 3 3
   1346   19   13   26 4 4 4
   1347   19   14   15 4 4 4
   1348   19   14   16 2 2 2
   1349   19   14   17 1 1 1
   1350   19   14   18 1 1 1
   1351   19   14   19 1 1 1
   1352   19   14   20 1 1 1
   1353   19   14   21 1 1 1
   1354   19   14   22 1 1 1
   1355   19   14   23 1 1 1
   1356   19   14   24 1 1 1
   1357   19   14   25 1 1 1
   1358   19   14   26 2 2 2
   1359   19   14   27 4 4 4
   1360   19   15   14 4 4 4
   1361   19   15   15 1 1 1
   1362   19   15   16 1 1 1
   1363   19   15   17 1 1 1
   1364   19   15   18 1 1 1
   1365   19   15   19 1 1 1
   1366   19   15   20 1 1 1
   1367   19   15   21 1 1 1
   1368   19   15   22 1 1 1
   1369   19   15   23 1 1 1
   1370   19   15   24 1 1 1
   1371   19   15   25 1 1 1
   1372   19   15   26 1 1 1
   1373   19   15   27 1 1 1
   1374   19   15   28 4 4 4
   1375   19   16   13 4 4 4
   1376   19   16   14 2 2 2
   1377   19   16   15 1 1 1
   1378   19   16   16 1 1 1
   1379   19   16   17 1 1 1
   1380   19   16   18 1 1 1
   1381   19   16   19 1 1 1
   1382   19   16   20 1 1 1
   1383   19   16   21 1 1 1
   1384   19   16   22 1 1 1
   1385   19   16   23 1 1 1
   1386   19   16   24 1 1 1
   1387   19   16   25 1 1 1
   1388   19   16   26 1 1 1
   1389   19   16   27 1 1 1
   1390   19   16   28 2 2 2
   1391   19   16   29 4 4 4
   1392   19   17   13 3 3 3
   1393   19   17   14 1 1 1
   1394   19   17   15 1 1 1
   1395   19   17   16 1 1 1
   1396   19   17   17 1 1 1
   1397   19   17   18 1 1 1
   1398   19   17   19 1 1 1
   1399   19   17   20 1 1 1
   1400   19   17   21 1 1 1
   1401   19   17   22 1 1 1
   1402   19   17   23 1 1 1
   1403   19   17   24 1 1 1
   1404   19   17   25 1 1 1
   1405   19   17   26 1 1 1
   1406   19   17   27 1 1 1
   1407   19   17   28 1 1 1
   1408   19   17   29 3 3 3
   1409   19   18   12 4 4 4
   1410   19   18   13 2 2 2
   1411   19   18   14 1 1 1
   1412   19   18   15 1 1 1
   1413   19   18   16 1 1 1
   1414   19   18   17 1 1 1
   1415   19   18   18 1 1 1
   1416   19   18   19 1 1 1
   1417   19   18   20 1 1 1
   1418   19   18   21 1 1 1
   1419   19   18   22 1 1 1
   1420   19   18   23 1 1 1
   1421   19   18   24 1 1 1
   1422   19   18   25 1 1 1
   1423   19   18   26 1 1 1
   1424   19   18   27 1 1 1
   1425   19   18   28 1 1 1
   1426   19   18   29 2 2 2
   1427   19   18   30 4 4 4
   1428   19   19   12 4 4 4
   1429   19   19   13 1 1 1
   1430   19   19   14 1 1 1
   1431   19   19   15 1 1 1
   1432   19   19   16 1 1 1
   1433   19   19   17 1 1 1
   1434   19   19   18 1 1 1
   1435   19   19   19 1 1 1
   1436   19   19   20 1 1 1
   1437   19   19   21 1 1 1
   1438   19   19   22 1 1 1
   1439   19   19   23 1 1 1
   1440   19   19   24 1 1 1
   1441   19   19   25 1 1 1
   1442   19   19   26 1 1 1
   1443   19   19   27 1 1 1
   1444   19   19   28 1 1 1
   1445   19   19   29 1 1 1
   1446   19   19   30 4 4 4
   1447   19   20   12 4 4 4
   1448   19   20   13 1 1 1
   1449   19   20   14 1 1 1
   1450   19   20   15 1 1 1
   1451   19   20   16 1 1 1
   1452   19   20   17 1 1 1
   1453   19   20   18 1 1 1
   1454   19   20   19 1 1 1
   1455   19   20   20 1 1 1
   1456   19   20   21 1 1 1
   1457   19   20   22 1 1 1
   1458   19   20   23 1 1 1
   1459   19   20   24 1 1 1
   1460   19   20   25 1 1 1
   1461   19   20   26 1 1 1
   1462   19   20   27 1 1 1
   1463   19   20   28 1 1 1
   1464   19   20   29 1 1 1
   1465   19   20   30 4 4 4
   1466   19   21   12 3 3 3
   1467   19   21   13 1 1 1
   1468   19   21   14 1 1 1
   1469   19   21   15 1 1 1
   1470   19   21   16 1 1 1
   1471   19   21   17 1 1 1
   1472   19   21   18 1 1 1
   1473   19   21   19 1 1 1
   1474   19   21   20 1 1 1
   1475   19   21   21 1 1 1
   1476   19   21   22 1 1 1
   1477   19   21   23 1 1 1
   1478   19   21   24 1 1 1
   1479   19   21   25 1 1 1
   1480   19   21   26 1 1 1
   1481   19   21   27 1 1 1
   1482   19   21   28 1 1 1
   1483   19   21   29 1 1 1
   1484   19   21   30 3 3 3
   1485   19   22   12 4 4 4
   1486   19   22   13 1 1 1
   1487   19   22   14 1 1 1
   1488   19   22   15 1 1 1
   1489   19   22   16 1 1 1
   1490   19   22   17 1 1 1
   1491   19   22   18 1 1 1
   1492   19   22   19 1 1 1
   1493   19   22   20 1 1 1
   1494   19   22   21 1 1 1
   1495   19   22   22 1 1 1
   1496   19   22   23 1 1 1
   1497   19   22   24 1 1 1
   1498   19   22   25 1 1 1
   1499   19   22   26 1 1 1
   1500   19   22   27 1 1 1
   1501   19   22   28 1 1 1
   1502   19   22   29 1 1 1
   1503   19   22   30 4 4 4
   1504   19   23   12 4 4 4
   1505   19   23   13 1 1 1
   1506   19   23   14 1 1 1
   1507   19   23   15 1 1 1
   1508   19   23   16 1 1 1
   1509   19   23   17 1 1 1
   1510   19   23   18 1 1 1
   1511   19   23   19 1 1 1
   1512   19   23   20 1 1 1
   1513   19   23   21 1 1 1
   1514   19   23   22 1 1 1
   1515   19   23   23 1 1 1
   1516   19   23   24 1 1 1
   1517   19   23   25 1 1 1
   1518   19   23   26 1 1 1
   1519   19   23   27 1 1 1
   1520   19   23   28 1 1 1
   1521   19   23   29 1 1 1
   1522   19   23   30 4 4 4
   1523   19   24   12 4 4 4
   1524   19   24   13 2 2 2
   1525   19   24   14 1 1 1
   1526   19   24   15 1 1 1
   1527   19   24   16 1 1 1
   1528   19   24   17 1 1 1
   1529   19   24   18 1 1 1
   1530   19   24   19 1 1 1
   1531   19   24   20 1 1 1
   1532   19   24   21 1 1 1
   1533   19   24   22 1 1 1
   1534   19   24   23 1 1 1
   1535   19   24   24 1 1 1
   1536   19   24   25 1 1 1
   1537   19   24   26 1 1 1
   1538   19   24   27 1 1 1
   1539   19   24   28 1 1 1
   1540   19   24   29 2 2 2
   1541   19   24   30 4 4 4
   1542   19   25   13 3 3 3
   1543   19   25   14 1 1 1
   1544   19   25   15 1 1 1
   1545   19   25   16 1 1 1
   1546   19   25   17 1 1 1
   1547   19   25   18 1 1 1
   1548   19   25   19 1 1 1
   1549   19   25   20 1 1 1
   1550   19   25   21 1 1 1
   1551   19   25   22 1 1 1
   1552   19   25   23 1 1 1
   1553   19   25   24 1 1 1
   1554   19   25   25 1 1 1
   1555   19   25   26 1 1 1
   1556   19   25   27 1 1 1
   1557   19   25   28 1 1 1
   1558   19   25   29 3 3 3
   1559   19   26   13 4 4 4
   1560   19   26   14 2 2 2
   1561   19   26   15 1 1 1
   1562   19   26   16 1 1 1
   1563   19   26   17 1 1 1
   1564   19   26   18 1 1 1
   1565   19   26   19 1 1 1
   1566   19   26   20 1 1 1
   1567   19   26   21 1 1 1
   1568   19   26   22 1 1 1
   1569   19   26   23 1 1 1
   1570   19   26   24 1 1 1
   1571   19   26   25 1 1 1
   1572   19   26   26 1 1 1
   1573   19   26   27 1 1 1
   1574   19   26   28 2 2 2
   1575   19   26   29 4 4 4
   1576   19   27   14 4 4 4
   1577   19   27   15 1 1 1
   1578   19   27   16 1 1 1
   1579   19   27   17 1 1 1
   1580   19   27   18 1 1 1
   1581   19   27   19 1 1 1
   1582   19   27   20 1 1 1
   1583   19   27   21 1 1 1
   1584   19   27   22 1 1 1
   1585   19   27   23 1 1 1
   1586   19   27   24 1 1 1
   1587   19   27   25 1 1 1
   1588   19   27   26 1 1 1
   1589   19   27   27 1 1 1
   1590   19   27   28 4 4 4
   1591   19   28   15 4 4 4
   1592   19   28   16 2 2 2
   1593   19   28   17 1 1 1
   1594   19   28   18 1 1 1
   1595   19   28   19 1 1 1
   1596   19   28   20 1 1 1
   1597   19   28   21 1 1 1
   1598   19   28   22 1 1 1
   1599   19   28   23 1 1 1
   1600   19   28   24 1 1 1
   1601   19   28   25 1 1 1
   1602   19   28   26 2 2 2
   1603   19   28   27 4 4 4
   1604   19   29   16 4 4 4
   1605   19   29   17 3 3 3
   1606   19   29   18 2 2 2
   1607   19   29   19 1 1 1
   1608   19   29   20 1 1 1
   1609   19   29   21 1 1 1
   1610   19   29   22 1 1 1
   1611   19   29   23 1 1 1
   1612   19   29   24 2 2 2
   1613   19   29   25 3 3 3
   1614   19   29   26 4 4 4
   1615   19   30   18 4 4 4
   1616   19   30   19 4 4 4
   1617   19   30   20 4 4 4
   1618   19   30   21 3 3 3
   1619   19   30   22 4 4 4
   1620   19   30   23 4 4 4
   1621   19   30   24 4 4 4
   1622   20   12   17 5 5 5
   1623   20   12   18 4 4 4
   1624   20   12   19 4 4 4
   1625   20   12   20 3 3 3
   1626   20   12   21 3 3 3
   1627   20   12   22 3 3 3
   1628   20   12   23 4 4 4
   1629   20   12   24 4 4 4
   1630   20   12   25 5 5 5
   1631   20   13   16 4 4 4
   1632   20   13   17 2 2 2
   1633   20   13   18 1 1 1
   1634   20   13   19 1 1 1
   1635   20   13   20 1 1 1
   1636   20   13   21 1 1 1
   1637   20   13   22 1 1 1
   1638   20   13   23 1 1 1
   1639   20   13   24 1 1 1
   1640   20   13   25 2 2 2
   1641   20   13   26 4 4 4
   1642   20   14   14 5 5 5
   1643   20   14   15 4 4 4
   1644   20   14   16 1 1 1
   1645   20   14   17 1 1 1
   1646   20   14   18 1 1 1
   1647   20   14   19 1 1 1
   1648   20   14   20 1 1 1
   1649   20   14   21 1 1 1
   1650   20   14   22 1 1 1
   1651   20   14   23 1 1 1
   1652   20   14   24 1 1 1
   1653   20   14   25 1 1 1
   1654   20   14   26 1 1 1
   1655   20   14   27 4 4 4
   1656   20   14   28 5 5 5
   1657   20   15   14 4 4 4
   1658   20   15   15 1 1 1
   1659   20   15   16 1 1 1
   1660   20   15   17 1 1 1
   1661   20   15   18 1 1 1
   1662   20   15   19 1 1 1
   1663   20   15   20 1 1 1
   1664   20   15   21 1 1 1
   1665   20   15   22 1 1 1
   1666   20   15   23 1 1 1
   1667   20   15   24 1 1 1
   1668   20   15   25 1 1 1
   1669   20   15   26 1 1 1
   1670   20   15   27 1 1 1
   1671   20   15   28 4 4 4
   1672   20   16   13 4 4 4
   1673   20   16   14 1 1 1
   1674   20   16   15 1 1 1
   1675   20   16   16 1 1 1
   1676   20   16   17 1 1 1
   1677   20   16   18 1 1 1
   1678   20   16   19 1 1 1
   1679   20   16   20 1 1 1
   1680   20   16   21 1 1 1
   1681   20   16   22 1 1 1
   1682   20   16   23 1 1 1
   1683   20   16   24 1 1 1
   1684   20   16   25 1 1 1
   1685   20   16   26 1 1 1
   1686   20   16   27 1 1 1
   1687   20   16   28 1 1 1
   1688   20   16   29 4 4 4
   1689   20   17   12 5 5 5
   1690   20   17   13 2 2 2
   1691   20   17   14 1 1 1
   1692   20   17   15 1 1 1
   1693   20   17   16 1 1 1
   1694   20   17   17 1 1 1
   1695   20   17   18 1 1 1
   1696   20   17   19 1 1 1
   1697   20   17   20 1 1 1
   1698   20   17   21 1 1 1
   1699   20   17   22 1 1 1
   1700   20   17   23 1 1 1
   1701   20   17   24 1 1 1
   1702   20   17   25 1 1 1
   1703   20   17   26 1 1 1
   1704   20   17   27 1 1 1
   1705   20   17   28 1 1 1
   1706   20   17   29 2 2 2
   1707   20   17   30 5 5 5
   1708   20   18   12 4 4 4
   1709   20   18   13 1 1 1
   1710   20   18   14 1 1 1
   1711   20   18   15 1 1 1
   1712   20   18   16 1 1 1
   1713   20   18   17 1 1 1
   1714   20   18   18 1 1 1
   1715   20   18   19 1 1 1
   1716   20   18   20 1 1 1
   1717   20   18   21 1 1 1
   1718   20   18   22 1 1 1
   1719   20   18   23 1 1 1
   1720   20   18   24 1 1 1
   1721   20   18   25 1 1 1
   1722   20   18   26 1 1 1
   1723   20   18   27 1 1 1
   1724   20   18   28 1 1 1
   1725   20   18   29 1 1 1
   1726   20   18   30 4 4 4
   1727   20   19   12 4 4 4
   1728   20   19   13 1 1 1
   1729   20   19   14 1 1 1
   1730   20   19   15 1 1 1
   1731   20   19   16 1 1 1
   1732   20   19   17 1 1 1
   1733   20   19   18 1 1 1
   1734   20   19   19 1 1 1
   1735   20   19   20 1 1 1
   1736   20   19   21 1 1 1
   1737   20   19   22 1 1 1
   1738   20   19   23 1 1 1
   1739   20   19   24 1 1 1
   1740   20   19   25 1 1 1
   1741   20   19   26 1 1 1
   1742   20   19   27 1 1 1
   1743   20   19   28 1 1 1
   1744   20   19   29 1 1 1
   1745   20   19   30 4 4 4
   1746   20   20   12 3 3 3
   1747   20   20   13 1 1 1
   1748   20   20   14 1 1 1
   1749   20   20   15 1 1 1
   1750   20   20   16 1 1 1
   1751   20   20   17 1 1 1
   1752   20   20   18 1 1 1
   1753   20   20   19 1 1 1
   1754   20   20   20 1 1 1
   1755   20   20   21 1 1 1
   1756   20   20   22 1 1 1
   1757   20   20   23 1 1 1
   1758   20   20   24 1 1 1
   1759   20   20   25 1 1 1
   1760   20   20   26 1 1 1
   1761   20   20   27 1 1 1
   1762   20   20   28 1 1 1
   1763   20   20   29 1 1 1
   1764   20   20   30 3 3 3
   1765   20   21   12 3 3 3
   1766   20   21   13 1 1 1
   1767   20   21   14 1 1 1
   1768   20   21   15 1 1 1
   1769   20   21   16 1 1 1
   1770   20   21   17 1 1 1
   1771   20   21   18 1 1 1
   1772   20   21   19 1 1 1
   1773   20   21   20 1 1 1
   1774   20   21   21 1 1 1
   1775   20   21   22 1 1 1
   1776   20   21   23 1 1 1
   1777   20   21   24 1 1 1
   1778   20   21   25 1 1 1
   1779   20   21   26 1 1 1
   1780   20   21   27 1 1 1
   1781   20   21   28 1 1 1
   1782   20   21   29 1 1 1
   1783   20   21   30 3 3 3
   1784   20   22   12 3 3 3
   1785   20   22   13 1 1 1
   1786   20   22   14 1 1 1
   1787   20   22   15 1 1 1
   1788   20   22   16 1 1 1
   1789   20   22   17 1 1 1
   1790   20   22   18 1 1 1
   1791   20   22   19 1 1 1
   1792   20   22   20 1 1 1
   1793   20   22   21 1 1 1
   1794   20   22   22 1 1 1
   1795   20   22   23 1 1 1
   1796   20   22   24 1 1 1
   1797   20   22   25 1 1 1
   1798   20   22   26 1 1 1
   1799   20   22   27 1 1 1
   1800   20   22   28 1 1 1
   1801   20   22   29 1 1 1
   1802   20   22   30 3 3 3
   1803   20   23   12 4 4 4
   1804   20   23   13 1 1 1
   1805   20   23   14 1 1 1
   1806   20   23   15 1 1 1
   1807   20   23   16 1 1 1
   1808   20   23   17 1 1 1
   1809   20   23   18 1 1 1
   1810   20   23   19 1 1 1
   1811   20   23   20 1 1 1
   1812   20   23   21 1 1 1
   1813   20   23   22 1 1 1
   1814   20   23   23 1 1 1
   1815   20   23   24 1 1 1
   1816   20   23   25 1 1 1
   1817   20   23   26 1 1 1
   1818   20   23   27 1 1 1
   1819   20   23   28 1 1 1
   1820   20   23   29 1 1 1
   1821   20   23   30 4 4 4
   1822   20   24   12 4 4 4
   1823   20   24   13 1 1 1
   1824   20   24   14 1 1 1
   1825   20   24   15 1 1 1
   1826   20   24   16 1 1 1
   1827   20   24   17 1 1 1
   1828   20   24   18 1 1 1
   1829   20   24   19 1 1 1
   1830   20   24   20 1 1 1
   1831   20   24   21 1 1 1
   1832   20   24   22 1 1 1
   1833   20   24   23 1 1 1
   1834   20   24   24 1 1 1
   1835   20   24   25 1 1 1
   1836   20   24   26 1 1 1
   1837   20   24   27 1 1 1
   1838   20   24   28 1 1 1
   1839   20   24   29 1 1 1
   1840   20   24   30 4 4 4
   1841   20   25   12 5 5 5
   1842   20   25   13 2 2 2
   1843   20   25   14 1 1 1
   1844   20   25   15 1 1 1
   1845   20   25   16 1 1 1
   1846   20   25   17 1 1 1
   1847   20   25   18 1 1 1
   1848   20   25   19 1 1 1
   1849   20   25   20 1 1 1
   1850   20   25   21 1 1 1
   1851   20   25   22 1 1 1
   1852   20   25   23 1 1 1
   1853   20   25   24 1 1 1
   1854   20   25   25 1 1 1
   1855   20   25   26 1 1 1
   1856   20   25   27 1 1 1
   1857   20   25   28 1 1 1
   1858   20   25   29 2 2 2
   1859   20   25   30 5 5 5
   1860   20   26   13 4 4 4
   1861   20   26   14 1 1 1
   1862   20   26   15 1 1 1
   1863   20   26   16 1 1 1
   1864   20   26   17 1 1 1
   1865   20   26   18 1 1 1
   1866   20   26   19 1 1 1
   1867   20   26   20 1 1 1
   1868   20   26   21 1 1 1
   1869   20   26   22 1 1 1
   1870   20   26   23 1 1 1
   1871   20   26   24 1 1 1
   1872   20   26   25 1 1 1
   1873   20   26   26 1 1 1
   1874   20   26   27 1 1 1
   1875   20   26   28 1 1 1
   1876   20   26   29 4 4 4
   1877   20   27   14 4 4 4
   1878   20   27   15 1 1 1
   1879   20   27   16 1 1 1
   1880   20   27   17 1 1 1
   1881   20   27   18 1 1 1
   1882   20   27   19 1 1 1
   1883   20   27   20 1 1 1
   1884   20   27   21 1 1 1
   1885   20   27   22 1 1 1
   1886   20   27   23 1 1 1
   1887   20   27   24 1 1 1
   1888   20   27   25 1 1 1
   1889   20   27   26 1 1 1
   1890   20   27   27 1 1 1
   1891   20   27   28 4 4 4
   1892   20   28   14 5 5 5
   1893   20   28   15 4 4 4
   1894   20   28   16 1 1 1
   1895   20   28   17 1 1 1
   1896   20   28   18 1 1 1
   1897   20   28   19 1 1 1
   1898   20   28   20 1 1 1
   1899   20   28   21 1 1 1
   1900   20   28   22 1 1 1
   1901   20   28   23 1 1 1
   1902   20   28   24 1 1 1
   1903   20   28   25 1 1 1
   1904   20   28   26 1 1 1
   1905   20   28   27 4 4 4
   1906   20   28   28 5 5 5
   1907   20   29   16 4 4 4
   1908   20   29   17 2 2 2
   1909   20   29   18 1 1 1
   1910   20   29   19 1 1 1
   1911   20   29   20 1 1 1
   1912   20   29   21 1 1 1
   1913   20   29   22 1 1 1
   1914   20   29   23 1 1 1
   1915   20   29   24 1 1 1
   1916   20   29   25 2 2 2
   1917   20   29   26 4 4 4
   1918   20   30   17 5 5 5
   1919   20   30   18 4 4 4
   1920   20   30   19 4 4 4
   1921   20   30   20 3 3 3
   1922   20   30   21 3 3 3
   1923   20   30   22 3 3 3
   1924   20   30   23 4 4 4
   1925   20   30   24 4 4 4
   1926   20   30   25 5 5 5
   1927   21   11   21 5 5 5
   1928   21   12   17 5 5 5
   1929   21   12   18 4 4 4
   1930   21   12   19 3 3 3
   1931   21   12   20 3 3 3
   1932   21   12   21 3 3 3
   1933   21   12   22 3 3 3
   1934   21   12   23 3 3 3
   1935   21   12   24 4 4 4
   1936   21   12   25 5 5 5
   1937   21   13   15 5 5 5
   1938   21   13   16 4 4 4
   1939   21   13   17 2 2 2
   1940   21   13   18 1 1 1
   1941   21   13   19 1 1 1
   1942   21   13   20 1 1 1
   1943   21   13   21 1 1 1
   1944   21   13   22 1 1 1
   1945   21   13   23 1 1 1
   1946   21   13   24 1 1 1
   1947   21   13   25 2 2 2
   1948   21   13   26 4 4 4
   1949   21   13   27 5 5 5
   1950   21   14   14 5 5 5
   1951   21   14   15 3 3 3
   1952   21   14   16 1 1 1
   1953   21   14   17 1 1 1
   1954   21   14   18 1 1 1
   1955   21   14   19 1 1 1
   1956   21   14   20 1 1 1
   1957   21   14   21 1 1 1
   1958   21   14   22 1 1 1
   1959   21   14   23 1 1 1
   1960   21   14   24 1 1 1
   1961   21   14   25 1 1 1
   1962   21   14   26 1 1 1
   1963   21   14   27 3 3 3
   1964   21   14   28 5 5 5
   1965   21   15   13 5 5 5
   1966   21   15   14 3 3 3
   1967   21   15   15 1 1 1
   1968   21   15   16 1 1 1
   1969   21   15   17 1 1 1
   1970   21   15   18 1 1 1
   1971   21   15   19 1 1 1
   1972   21   15   20 1 1 1
   1973   21   15   21 1 1 1
   1974   21   15   22 1 1 1
   1975   21   15   23 1 1 1
   1976   21   15   24 1 1 1
   1977   21   15   25 1 1 1
   1978   21   15   26 1 1 1
   1979   21   15   27 1 1 1
   1980   21   15   28 3 3 3
   1981   21   15   29 5 5 5
   1982   21   16   13 4 4 4
   1983   21   16   14 1 1 1
   1984   21   16   15 1 1 1
   1985   21   16   16 1 1 1
   1986   21   16   17 1 1 1
   1987   21   16   18 1 1 1
   1988   21   16   19 1 1 1
   1989   21   16   20 1 1 1
   1990   21   16   21 1 1 1
   1991   21   16   22 1 1 1
   1992   21   16   23 1 1 1
   1993   21   16   24 1 1 1
   1994   21   16   25 1 1 1
   1995   21   16   26 1 1 1
   1996   21   16   27 1 1 1
   1997   21   16   28 1 1 1
   1998   21   16   29 4 4 4
   1999   21   17   12 5 5 5
   2000   21   17   13 2 2 2
   2001   21   17   14 1 1 1
   2002   21   17   15 1 1 1
   2003   21   17   16 1 1 1
   2004   21   17   17 1 1 1
   2005   21   17   18 1 1 1
   2006   21   17   19 1 1 1
   2007   21   17   20 1 1 1
   2008   21   17   21 1 1 1
   2009   21   17   22 1 1 1
   2010   21   17   23 1 1 1
   2011   21   17   24 1 1 1
   2012   21   17   25 1 1 1
   2013   21   17   26 1 1 1
   2014   21   17   27 1 1 1
   2015   21   17   28 1 1 1
   2016   21   17   29 2 2 2
   2017   21   17   30 5 5 5
   2018   21   18   12 4 4 4
   2019   21   18   13 1 1 1
   2020   21   18   14 1 1 1
   2021   21   18   15 1 1 1
   2022   21   18   16 1 1 1
   2023   21   18   17 1 1 1
   2024   21   18   18 1 1 1
   2025   21   18   19 1 1 1
   2026   21   18   20 1 1 1
   2027   21   18   21 1 1 1
   2028   21   18   22 1 1 1
   2029   21   18   23 1 1 1
   2030   21   18   24 1 1 1
   2031   21   18   25 1 1 1
   2032   21   18   26 1 1 1
   2033   21   18   27 1 1 1
   2034   21   18   28 1 1 1
   2035   21   18   29 1 1 1
   2036   21   18   30 4 4 4
   2037   21   19   12 3 3 3
   2038   21   19   13 1 1 1
   2039   21   19   14 1 1 1
   2040   21   19   15 1 1 1
   2041   21   19   16 1 1 1
   2042   21   19   17 1 1 1
   2043   21   19   18 1 1 1
   2044   21   19   19 1 1 1
   2045   21   19   20 1 1 1
   2046   21   19   21 1 1 1
   2047   21   19   22 1 1 1
   2048   21   19   23 1 1 1
   2049   21   19   24 1 1 1
   2050   21   19   25 1 1 1
   2051   21   19   26 1 1 1
   2052   21   19   27 1 1 1
   2053   21   19   28 1 1 1
   2054   21   19   29 1 1 1
   2055   21   19   30 3 3 3
   2056   21   20   12 3 3 3
   2057   21   20   13 1 1 1
   2058   21   20   14 1 1 1
   2059   21   20   15 1 1 1
   2060   21   20   16 1 1 1
   2061   21   20   17 1 1 1
   2062   21   20   18 1 1 1
   2063   21   20   19 1 1 1
   2064   21   20   20 1 1 1
   2065   21   20   21 1 1 1
   2066   21   20   22 1 1 1
   2067   21   20   23 1 1 1
   2068   21   20   24 1 1 1
   2069   21   20   25 1 1 1
   2070   21   20   26 1 1 1
   2071   21   20   27 1 1 1
   2072   21   20   28 1 1 1
   2073   21   20   29 1 1 1
   2074   21   20   30 3 3 3
   2075   21   21   11 5 5 5
   2076   21   21   12 3 3 3
   2077   21   21   13 1 1 1
   2078   21   21   14 1 1 1
   2079   21   21   15 1 1 1
   2080   21   21   16 1 1 1
   2081   21   21   17 1 1 1
   2082   21   21   18 1 1 1
   2083   21   21   19 1 1 1
   2084   21   21   20 1 1 1
   2085   21   21   21 1 1 1
   2086   21   21   22 1 1 1
   2087   21   21   23 1 1 1
   2088   21   21   24 1 1 1
   2089   21   21   25 1 1 1
   2090   21   21   26 1 1 1
   2091   21   21   27 1 1 1
   2092   21   21   28 1 1 1
   2093   21   21   29 1 1 1
   2094   21   21   30 3 3 3
   2095   21   21   31 5 5 5
   2096   21   22   12 3 3 3
   2097   21   22   13 1 1 1
   2098   21   22   14 1 1 1
   2099   21   22   15 1 1 1
   2100   21   22   16 1 1 1
   2101   21   22   17 1 1 1
   2102   21   22   18 1 1 1
   2103   21   22   19 1 1 1
   2104   21   22   20 1 1 1
   2105   21   22   21 1 1 1
   2106   21   22   22 1 1 1
   2107   21   22   23 1 1 1
   2108   2